\BOOKMARK [0][-]{Table of contents.0}{Table of contents}{}% 1
\BOOKMARK [0][-]{chapter.1}{1 General information}{}% 2
\BOOKMARK [0][-]{chapter.2}{2 List of commands}{}% 3
\BOOKMARK [1][-]{section.2.1}{2.1 Benchmark}{chapter.2}% 4
\BOOKMARK [1][-]{section.2.2}{2.2 BuildCLIReference}{chapter.2}% 5
\BOOKMARK [1][-]{section.2.3}{2.3 BuildElementGroupImages}{chapter.2}% 6
\BOOKMARK [1][-]{section.2.4}{2.4 BuildLaTeXReference}{chapter.2}% 7
\BOOKMARK [1][-]{section.2.5}{2.5 Filter}{chapter.2}% 8
\BOOKMARK [1][-]{section.2.6}{2.6 GC}{chapter.2}% 9
\BOOKMARK [1][-]{section.2.7}{2.7 Help}{chapter.2}% 10
\BOOKMARK [1][-]{section.2.8}{2.8 Optimizer}{chapter.2}% 11
\BOOKMARK [1][-]{section.2.9}{2.9 ParameterSeriesVarianceAnalysis}{chapter.2}% 12
\BOOKMARK [1][-]{section.2.10}{2.10 Parameterseries}{chapter.2}% 13
\BOOKMARK [1][-]{section.2.11}{2.11 ParameterseriesTable}{chapter.2}% 14
\BOOKMARK [1][-]{section.2.12}{2.12 Report}{chapter.2}% 15
\BOOKMARK [1][-]{section.2.13}{2.13 Reset}{chapter.2}% 16
\BOOKMARK [1][-]{section.2.14}{2.14 Server}{chapter.2}% 17
\BOOKMARK [1][-]{section.2.15}{2.15 ServerLimited}{chapter.2}% 18
\BOOKMARK [1][-]{section.2.16}{2.16 ServerWeb}{chapter.2}% 19
\BOOKMARK [1][-]{section.2.17}{2.17 SetMaxThreads}{chapter.2}% 20
\BOOKMARK [1][-]{section.2.18}{2.18 SetNUMAMode}{chapter.2}% 21
\BOOKMARK [1][-]{section.2.19}{2.19 Simulation}{chapter.2}% 22
\BOOKMARK [1][-]{section.2.20}{2.20 Version}{chapter.2}% 23
