\BOOKMARK [0][-]{Inhaltsverzeichnis.0}{Inhaltsverzeichnis}{}% 1
\BOOKMARK [0][-]{chapter.1}{1 Rechenbefehle und Scripting im Warteschlangensimulator}{}% 2
\BOOKMARK [1][-]{section.1.1}{1.1 Ausdr\374cke erstellen}{chapter.1}% 3
\BOOKMARK [-1][-]{part.1}{I Referenz der Rechenbefehle}{}% 4
\BOOKMARK [0][-]{chapter.2}{2 Konstanten}{part.1}% 5
\BOOKMARK [0][-]{chapter.3}{3 Variablen}{part.1}% 6
\BOOKMARK [0][-]{chapter.4}{4 Grundrechenarten}{part.1}% 7
\BOOKMARK [0][-]{chapter.5}{5 Nachgestellte Anweisungen}{part.1}% 8
\BOOKMARK [0][-]{chapter.6}{6 Allgemeine Funktionen}{part.1}% 9
\BOOKMARK [1][-]{section.6.1}{6.1 Zufallszahlen}{chapter.6}% 10
\BOOKMARK [0][-]{chapter.7}{7 Winkelfunktionen}{part.1}% 11
\BOOKMARK [1][-]{section.7.1}{7.1 Elementare Winkelfunktionen}{chapter.7}% 12
\BOOKMARK [1][-]{section.7.2}{7.2 Hyperbolische Winkelfunktionen}{chapter.7}% 13
\BOOKMARK [1][-]{section.7.3}{7.3 Umkehrfunktionen der elementaren Winkelfunktionen}{chapter.7}% 14
\BOOKMARK [1][-]{section.7.4}{7.4 Umkehrfunktionen der hyperbolischen Winkelfunktionen}{chapter.7}% 15
\BOOKMARK [0][-]{chapter.8}{8 Funktionen mit mehreren Parametern}{part.1}% 16
\BOOKMARK [0][-]{chapter.9}{9 Wahrscheinlichkeitsverteilungen}{part.1}% 17
\BOOKMARK [1][-]{section.9.1}{9.1 Hypergeometrische Verteilung Hg\(N,K,n\)}{chapter.9}% 18
\BOOKMARK [1][-]{section.9.2}{9.2 Binomial-Verteilung B\(n,p\)}{chapter.9}% 19
\BOOKMARK [1][-]{section.9.3}{9.3 Poisson-Verteilung P\(l\)}{chapter.9}% 20
\BOOKMARK [1][-]{section.9.4}{9.4 Exponentialverteilung mit Mittelwert a}{chapter.9}% 21
\BOOKMARK [1][-]{section.9.5}{9.5 Gleichverteilung \374ber das Intervall [a;b]}{chapter.9}% 22
\BOOKMARK [1][-]{section.9.6}{9.6 Normalverteilung mit Mittelwert a und Standardabweichung b}{chapter.9}% 23
\BOOKMARK [1][-]{section.9.7}{9.7 Lognormalverteilung mit Mittelwert a und Standardabweichung b}{chapter.9}% 24
\BOOKMARK [1][-]{section.9.8}{9.8 Gamma-Verteilung mit Parametern a und b}{chapter.9}% 25
\BOOKMARK [1][-]{section.9.9}{9.9 Gamma-Verteilung mit Mittelwert a und Standardabweichung b}{chapter.9}% 26
\BOOKMARK [1][-]{section.9.10}{9.10 Erlang-Verteilung mit Parametern n und l}{chapter.9}% 27
\BOOKMARK [1][-]{section.9.11}{9.11 Beta-Verteilung in dem Intervall [a;b] und mit Parametern c und d}{chapter.9}% 28
\BOOKMARK [1][-]{section.9.12}{9.12 Beta-Verteilung in dem Intervall [a;b] und mit Mittelwert c und Standardabweichung d}{chapter.9}% 29
\BOOKMARK [1][-]{section.9.13}{9.13 Weibull-Verteilung mit Parametern Scale=a und Form=b}{chapter.9}% 30
\BOOKMARK [1][-]{section.9.14}{9.14 Cauchy-Verteilung mit Mittelwert a und Scale=b}{chapter.9}% 31
\BOOKMARK [1][-]{section.9.15}{9.15 Chi2-Verteilung mit n Freiheitsgraden}{chapter.9}% 32
\BOOKMARK [1][-]{section.9.16}{9.16 Chi-Verteilung mit n Freiheitsgraden}{chapter.9}% 33
\BOOKMARK [1][-]{section.9.17}{9.17 F-Verteilung mit a Freiheitsgraden im Z\344hler und b Freiheitsgraden im Nenner}{chapter.9}% 34
\BOOKMARK [1][-]{section.9.18}{9.18 Johnson-SU-Verteilung mit den Parametern a, b, c und d}{chapter.9}% 35
\BOOKMARK [1][-]{section.9.19}{9.19 Dreiecksverteilung \374ber [a;c] mit der h\366chsten Wahrscheinlichkeitsdichte bei b}{chapter.9}% 36
\BOOKMARK [1][-]{section.9.20}{9.20 Pert-Verteilung \374ber [a;c] mit der h\366chsten Wahrscheinlichkeitsdichte bei b}{chapter.9}% 37
\BOOKMARK [1][-]{section.9.21}{9.21 Laplace-Verteilung mit Mittelwert mu und Skalierungsfaktor b}{chapter.9}% 38
\BOOKMARK [1][-]{section.9.22}{9.22 Pareto-Verteilung mit Skalierungsparameter xmin und Formparameter a}{chapter.9}% 39
\BOOKMARK [1][-]{section.9.23}{9.23 Logistische Verteilung mit Mittelwert mu und Skalierungsparameter s}{chapter.9}% 40
\BOOKMARK [1][-]{section.9.24}{9.24 Inverse Gau\337-Verteilung mit l und Mittelwert mu}{chapter.9}% 41
\BOOKMARK [1][-]{section.9.25}{9.25 Rayleigh-Verteilung mit Mittelwert mu}{chapter.9}% 42
\BOOKMARK [1][-]{section.9.26}{9.26 Log-Logistische Verteilung mit alpha und Mittelwert beta}{chapter.9}% 43
\BOOKMARK [1][-]{section.9.27}{9.27 Potenzverteilung auf dem Bereich [a;b] mit Exponent c}{chapter.9}% 44
\BOOKMARK [1][-]{section.9.28}{9.28 Gumbel-Verteilung mit Erwartungswert a und Standardabweichung b}{chapter.9}% 45
\BOOKMARK [1][-]{section.9.29}{9.29 Fatigue-Life-Verteilung mit Lageparameter mu, Skalierungsparameter beta und Formparameter gamma}{chapter.9}% 46
\BOOKMARK [1][-]{section.9.30}{9.30 Frechet-Verteilung mit Lageparameter delta, Skalierungsparameter beta und Formparameter alpha}{chapter.9}% 47
\BOOKMARK [1][-]{section.9.31}{9.31 Hyperbolische Sekanten-Verteilung mit Mittelwert a und Standardabweichung b}{chapter.9}% 48
\BOOKMARK [1][-]{section.9.32}{9.32 Linke S\344gezahnverteilung \374ber [a;b]}{chapter.9}% 49
\BOOKMARK [1][-]{section.9.33}{9.33 Linke S\344gezahnverteilung \374ber mit Erwartungswert a und Standardabweichung b}{chapter.9}% 50
\BOOKMARK [1][-]{section.9.34}{9.34 Rechte S\344gezahnverteilung \374ber [a;b]}{chapter.9}% 51
\BOOKMARK [1][-]{section.9.35}{9.35 Rechte S\344gezahnverteilung \374ber mit Erwartungswert a und Standardabweichung b}{chapter.9}% 52
\BOOKMARK [1][-]{section.9.36}{9.36 Verteilung aus empirischen Daten}{chapter.9}% 53
\BOOKMARK [0][-]{chapter.10}{10 Erlang-C-Rechner}{part.1}% 54
\BOOKMARK [0][-]{chapter.11}{11 Allen-Cunneen-Approximationsformel}{part.1}% 55
\BOOKMARK [0][-]{chapter.12}{12 Zugriff auf die Modelleigenschaften}{part.1}% 56
\BOOKMARK [1][-]{section.12.1}{12.1 Allgemeine Simulationsdaten}{chapter.12}% 57
\BOOKMARK [1][-]{section.12.2}{12.2 Kunden im System}{chapter.12}% 58
\BOOKMARK [2][-]{subsection.12.2.1}{12.2.1 Anzahl an Kunden im System}{section.12.2}% 59
\BOOKMARK [2][-]{subsection.12.2.2}{12.2.2 Anzahl an wartenden Kunden im System}{section.12.2}% 60
\BOOKMARK [1][-]{section.12.3}{12.3 Kunden an den Stationen}{chapter.12}% 61
\BOOKMARK [2][-]{subsection.12.3.1}{12.3.1 Anzahl an Kunden an einer Station}{section.12.3}% 62
\BOOKMARK [2][-]{subsection.12.3.2}{12.3.2 Anzahl an Kunden in der Warteschlange an einer Station}{section.12.3}% 63
\BOOKMARK [2][-]{subsection.12.3.3}{12.3.3 Anzahl an Kunden in Bedienung an einer Station}{section.12.3}% 64
\BOOKMARK [2][-]{subsection.12.3.4}{12.3.4 Anzahl an Ank\374nften und Abh\344ngen an einer Station}{section.12.3}% 65
\BOOKMARK [1][-]{section.12.4}{12.4 Kunden nach Kundentypen}{chapter.12}% 66
\BOOKMARK [2][-]{subsection.12.4.1}{12.4.1 Anzahl an Kunden im System nach Kundentypen}{section.12.4}% 67
\BOOKMARK [2][-]{subsection.12.4.2}{12.4.2 Anzahl an wartenden Kunden im System nach Kundentypen}{section.12.4}% 68
\BOOKMARK [1][-]{section.12.5}{12.5 Z\344hler und Durchsatz}{chapter.12}% 69
\BOOKMARK [1][-]{section.12.6}{12.6 Wartezeiten}{chapter.12}% 70
\BOOKMARK [2][-]{subsection.12.6.1}{12.6.1 Wartezeiten an einer Station}{section.12.6}% 71
\BOOKMARK [2][-]{subsection.12.6.2}{12.6.2 Wartezeiten \374ber alle Kundentypen}{section.12.6}% 72
\BOOKMARK [2][-]{subsection.12.6.3}{12.6.3 Wartezeiten f\374r einen Kundentypen}{section.12.6}% 73
\BOOKMARK [1][-]{section.12.7}{12.7 Transferzeiten}{chapter.12}% 74
\BOOKMARK [2][-]{subsection.12.7.1}{12.7.1 Transferzeiten an einer Station}{section.12.7}% 75
\BOOKMARK [2][-]{subsection.12.7.2}{12.7.2 Transferzeiten \374ber alle Kundentypen}{section.12.7}% 76
\BOOKMARK [2][-]{subsection.12.7.3}{12.7.3 Transferzeiten f\374r einen Kundentypen}{section.12.7}% 77
\BOOKMARK [1][-]{section.12.8}{12.8 Bedienzeiten}{chapter.12}% 78
\BOOKMARK [2][-]{subsection.12.8.1}{12.8.1 Bedienzeiten an einer Station}{section.12.8}% 79
\BOOKMARK [2][-]{subsection.12.8.2}{12.8.2 Bedienzeiten \374ber alle Kundentypen}{section.12.8}% 80
\BOOKMARK [2][-]{subsection.12.8.3}{12.8.3 Bedienzeiten f\374r einen Kundentypen}{section.12.8}% 81
\BOOKMARK [1][-]{section.12.9}{12.9 Verweilzeiten}{chapter.12}% 82
\BOOKMARK [2][-]{subsection.12.9.1}{12.9.1 Verweilzeiten an einer Station}{section.12.9}% 83
\BOOKMARK [2][-]{subsection.12.9.2}{12.9.2 Verweilzeiten \374ber alle Kundentypen}{section.12.9}% 84
\BOOKMARK [2][-]{subsection.12.9.3}{12.9.3 Verweilzeiten f\374r einen Kundentypen}{section.12.9}% 85
\BOOKMARK [1][-]{section.12.10}{12.10 Auslastung der Ressourcen}{chapter.12}% 86
\BOOKMARK [2][-]{subsection.12.10.1}{12.10.1 Auslastung einer Ressource}{section.12.10}% 87
\BOOKMARK [2][-]{subsection.12.10.2}{12.10.2 Auslastung aller Ressourcen zusammen}{section.12.10}% 88
\BOOKMARK [1][-]{section.12.11}{12.11 Auslastung der Transporter}{chapter.12}% 89
\BOOKMARK [2][-]{subsection.12.11.1}{12.11.1 Auslastung einer Transportergruppe}{section.12.11}% 90
\BOOKMARK [2][-]{subsection.12.11.2}{12.11.2 Auslastung aller Transporter zusammen}{section.12.11}% 91
\BOOKMARK [1][-]{section.12.12}{12.12 Zugriff auf Statistik-Stationen Datenfelder}{chapter.12}% 92
\BOOKMARK [1][-]{section.12.13}{12.13 Zugriff auf Analogwerte}{chapter.12}% 93
\BOOKMARK [1][-]{section.12.14}{12.14 Zugriff auf Kundenobjekt-spezifische Datenfelder}{chapter.12}% 94
\BOOKMARK [1][-]{section.12.15}{12.15 Zugriff auf die Kosten}{chapter.12}% 95
\BOOKMARK [0][-]{chapter.13}{13 Vergleiche}{part.1}% 96
\BOOKMARK [1][-]{section.13.1}{13.1 Vergleichsfunktion}{chapter.13}% 97
\BOOKMARK [-1][-]{part.2}{II Referenz der Javascript-Befehle}{}% 98
\BOOKMARK [0][-]{chapter.14}{14 Statistics-Objekt}{part.2}% 99
\BOOKMARK [1][-]{section.14.1}{14.1 Definition des Ausgabeformats}{chapter.14}% 100
\BOOKMARK [1][-]{section.14.2}{14.2 Zugriff auf die Statistik-XML-Daten}{chapter.14}% 101
\BOOKMARK [1][-]{section.14.3}{14.3 Speichern der Statistikdaten in Dateien}{chapter.14}% 102
\BOOKMARK [1][-]{section.14.4}{14.4 Zugriff auf das Modell}{chapter.14}% 103
\BOOKMARK [1][-]{section.14.5}{14.5 Abfrage der zugeh\366rigen Statistikdatei}{chapter.14}% 104
\BOOKMARK [0][-]{chapter.15}{15 System-Objekt}{part.2}% 105
\BOOKMARK [0][-]{chapter.16}{16 Simulation-Objekt}{part.2}% 106
\BOOKMARK [1][-]{section.16.1}{16.1 Basisfunktionen}{chapter.16}% 107
\BOOKMARK [1][-]{section.16.2}{16.2 Zugriff auf kundenspezifische Daten}{chapter.16}% 108
\BOOKMARK [1][-]{section.16.3}{16.3 Tempor\344re Batche}{chapter.16}% 109
\BOOKMARK [1][-]{section.16.4}{16.4 Zugriff auf Parameter des Simulationsmodells}{chapter.16}% 110
\BOOKMARK [1][-]{section.16.5}{16.5 Zugriff auf den aktuellen Eingabewert}{chapter.16}% 111
\BOOKMARK [1][-]{section.16.6}{16.6 Anzahl an Bedienern in einer Ressource}{chapter.16}% 112
\BOOKMARK [1][-]{section.16.7}{16.7 Signale ausl\366sen}{chapter.16}% 113
\BOOKMARK [1][-]{section.16.8}{16.8 Meldung in Logging ausgeben}{chapter.16}% 114
\BOOKMARK [1][-]{section.16.9}{16.9 Kunden an Verz\366gerungen-Stationen freigeben}{chapter.16}% 115
\BOOKMARK [0][-]{chapter.17}{17 Clients-Objekt}{part.2}% 116
\BOOKMARK [0][-]{chapter.18}{18 Output-Objekt}{part.2}% 117
\BOOKMARK [0][-]{chapter.19}{19 FileOutput-Objekt}{part.2}% 118
\BOOKMARK [0][-]{chapter.20}{20 Model-Objekt}{part.2}% 119
\BOOKMARK [0][-]{chapter.21}{21 XML-Auswahlbefehle}{part.2}% 120
\BOOKMARK [-1][-]{part.3}{III Referenz der Java-Befehle}{}% 121
\BOOKMARK [0][-]{chapter.22}{22 StatisticsInterface abrufbar \374ber sim.getStatistics\(\)}{part.3}% 122
\BOOKMARK [1][-]{section.22.1}{22.1 Definition des Ausgabeformats}{chapter.22}% 123
\BOOKMARK [1][-]{section.22.2}{22.2 Zugriff auf die Statistik-XML-Daten}{chapter.22}% 124
\BOOKMARK [1][-]{section.22.3}{22.3 Speichern der Statistikdaten in Dateien}{chapter.22}% 125
\BOOKMARK [1][-]{section.22.4}{22.4 Zugriff auf das Modell}{chapter.22}% 126
\BOOKMARK [1][-]{section.22.5}{22.5 Abfrage der zugeh\366rigen Statistikdatei}{chapter.22}% 127
\BOOKMARK [0][-]{chapter.23}{23 RuntimeInterface abrufbar \374ber sim.getRuntime}{part.3}% 128
\BOOKMARK [0][-]{chapter.24}{24 SystemInterface abrufbar \374ber sim.getSystem\(\)}{part.3}% 129
\BOOKMARK [1][-]{section.24.1}{24.1 Basisfunktionen}{chapter.24}% 130
\BOOKMARK [1][-]{section.24.2}{24.2 Zugriff auf Parameter des Simulationsmodells}{chapter.24}% 131
\BOOKMARK [1][-]{section.24.3}{24.3 Anzahl an Bedienern in einer Ressource}{chapter.24}% 132
\BOOKMARK [1][-]{section.24.4}{24.4 Signale ausl\366sen}{chapter.24}% 133
\BOOKMARK [1][-]{section.24.5}{24.5 Externen Code aufrufen}{chapter.24}% 134
\BOOKMARK [1][-]{section.24.6}{24.6 Meldung in Logging ausgeben}{chapter.24}% 135
\BOOKMARK [1][-]{section.24.7}{24.7 Kunden an Verz\366gerungen-Stationen freigeben}{chapter.24}% 136
\BOOKMARK [0][-]{chapter.25}{25 ClientInterface abrufbar \374ber sim.getClient\(\)}{part.3}% 137
\BOOKMARK [1][-]{section.25.1}{25.1 Tempor\344re Batche}{chapter.25}% 138
\BOOKMARK [0][-]{chapter.26}{26 InputValueInterface abrufbar \374ber sim.getInputValue\(\)}{part.3}% 139
\BOOKMARK [0][-]{chapter.27}{27 ClientsInterface abrufbar \374ber sim.getClients\(\)}{part.3}% 140
\BOOKMARK [0][-]{chapter.28}{28 OutputInterface abrufbar \374ber sim.getOutput\(\)}{part.3}% 141
\BOOKMARK [0][-]{chapter.29}{29 FileOutputInterface abrufbar \374ber sim.getFileOutput\(\)}{part.3}% 142
\BOOKMARK [0][-]{chapter.30}{30 ModelInterface abrufbar \374ber sim.getModel\(\)}{part.3}% 143
\BOOKMARK [0][-]{chapter.31}{31 XML-Auswahlbefehle}{part.3}% 144
