\BOOKMARK [0][-]{Inhaltsverzeichnis.0}{Inhaltsverzeichnis}{}% 1
\BOOKMARK [0][-]{chapter.1}{1 Allgemeines}{}% 2
\BOOKMARK [0][-]{chapter.2}{2 Liste der Befehle}{}% 3
\BOOKMARK [1][-]{section.2.1}{2.1 Filter}{chapter.2}% 4
\BOOKMARK [1][-]{section.2.2}{2.2 Hilfe}{chapter.2}% 5
\BOOKMARK [1][-]{section.2.3}{2.3 Interaktiv}{chapter.2}% 6
\BOOKMARK [1][-]{section.2.4}{2.4 Optimierung}{chapter.2}% 7
\BOOKMARK [1][-]{section.2.5}{2.5 Parameterreihe}{chapter.2}% 8
\BOOKMARK [1][-]{section.2.6}{2.6 ParameterreiheTabelle}{chapter.2}% 9
\BOOKMARK [1][-]{section.2.7}{2.7 ParameterreiheVarianzanalyse}{chapter.2}% 10
\BOOKMARK [1][-]{section.2.8}{2.8 Server}{chapter.2}% 11
\BOOKMARK [1][-]{section.2.9}{2.9 ServerLimited}{chapter.2}% 12
\BOOKMARK [1][-]{section.2.10}{2.10 ServerMQTT}{chapter.2}% 13
\BOOKMARK [1][-]{section.2.11}{2.11 ServerMQTTFixed}{chapter.2}% 14
\BOOKMARK [1][-]{section.2.12}{2.12 ServerMQTTTest}{chapter.2}% 15
\BOOKMARK [1][-]{section.2.13}{2.13 ServerWeb}{chapter.2}% 16
\BOOKMARK [1][-]{section.2.14}{2.14 ServerWebFixed}{chapter.2}% 17
\BOOKMARK [1][-]{section.2.15}{2.15 Simulation}{chapter.2}% 18
\BOOKMARK [1][-]{section.2.16}{2.16 Verzeichnis}{chapter.2}% 19
\BOOKMARK [1][-]{section.2.17}{2.17 VerzeichnisFilter}{chapter.2}% 20
\BOOKMARK [1][-]{section.2.18}{2.18 Zusammenfassung}{chapter.2}% 21
