This is pdfTeX, Version 3.14159265-2.6-1.40.17 (MiKTeX 2.9.6210) (preloaded format=pdflatex 2017.2.2)  3 NOV 2021 08:26
entering extended mode
**./Warteschlangensimulator-Reference-en.tex
(Warteschlangensimulator-Reference-en.tex
LaTeX2e <2017/01/01> patch level 1
Babel <3.9r> and hyphenation patterns for 72 language(s) loaded.
("C:\Program Files (x86)\MiKTeX 2.9\tex\latex\amsmath\amsmath.sty"
Package: amsmath 2016/11/05 v2.16a AMS math features
\@mathmargin=\skip41

For additional information on amsmath, use the `?' option.
("C:\Program Files (x86)\MiKTeX 2.9\tex\latex\amsmath\amstext.sty"
Package: amstext 2000/06/29 v2.01 AMS text

("C:\Program Files (x86)\MiKTeX 2.9\tex\latex\amsmath\amsgen.sty"
File: amsgen.sty 1999/11/30 v2.0 generic functions
\@emptytoks=\toks14
\ex@=\dimen102
))
("C:\Program Files (x86)\MiKTeX 2.9\tex\latex\amsmath\amsbsy.sty"
Package: amsbsy 1999/11/29 v1.2d Bold Symbols
\pmbraise@=\dimen103
)
("C:\Program Files (x86)\MiKTeX 2.9\tex\latex\amsmath\amsopn.sty"
Package: amsopn 2016/03/08 v2.02 operator names
)
\inf@bad=\count79
LaTeX Info: Redefining \frac on input line 213.
\uproot@=\count80
\leftroot@=\count81
LaTeX Info: Redefining \overline on input line 375.
\classnum@=\count82
\DOTSCASE@=\count83
LaTeX Info: Redefining \ldots on input line 472.
LaTeX Info: Redefining \dots on input line 475.
LaTeX Info: Redefining \cdots on input line 596.
\Mathstrutbox@=\box26
\strutbox@=\box27
\big@size=\dimen104
LaTeX Font Info:    Redeclaring font encoding OML on input line 712.
LaTeX Font Info:    Redeclaring font encoding OMS on input line 713.
\macc@depth=\count84
\c@MaxMatrixCols=\count85
\dotsspace@=\muskip10
\c@parentequation=\count86
\dspbrk@lvl=\count87
\tag@help=\toks15
\row@=\count88
\column@=\count89
\maxfields@=\count90
\andhelp@=\toks16
\eqnshift@=\dimen105
\alignsep@=\dimen106
\tagshift@=\dimen107
\tagwidth@=\dimen108
\totwidth@=\dimen109
\lineht@=\dimen110
\@envbody=\toks17
\multlinegap=\skip42
\multlinetaggap=\skip43
\mathdisplay@stack=\toks18
LaTeX Info: Redefining \[ on input line 2817.
LaTeX Info: Redefining \] on input line 2818.
)
("C:\Program Files (x86)\MiKTeX 2.9\tex\latex\base\fix-cm.sty"
Package: fix-cm 2015/01/14 v1.1t fixes to LaTeX

("C:\Program Files (x86)\MiKTeX 2.9\tex\latex\base\ts1enc.def"
File: ts1enc.def 2001/06/05 v3.0e (jk/car/fm) Standard LaTeX file
)) (svmono.cls
Document Class: svmono 2009/12/17 v5.5 
Springer Verlag global LaTeX document class for monographs
Class Springer-SVMono Info: extra/valid Springer sub-package 
(Springer-SVMono)           not found in option list - using "global" style.
("C:\Program Files (x86)\MiKTeX 2.9\tex\latex\base\article.cls"
Document Class: article 2014/09/29 v1.4h Standard LaTeX document class
("C:\Program Files (x86)\MiKTeX 2.9\tex\latex\base\size10.clo"
File: size10.clo 2014/09/29 v1.4h Standard LaTeX file (size option)
)
\c@part=\count91
\c@section=\count92
\c@subsection=\count93
\c@subsubsection=\count94
\c@paragraph=\count95
\c@subparagraph=\count96
\c@figure=\count97
\c@table=\count98
\abovecaptionskip=\skip44
\belowcaptionskip=\skip45
\bibindent=\dimen111
)
\svparindent=\dimen112
\betweenumberspace=\dimen113
\headlineindent=\dimen114
\c@chapter=\count99
\mottowidth=\dimen115
\svitemindent=\dimen116
\verbatimindent=\dimen117
LaTeX Font Info:    Redeclaring math symbol \Gamma on input line 832.
LaTeX Font Info:    Redeclaring math symbol \Delta on input line 833.
LaTeX Font Info:    Redeclaring math symbol \Theta on input line 834.
LaTeX Font Info:    Redeclaring math symbol \Lambda on input line 835.
LaTeX Font Info:    Redeclaring math symbol \Xi on input line 836.
LaTeX Font Info:    Redeclaring math symbol \Pi on input line 837.
LaTeX Font Info:    Redeclaring math symbol \Sigma on input line 838.
LaTeX Font Info:    Redeclaring math symbol \Upsilon on input line 839.
LaTeX Font Info:    Redeclaring math symbol \Phi on input line 840.
LaTeX Font Info:    Redeclaring math symbol \Psi on input line 841.
LaTeX Font Info:    Redeclaring math symbol \Omega on input line 842.
LaTeX Font Info:    Redeclaring math symbol \varGamma on input line 844.
LaTeX Font Info:    Redeclaring math symbol \varDelta on input line 845.
LaTeX Font Info:    Redeclaring math symbol \varTheta on input line 846.
LaTeX Font Info:    Redeclaring math symbol \varLambda on input line 847.
LaTeX Font Info:    Redeclaring math symbol \varXi on input line 848.
LaTeX Font Info:    Redeclaring math symbol \varPi on input line 849.
LaTeX Font Info:    Redeclaring math symbol \varSigma on input line 850.
LaTeX Font Info:    Redeclaring math symbol \varUpsilon on input line 851.
LaTeX Font Info:    Redeclaring math symbol \varPhi on input line 852.
LaTeX Font Info:    Redeclaring math symbol \varPsi on input line 853.
LaTeX Font Info:    Redeclaring math symbol \varOmega on input line 854.
\tocchpnum=\dimen118
\tocsecnum=\dimen119
\tocsectotal=\dimen120
\tocsubsecnum=\dimen121
\tocsubsectotal=\dimen122
\tocsubsubsecnum=\dimen123
\tocsubsubsectotal=\dimen124
\tocparanum=\dimen125
\tocparatotal=\dimen126
\tocsubparanum=\dimen127
\foot@parindent=\dimen128
\spthmsep=\dimen129
\c@theorem=\count100
\c@case=\count101
\c@conjecture=\count102
\c@corollary=\count103
\c@definition=\count104
\c@example=\count105
\c@exercise=\count106
\c@lemma=\count107
\c@note=\count108
\c@problem=\count109
\c@property=\count110
\c@proposition=\count111
\c@question=\count112
\c@solution=\count113
\c@remark=\count114
\c@prob=\count115
\instindent=\dimen130
\figgap=\dimen131
\bildb@x=\box28
\figcapgap=\dimen132
\tabcapgap=\dimen133
\c@merk=\count116
LaTeX Info: Redefining \abstract on input line 1894.
) (Macros.tex
(C:\Users\Alexa\AppData\Roaming\MiKTeX\2.9\tex\latex\imakeidx\imakeidx.sty
Package: imakeidx 2016/10/15 v1.3e Package for typesetting indices in a synchro
nous mode

("C:\Program Files (x86)\MiKTeX 2.9\tex\latex\xkeyval\xkeyval.sty"
Package: xkeyval 2014/12/03 v2.7a package option processing (HA)

("C:\Program Files (x86)\MiKTeX 2.9\tex\generic\xkeyval\xkeyval.tex"
("C:\Program Files (x86)\MiKTeX 2.9\tex\generic\xkeyval\xkvutils.tex"
\XKV@toks=\toks19
\XKV@tempa@toks=\toks20

("C:\Program Files (x86)\MiKTeX 2.9\tex\generic\xkeyval\keyval.tex"))
\XKV@depth=\count117
File: xkeyval.tex 2014/12/03 v2.7a key=value parser (HA)
))
("C:\Program Files (x86)\MiKTeX 2.9\tex\generic\ifxetex\ifxetex.sty"
Package: ifxetex 2010/09/12 v0.6 Provides ifxetex conditional
)
("C:\Program Files (x86)\MiKTeX 2.9\tex\generic\oberdiek\ifluatex.sty"
Package: ifluatex 2016/05/16 v1.4 Provides the ifluatex switch (HO)
Package ifluatex Info: LuaTeX not detected.
)
("C:\Program Files (x86)\MiKTeX 2.9\tex\latex\tools\multicol.sty"
Package: multicol 2016/04/07 v1.8p multicolumn formatting (FMi)
\c@tracingmulticols=\count118
\mult@box=\box29
\multicol@leftmargin=\dimen134
\c@unbalance=\count119
\c@collectmore=\count120
\doublecol@number=\count121
\multicoltolerance=\count122
\multicolpretolerance=\count123
\full@width=\dimen135
\page@free=\dimen136
\premulticols=\dimen137
\postmulticols=\dimen138
\multicolsep=\skip46
\multicolbaselineskip=\skip47
\partial@page=\box30
\last@line=\box31
\maxbalancingoverflow=\dimen139
\mult@rightbox=\box32
\mult@grightbox=\box33
\mult@gfirstbox=\box34
\mult@firstbox=\box35
\@tempa=\box36
\@tempa=\box37
\@tempa=\box38
\@tempa=\box39
\@tempa=\box40
\@tempa=\box41
\@tempa=\box42
\@tempa=\box43
\@tempa=\box44
\@tempa=\box45
\@tempa=\box46
\@tempa=\box47
\@tempa=\box48
\@tempa=\box49
\@tempa=\box50
\@tempa=\box51
\@tempa=\box52
\c@columnbadness=\count124
\c@finalcolumnbadness=\count125
\last@try=\dimen140
\multicolovershoot=\dimen141
\multicolundershoot=\dimen142
\mult@nat@firstbox=\box53
\colbreak@box=\box54
\mc@col@check@num=\count126
))
("C:\Program Files (x86)\MiKTeX 2.9\tex\latex\base\inputenc.sty"
Package: inputenc 2015/03/17 v1.2c Input encoding file
\inpenc@prehook=\toks21
\inpenc@posthook=\toks22

("C:\Program Files (x86)\MiKTeX 2.9\tex\latex\base\utf8.def"
File: utf8.def 2016/02/28 v1.1s UTF-8 support for inputenc
Now handling font encoding OML ...
... no UTF-8 mapping file for font encoding OML
Now handling font encoding T1 ...
... processing UTF-8 mapping file for font encoding T1

("C:\Program Files (x86)\MiKTeX 2.9\tex\latex\base\t1enc.dfu"
File: t1enc.dfu 2016/02/28 v1.1s UTF-8 support for inputenc
   defining Unicode char U+00A0 (decimal 160)
   defining Unicode char U+00A1 (decimal 161)
   defining Unicode char U+00A3 (decimal 163)
   defining Unicode char U+00AB (decimal 171)
   defining Unicode char U+00AD (decimal 173)
   defining Unicode char U+00BB (decimal 187)
   defining Unicode char U+00BF (decimal 191)
   defining Unicode char U+00C0 (decimal 192)
   defining Unicode char U+00C1 (decimal 193)
   defining Unicode char U+00C2 (decimal 194)
   defining Unicode char U+00C3 (decimal 195)
   defining Unicode char U+00C4 (decimal 196)
   defining Unicode char U+00C5 (decimal 197)
   defining Unicode char U+00C6 (decimal 198)
   defining Unicode char U+00C7 (decimal 199)
   defining Unicode char U+00C8 (decimal 200)
   defining Unicode char U+00C9 (decimal 201)
   defining Unicode char U+00CA (decimal 202)
   defining Unicode char U+00CB (decimal 203)
   defining Unicode char U+00CC (decimal 204)
   defining Unicode char U+00CD (decimal 205)
   defining Unicode char U+00CE (decimal 206)
   defining Unicode char U+00CF (decimal 207)
   defining Unicode char U+00D0 (decimal 208)
   defining Unicode char U+00D1 (decimal 209)
   defining Unicode char U+00D2 (decimal 210)
   defining Unicode char U+00D3 (decimal 211)
   defining Unicode char U+00D4 (decimal 212)
   defining Unicode char U+00D5 (decimal 213)
   defining Unicode char U+00D6 (decimal 214)
   defining Unicode char U+00D8 (decimal 216)
   defining Unicode char U+00D9 (decimal 217)
   defining Unicode char U+00DA (decimal 218)
   defining Unicode char U+00DB (decimal 219)
   defining Unicode char U+00DC (decimal 220)
   defining Unicode char U+00DD (decimal 221)
   defining Unicode char U+00DE (decimal 222)
   defining Unicode char U+00DF (decimal 223)
   defining Unicode char U+00E0 (decimal 224)
   defining Unicode char U+00E1 (decimal 225)
   defining Unicode char U+00E2 (decimal 226)
   defining Unicode char U+00E3 (decimal 227)
   defining Unicode char U+00E4 (decimal 228)
   defining Unicode char U+00E5 (decimal 229)
   defining Unicode char U+00E6 (decimal 230)
   defining Unicode char U+00E7 (decimal 231)
   defining Unicode char U+00E8 (decimal 232)
   defining Unicode char U+00E9 (decimal 233)
   defining Unicode char U+00EA (decimal 234)
   defining Unicode char U+00EB (decimal 235)
   defining Unicode char U+00EC (decimal 236)
   defining Unicode char U+00ED (decimal 237)
   defining Unicode char U+00EE (decimal 238)
   defining Unicode char U+00EF (decimal 239)
   defining Unicode char U+00F0 (decimal 240)
   defining Unicode char U+00F1 (decimal 241)
   defining Unicode char U+00F2 (decimal 242)
   defining Unicode char U+00F3 (decimal 243)
   defining Unicode char U+00F4 (decimal 244)
   defining Unicode char U+00F5 (decimal 245)
   defining Unicode char U+00F6 (decimal 246)
   defining Unicode char U+00F8 (decimal 248)
   defining Unicode char U+00F9 (decimal 249)
   defining Unicode char U+00FA (decimal 250)
   defining Unicode char U+00FB (decimal 251)
   defining Unicode char U+00FC (decimal 252)
   defining Unicode char U+00FD (decimal 253)
   defining Unicode char U+00FE (decimal 254)
   defining Unicode char U+00FF (decimal 255)
   defining Unicode char U+0100 (decimal 256)
   defining Unicode char U+0101 (decimal 257)
   defining Unicode char U+0102 (decimal 258)
   defining Unicode char U+0103 (decimal 259)
   defining Unicode char U+0104 (decimal 260)
   defining Unicode char U+0105 (decimal 261)
   defining Unicode char U+0106 (decimal 262)
   defining Unicode char U+0107 (decimal 263)
   defining Unicode char U+0108 (decimal 264)
   defining Unicode char U+0109 (decimal 265)
   defining Unicode char U+010A (decimal 266)
   defining Unicode char U+010B (decimal 267)
   defining Unicode char U+010C (decimal 268)
   defining Unicode char U+010D (decimal 269)
   defining Unicode char U+010E (decimal 270)
   defining Unicode char U+010F (decimal 271)
   defining Unicode char U+0110 (decimal 272)
   defining Unicode char U+0111 (decimal 273)
   defining Unicode char U+0112 (decimal 274)
   defining Unicode char U+0113 (decimal 275)
   defining Unicode char U+0114 (decimal 276)
   defining Unicode char U+0115 (decimal 277)
   defining Unicode char U+0116 (decimal 278)
   defining Unicode char U+0117 (decimal 279)
   defining Unicode char U+0118 (decimal 280)
   defining Unicode char U+0119 (decimal 281)
   defining Unicode char U+011A (decimal 282)
   defining Unicode char U+011B (decimal 283)
   defining Unicode char U+011C (decimal 284)
   defining Unicode char U+011D (decimal 285)
   defining Unicode char U+011E (decimal 286)
   defining Unicode char U+011F (decimal 287)
   defining Unicode char U+0120 (decimal 288)
   defining Unicode char U+0121 (decimal 289)
   defining Unicode char U+0122 (decimal 290)
   defining Unicode char U+0123 (decimal 291)
   defining Unicode char U+0124 (decimal 292)
   defining Unicode char U+0125 (decimal 293)
   defining Unicode char U+0128 (decimal 296)
   defining Unicode char U+0129 (decimal 297)
   defining Unicode char U+012A (decimal 298)
   defining Unicode char U+012B (decimal 299)
   defining Unicode char U+012C (decimal 300)
   defining Unicode char U+012D (decimal 301)
   defining Unicode char U+012E (decimal 302)
   defining Unicode char U+012F (decimal 303)
   defining Unicode char U+0130 (decimal 304)
   defining Unicode char U+0131 (decimal 305)
   defining Unicode char U+0132 (decimal 306)
   defining Unicode char U+0133 (decimal 307)
   defining Unicode char U+0134 (decimal 308)
   defining Unicode char U+0135 (decimal 309)
   defining Unicode char U+0136 (decimal 310)
   defining Unicode char U+0137 (decimal 311)
   defining Unicode char U+0139 (decimal 313)
   defining Unicode char U+013A (decimal 314)
   defining Unicode char U+013B (decimal 315)
   defining Unicode char U+013C (decimal 316)
   defining Unicode char U+013D (decimal 317)
   defining Unicode char U+013E (decimal 318)
   defining Unicode char U+0141 (decimal 321)
   defining Unicode char U+0142 (decimal 322)
   defining Unicode char U+0143 (decimal 323)
   defining Unicode char U+0144 (decimal 324)
   defining Unicode char U+0145 (decimal 325)
   defining Unicode char U+0146 (decimal 326)
   defining Unicode char U+0147 (decimal 327)
   defining Unicode char U+0148 (decimal 328)
   defining Unicode char U+014A (decimal 330)
   defining Unicode char U+014B (decimal 331)
   defining Unicode char U+014C (decimal 332)
   defining Unicode char U+014D (decimal 333)
   defining Unicode char U+014E (decimal 334)
   defining Unicode char U+014F (decimal 335)
   defining Unicode char U+0150 (decimal 336)
   defining Unicode char U+0151 (decimal 337)
   defining Unicode char U+0152 (decimal 338)
   defining Unicode char U+0153 (decimal 339)
   defining Unicode char U+0154 (decimal 340)
   defining Unicode char U+0155 (decimal 341)
   defining Unicode char U+0156 (decimal 342)
   defining Unicode char U+0157 (decimal 343)
   defining Unicode char U+0158 (decimal 344)
   defining Unicode char U+0159 (decimal 345)
   defining Unicode char U+015A (decimal 346)
   defining Unicode char U+015B (decimal 347)
   defining Unicode char U+015C (decimal 348)
   defining Unicode char U+015D (decimal 349)
   defining Unicode char U+015E (decimal 350)
   defining Unicode char U+015F (decimal 351)
   defining Unicode char U+0160 (decimal 352)
   defining Unicode char U+0161 (decimal 353)
   defining Unicode char U+0162 (decimal 354)
   defining Unicode char U+0163 (decimal 355)
   defining Unicode char U+0164 (decimal 356)
   defining Unicode char U+0165 (decimal 357)
   defining Unicode char U+0168 (decimal 360)
   defining Unicode char U+0169 (decimal 361)
   defining Unicode char U+016A (decimal 362)
   defining Unicode char U+016B (decimal 363)
   defining Unicode char U+016C (decimal 364)
   defining Unicode char U+016D (decimal 365)
   defining Unicode char U+016E (decimal 366)
   defining Unicode char U+016F (decimal 367)
   defining Unicode char U+0170 (decimal 368)
   defining Unicode char U+0171 (decimal 369)
   defining Unicode char U+0172 (decimal 370)
   defining Unicode char U+0173 (decimal 371)
   defining Unicode char U+0174 (decimal 372)
   defining Unicode char U+0175 (decimal 373)
   defining Unicode char U+0176 (decimal 374)
   defining Unicode char U+0177 (decimal 375)
   defining Unicode char U+0178 (decimal 376)
   defining Unicode char U+0179 (decimal 377)
   defining Unicode char U+017A (decimal 378)
   defining Unicode char U+017B (decimal 379)
   defining Unicode char U+017C (decimal 380)
   defining Unicode char U+017D (decimal 381)
   defining Unicode char U+017E (decimal 382)
   defining Unicode char U+01CD (decimal 461)
   defining Unicode char U+01CE (decimal 462)
   defining Unicode char U+01CF (decimal 463)
   defining Unicode char U+01D0 (decimal 464)
   defining Unicode char U+01D1 (decimal 465)
   defining Unicode char U+01D2 (decimal 466)
   defining Unicode char U+01D3 (decimal 467)
   defining Unicode char U+01D4 (decimal 468)
   defining Unicode char U+01E2 (decimal 482)
   defining Unicode char U+01E3 (decimal 483)
   defining Unicode char U+01E6 (decimal 486)
   defining Unicode char U+01E7 (decimal 487)
   defining Unicode char U+01E8 (decimal 488)
   defining Unicode char U+01E9 (decimal 489)
   defining Unicode char U+01EA (decimal 490)
   defining Unicode char U+01EB (decimal 491)
   defining Unicode char U+01F0 (decimal 496)
   defining Unicode char U+01F4 (decimal 500)
   defining Unicode char U+01F5 (decimal 501)
   defining Unicode char U+0218 (decimal 536)
   defining Unicode char U+0219 (decimal 537)
   defining Unicode char U+021A (decimal 538)
   defining Unicode char U+021B (decimal 539)
   defining Unicode char U+1E02 (decimal 7682)
   defining Unicode char U+1E03 (decimal 7683)
   defining Unicode char U+200C (decimal 8204)
   defining Unicode char U+2010 (decimal 8208)
   defining Unicode char U+2011 (decimal 8209)
   defining Unicode char U+2012 (decimal 8210)
   defining Unicode char U+2013 (decimal 8211)
   defining Unicode char U+2014 (decimal 8212)
   defining Unicode char U+2015 (decimal 8213)
   defining Unicode char U+2018 (decimal 8216)
   defining Unicode char U+2019 (decimal 8217)
   defining Unicode char U+201A (decimal 8218)
   defining Unicode char U+201C (decimal 8220)
   defining Unicode char U+201D (decimal 8221)
   defining Unicode char U+201E (decimal 8222)
   defining Unicode char U+2030 (decimal 8240)
   defining Unicode char U+2031 (decimal 8241)
   defining Unicode char U+2039 (decimal 8249)
   defining Unicode char U+203A (decimal 8250)
   defining Unicode char U+2423 (decimal 9251)
)
Now handling font encoding OT1 ...
... processing UTF-8 mapping file for font encoding OT1

("C:\Program Files (x86)\MiKTeX 2.9\tex\latex\base\ot1enc.dfu"
File: ot1enc.dfu 2016/02/28 v1.1s UTF-8 support for inputenc
   defining Unicode char U+00A0 (decimal 160)
   defining Unicode char U+00A1 (decimal 161)
   defining Unicode char U+00A3 (decimal 163)
   defining Unicode char U+00AD (decimal 173)
   defining Unicode char U+00B8 (decimal 184)
   defining Unicode char U+00BF (decimal 191)
   defining Unicode char U+00C5 (decimal 197)
   defining Unicode char U+00C6 (decimal 198)
   defining Unicode char U+00D8 (decimal 216)
   defining Unicode char U+00DF (decimal 223)
   defining Unicode char U+00E6 (decimal 230)
   defining Unicode char U+00EC (decimal 236)
   defining Unicode char U+00ED (decimal 237)
   defining Unicode char U+00EE (decimal 238)
   defining Unicode char U+00EF (decimal 239)
   defining Unicode char U+00F8 (decimal 248)
   defining Unicode char U+0131 (decimal 305)
   defining Unicode char U+0141 (decimal 321)
   defining Unicode char U+0142 (decimal 322)
   defining Unicode char U+0152 (decimal 338)
   defining Unicode char U+0153 (decimal 339)
   defining Unicode char U+0174 (decimal 372)
   defining Unicode char U+0175 (decimal 373)
   defining Unicode char U+0176 (decimal 374)
   defining Unicode char U+0177 (decimal 375)
   defining Unicode char U+0218 (decimal 536)
   defining Unicode char U+0219 (decimal 537)
   defining Unicode char U+021A (decimal 538)
   defining Unicode char U+021B (decimal 539)
   defining Unicode char U+2013 (decimal 8211)
   defining Unicode char U+2014 (decimal 8212)
   defining Unicode char U+2018 (decimal 8216)
   defining Unicode char U+2019 (decimal 8217)
   defining Unicode char U+201C (decimal 8220)
   defining Unicode char U+201D (decimal 8221)
)
Now handling font encoding OMS ...
... processing UTF-8 mapping file for font encoding OMS

("C:\Program Files (x86)\MiKTeX 2.9\tex\latex\base\omsenc.dfu"
File: omsenc.dfu 2016/02/28 v1.1s UTF-8 support for inputenc
   defining Unicode char U+00A7 (decimal 167)
   defining Unicode char U+00B6 (decimal 182)
   defining Unicode char U+00B7 (decimal 183)
   defining Unicode char U+2020 (decimal 8224)
   defining Unicode char U+2021 (decimal 8225)
   defining Unicode char U+2022 (decimal 8226)
)
Now handling font encoding OMX ...
... no UTF-8 mapping file for font encoding OMX
Now handling font encoding U ...
... no UTF-8 mapping file for font encoding U
Now handling font encoding TS1 ...
... processing UTF-8 mapping file for font encoding TS1

("C:\Program Files (x86)\MiKTeX 2.9\tex\latex\base\ts1enc.dfu"
File: ts1enc.dfu 2016/02/28 v1.1s UTF-8 support for inputenc
   defining Unicode char U+00A2 (decimal 162)
   defining Unicode char U+00A3 (decimal 163)
   defining Unicode char U+00A4 (decimal 164)
   defining Unicode char U+00A5 (decimal 165)
   defining Unicode char U+00A6 (decimal 166)
   defining Unicode char U+00A7 (decimal 167)
   defining Unicode char U+00A8 (decimal 168)
   defining Unicode char U+00A9 (decimal 169)
   defining Unicode char U+00AA (decimal 170)
   defining Unicode char U+00AC (decimal 172)
   defining Unicode char U+00AE (decimal 174)
   defining Unicode char U+00AF (decimal 175)
   defining Unicode char U+00B0 (decimal 176)
   defining Unicode char U+00B1 (decimal 177)
   defining Unicode char U+00B2 (decimal 178)
   defining Unicode char U+00B3 (decimal 179)
   defining Unicode char U+00B4 (decimal 180)
   defining Unicode char U+00B5 (decimal 181)
   defining Unicode char U+00B6 (decimal 182)
   defining Unicode char U+00B7 (decimal 183)
   defining Unicode char U+00B9 (decimal 185)
   defining Unicode char U+00BA (decimal 186)
   defining Unicode char U+00BC (decimal 188)
   defining Unicode char U+00BD (decimal 189)
   defining Unicode char U+00BE (decimal 190)
   defining Unicode char U+00D7 (decimal 215)
   defining Unicode char U+00F7 (decimal 247)
   defining Unicode char U+0192 (decimal 402)
   defining Unicode char U+02C7 (decimal 711)
   defining Unicode char U+02D8 (decimal 728)
   defining Unicode char U+02DD (decimal 733)
   defining Unicode char U+0E3F (decimal 3647)
   defining Unicode char U+2016 (decimal 8214)
   defining Unicode char U+2020 (decimal 8224)
   defining Unicode char U+2021 (decimal 8225)
   defining Unicode char U+2022 (decimal 8226)
   defining Unicode char U+2030 (decimal 8240)
   defining Unicode char U+2031 (decimal 8241)
   defining Unicode char U+203B (decimal 8251)
   defining Unicode char U+203D (decimal 8253)
   defining Unicode char U+2044 (decimal 8260)
   defining Unicode char U+204E (decimal 8270)
   defining Unicode char U+2052 (decimal 8274)
   defining Unicode char U+20A1 (decimal 8353)
   defining Unicode char U+20A4 (decimal 8356)
   defining Unicode char U+20A6 (decimal 8358)
   defining Unicode char U+20A9 (decimal 8361)
   defining Unicode char U+20AB (decimal 8363)
   defining Unicode char U+20AC (decimal 8364)
   defining Unicode char U+20B1 (decimal 8369)
   defining Unicode char U+2103 (decimal 8451)
   defining Unicode char U+2116 (decimal 8470)
   defining Unicode char U+2117 (decimal 8471)
   defining Unicode char U+211E (decimal 8478)
   defining Unicode char U+2120 (decimal 8480)
   defining Unicode char U+2122 (decimal 8482)
   defining Unicode char U+2126 (decimal 8486)
   defining Unicode char U+2127 (decimal 8487)
   defining Unicode char U+212E (decimal 8494)
   defining Unicode char U+2190 (decimal 8592)
   defining Unicode char U+2191 (decimal 8593)
   defining Unicode char U+2192 (decimal 8594)
   defining Unicode char U+2193 (decimal 8595)
   defining Unicode char U+2329 (decimal 9001)
   defining Unicode char U+232A (decimal 9002)
   defining Unicode char U+2422 (decimal 9250)
   defining Unicode char U+25E6 (decimal 9702)
   defining Unicode char U+25EF (decimal 9711)
   defining Unicode char U+266A (decimal 9834)
)
   defining Unicode char U+00A9 (decimal 169)
   defining Unicode char U+00AA (decimal 170)
   defining Unicode char U+00AE (decimal 174)
   defining Unicode char U+00BA (decimal 186)
   defining Unicode char U+02C6 (decimal 710)
   defining Unicode char U+02DC (decimal 732)
   defining Unicode char U+200C (decimal 8204)
   defining Unicode char U+2026 (decimal 8230)
   defining Unicode char U+2122 (decimal 8482)
   defining Unicode char U+2423 (decimal 9251)
))
("C:\Program Files (x86)\MiKTeX 2.9\tex\latex\amsfonts\amssymb.sty"
Package: amssymb 2013/01/14 v3.01 AMS font symbols

("C:\Program Files (x86)\MiKTeX 2.9\tex\latex\amsfonts\amsfonts.sty"
Package: amsfonts 2013/01/14 v3.01 Basic AMSFonts support
\symAMSa=\mathgroup4
\symAMSb=\mathgroup5
LaTeX Font Info:    Overwriting math alphabet `\mathfrak' in version `bold'
(Font)                  U/euf/m/n --> U/euf/b/n on input line 106.
))
(C:\Users\Alexa\AppData\Roaming\MiKTeX\2.9\tex\latex\epsf\epsf.sty
This is `epsf.tex' v2.7.4 <14 February 2011>
\epsffilein=\read1
\epsfframemargin=\dimen143
\epsfframethickness=\dimen144
\epsfrsize=\dimen145
\epsftmp=\dimen146
\epsftsize=\dimen147
\epsfxsize=\dimen148
\epsfysize=\dimen149
\pspoints=\dimen150
) (C:\Users\Alexa\AppData\Roaming\MiKTeX\2.9\tex\latex\rotating\rotating.sty
Package: rotating 2009/03/28 v2.16a rotated objects in LaTeX

("C:\Program Files (x86)\MiKTeX 2.9\tex\latex\graphics\graphicx.sty"
Package: graphicx 2014/10/28 v1.0g Enhanced LaTeX Graphics (DPC,SPQR)

("C:\Program Files (x86)\MiKTeX 2.9\tex\latex\graphics\graphics.sty"
Package: graphics 2016/10/09 v1.0u Standard LaTeX Graphics (DPC,SPQR)

("C:\Program Files (x86)\MiKTeX 2.9\tex\latex\graphics\trig.sty"
Package: trig 2016/01/03 v1.10 sin cos tan (DPC)
)
(C:\Users\Alexa\AppData\Roaming\MiKTeX\2.9\tex\latex\graphics-cfg\graphics.cfg
File: graphics.cfg 2016/06/04 v1.11 sample graphics configuration
)
Package graphics Info: Driver file: dvips.def on input line 99.
(C:\Users\Alexa\AppData\Roaming\MiKTeX\2.9\tex\latex\graphics-def\dvips.def
File: dvips.def 2016/07/10 v3.1a Driver-dependent file (DPC,SPQR)
))
\Gin@req@height=\dimen151
\Gin@req@width=\dimen152
)
("C:\Program Files (x86)\MiKTeX 2.9\tex\latex\base\ifthen.sty"
Package: ifthen 2014/09/29 v1.1c Standard LaTeX ifthen package (DPC)
)
\c@r@tfl@t=\count127
\rotFPtop=\skip48
\rotFPbot=\skip49
\rot@float@box=\box55
\rot@mess@toks=\toks23
)
(C:\Users\Alexa\AppData\Roaming\MiKTeX\2.9\tex\latex\ntheorem\ntheorem.sty
Style `ntheorem', Version 1.33 <2011/08/15>
Package: ntheorem 2011/08/15 1.33
\theorem@style=\toks24
\theorem@@style=\toks25
\theorembodyfont=\toks26
\theoremnumbering=\toks27
\theorempreskipamount=\skip50
\theorempostskipamount=\skip51
\theoremframepreskipamount=\skip52
\theoremframepostskipamount=\skip53
\theoreminframepreskipamount=\skip54
\theoreminframepostskipamount=\skip55
\theorem@preskip=\toks28
\theorem@postskip=\toks29
\theorem@framepreskip=\toks30
\theorem@framepostskip=\toks31
\theorem@inframepreskip=\toks32
\theorem@inframepostskip=\toks33
\theoremindent=\dimen153
\theorem@indent=\dimen154
\theoremrightindent=\dimen155
\theorem@rightindent=\dimen156
\theoremheaderfont=\toks34
\theoremseparator=\toks35
\theoremprework=\toks36
\theorempostwork=\toks37
\theoremsymbol=\toks38
\qedsymbol=\toks39
\theoremkeyword=\toks40
\qedsymbol=\toks41
\thm@topsep=\skip56
\thm@topsepadd=\skip57
Package ntheorem Info: Option `thmmarks' loaded on input line 1175.
\c@endNonectr=\count128
\c@currNonectr=\count129
\mysavskip=\skip58
Package ntheorem Info: option `amsmath' handling for `thmmarks' loaded on input
 line 1175.
\thm@amstmpdepth=\dimen157
\tagwidth=\dimen158
) ("C:\Program Files (x86)\MiKTeX 2.9\tex\latex\hyperref\nameref.sty"
Package: nameref 2016/05/21 v2.44 Cross-referencing by name of section

("C:\Program Files (x86)\MiKTeX 2.9\tex\latex\oberdiek\refcount.sty"
Package: refcount 2016/05/16 v3.5 Data extraction from label references (HO)

("C:\Program Files (x86)\MiKTeX 2.9\tex\generic\oberdiek\ltxcmds.sty"
Package: ltxcmds 2016/05/16 v1.23 LaTeX kernel commands for general use (HO)
)
("C:\Program Files (x86)\MiKTeX 2.9\tex\generic\oberdiek\infwarerr.sty"
Package: infwarerr 2016/05/16 v1.4 Providing info/warning/error messages (HO)
))
("C:\Program Files (x86)\MiKTeX 2.9\tex\generic\oberdiek\gettitlestring.sty"
Package: gettitlestring 2016/05/16 v1.5 Cleanup title references (HO)

("C:\Program Files (x86)\MiKTeX 2.9\tex\latex\oberdiek\kvoptions.sty"
Package: kvoptions 2016/05/16 v3.12 Key value format for package options (HO)

("C:\Program Files (x86)\MiKTeX 2.9\tex\generic\oberdiek\kvsetkeys.sty"
Package: kvsetkeys 2016/05/16 v1.17 Key value parser (HO)

("C:\Program Files (x86)\MiKTeX 2.9\tex\generic\oberdiek\etexcmds.sty"
Package: etexcmds 2016/05/16 v1.6 Avoid name clashes with e-TeX commands (HO)
Package etexcmds Info: Could not find \expanded.
(etexcmds)             That can mean that you are not using pdfTeX 1.50 or
(etexcmds)             that some package has redefined \expanded.
(etexcmds)             In the latter case, load this package earlier.
))))
\c@section@level=\count130
LaTeX Info: Redefining \ref on input line 355.
LaTeX Info: Redefining \pageref on input line 355.
)
("C:\Program Files (x86)\MiKTeX 2.9\tex\latex\oberdiek\hycolor.sty"
Package: hycolor 2016/05/16 v1.8 Color options for hyperref/bookmark (HO)

("C:\Program Files (x86)\MiKTeX 2.9\tex\latex\oberdiek\xcolor-patch.sty"
Package: xcolor-patch 2016/05/16 xcolor patch

("C:\Program Files (x86)\MiKTeX 2.9\tex\latex\oberdiek\hopatch.sty"
Package: hopatch 2016/05/16 v1.3 Wrapper for package hooks (HO)
)))
(C:\Users\Alexa\AppData\Roaming\MiKTeX\2.9\tex\latex\hyperxmp\hyperxmp.sty
Package: hyperxmp 2016/07/04 v3.0 Store hyperref metadata in XMP format

("C:\Program Files (x86)\MiKTeX 2.9\tex\latex\oberdiek\atenddvi.sty"
Package: atenddvi 2016/05/16 v1.2 At end DVI hook (HO)

("C:\Program Files (x86)\MiKTeX 2.9\tex\latex\oberdiek\zref-abspage.sty"
Package: zref-abspage 2016/05/21 v2.26 Module abspage for zref (HO)

("C:\Program Files (x86)\MiKTeX 2.9\tex\latex\oberdiek\zref-base.sty"
Package: zref-base 2016/05/21 v2.26 Module base for zref (HO)

("C:\Program Files (x86)\MiKTeX 2.9\tex\generic\oberdiek\kvdefinekeys.sty"
Package: kvdefinekeys 2016/05/16 v1.4 Define keys (HO)
)
("C:\Program Files (x86)\MiKTeX 2.9\tex\generic\oberdiek\pdftexcmds.sty"
Package: pdftexcmds 2016/05/21 v0.22 Utility functions of pdfTeX for LuaTeX (HO
)

("C:\Program Files (x86)\MiKTeX 2.9\tex\generic\oberdiek\ifpdf.sty"
Package: ifpdf 2016/05/14 v3.1 Provides the ifpdf switch
)
Package pdftexcmds Info: LuaTeX not detected.
Package pdftexcmds Info: \pdf@primitive is available.
Package pdftexcmds Info: \pdf@ifprimitive is available.
Package pdftexcmds Info: \pdfdraftmode found.
)
("C:\Program Files (x86)\MiKTeX 2.9\tex\latex\oberdiek\auxhook.sty"
Package: auxhook 2016/05/16 v1.4 Hooks for auxiliary files (HO)
)
Package zref Info: New property list: main on input line 759.
Package zref Info: New property: default on input line 760.
Package zref Info: New property: page on input line 761.
)
("C:\Program Files (x86)\MiKTeX 2.9\tex\generic\oberdiek\atbegshi.sty"
Package: atbegshi 2016/06/09 v1.18 At begin shipout hook (HO)
)
\c@abspage=\count131
Package zref Info: New property: abspage on input line 62.
)
("C:\Program Files (x86)\MiKTeX 2.9\tex\latex\oberdiek\zref-lastpage.sty"
Package: zref-lastpage 2016/05/21 v2.26 Module lastpage for zref (HO)

("C:\Program Files (x86)\MiKTeX 2.9\tex\latex\oberdiek\atveryend.sty"
Package: atveryend 2016/05/16 v1.9 Hooks at the very end of document (HO)
Package atveryend Info: \enddocument detected (standard20110627).
)
Package zref Info: New property list: LastPage on input line 55.
))
("C:\Program Files (x86)\MiKTeX 2.9\tex\generic\oberdiek\pdfescape.sty"
Package: pdfescape 2016/05/16 v1.14 Implements pdfTeX's escape features (HO)
)
("C:\Program Files (x86)\MiKTeX 2.9\tex\generic\oberdiek\stringenc.sty"
Package: stringenc 2016/05/16 v1.11 Convert strings between diff. encodings (HO
)
)
("C:\Program Files (x86)\MiKTeX 2.9\tex\generic\oberdiek\intcalc.sty"
Package: intcalc 2016/05/16 v1.2 Expandable calculations with integers (HO)
))
("C:\Program Files (x86)\MiKTeX 2.9\tex\latex\hyperref\hyperref.sty"
Package: hyperref 2016/06/24 v6.83q Hypertext links for LaTeX

("C:\Program Files (x86)\MiKTeX 2.9\tex\generic\oberdiek\hobsub-hyperref.sty"
Package: hobsub-hyperref 2016/05/16 v1.14 Bundle oberdiek, subset hyperref (HO)


("C:\Program Files (x86)\MiKTeX 2.9\tex\generic\oberdiek\hobsub-generic.sty"
Package: hobsub-generic 2016/05/16 v1.14 Bundle oberdiek, subset generic (HO)
Package: hobsub 2016/05/16 v1.14 Construct package bundles (HO)
Package hobsub Info: Skipping package `infwarerr' (already loaded).
Package hobsub Info: Skipping package `ltxcmds' (already loaded).
Package hobsub Info: Skipping package `ifluatex' (already loaded).
Package: ifvtex 2016/05/16 v1.6 Detect VTeX and its facilities (HO)
Package ifvtex Info: VTeX not detected.
Package hobsub Info: Skipping package `intcalc' (already loaded).
Package hobsub Info: Skipping package `ifpdf' (already loaded).
Package hobsub Info: Skipping package `etexcmds' (already loaded).
Package hobsub Info: Skipping package `kvsetkeys' (already loaded).
Package hobsub Info: Skipping package `kvdefinekeys' (already loaded).
Package hobsub Info: Skipping package `pdftexcmds' (already loaded).
Package hobsub Info: Skipping package `pdfescape' (already loaded).
Package: bigintcalc 2016/05/16 v1.4 Expandable calculations on big integers (HO
)
Package: bitset 2016/05/16 v1.2 Handle bit-vector datatype (HO)
Package: uniquecounter 2016/05/16 v1.3 Provide unlimited unique counter (HO)
)
Package hobsub Info: Skipping package `hobsub' (already loaded).
Package: letltxmacro 2016/05/16 v1.5 Let assignment for LaTeX macros (HO)
Package hobsub Info: Skipping package `hopatch' (already loaded).
Package hobsub Info: Skipping package `xcolor-patch' (already loaded).
Package hobsub Info: Skipping package `atveryend' (already loaded).
Package hobsub Info: Skipping package `atbegshi' (already loaded).
Package hobsub Info: Skipping package `refcount' (already loaded).
Package hobsub Info: Skipping package `hycolor' (already loaded).
)
\@linkdim=\dimen159
\Hy@linkcounter=\count132
\Hy@pagecounter=\count133

("C:\Program Files (x86)\MiKTeX 2.9\tex\latex\hyperref\pd1enc.def"
File: pd1enc.def 2016/06/24 v6.83q Hyperref: PDFDocEncoding definition (HO)
Now handling font encoding PD1 ...
... no UTF-8 mapping file for font encoding PD1
)
\Hy@SavedSpaceFactor=\count134

(C:\Users\Alexa\AppData\Roaming\MiKTeX\2.9\tex\latex\00miktex\hyperref.cfg
File: hyperref.cfg 2002/06/06 v1.2 hyperref configuration of TeXLive
)
Package hyperref Info: Hyper figures OFF on input line 4486.
Package hyperref Info: Link nesting OFF on input line 4491.
Package hyperref Info: Hyper index ON on input line 4494.
Package hyperref Info: Plain pages OFF on input line 4501.
Package hyperref Info: Backreferencing OFF on input line 4506.
Package hyperref Info: Implicit mode ON; LaTeX internals redefined.
Package hyperref Info: Bookmarks ON on input line 4735.
\c@Hy@tempcnt=\count135

(C:\Users\Alexa\AppData\Roaming\MiKTeX\2.9\tex\latex\url\url.sty
\Urlmuskip=\muskip11
Package: url 2013/09/16  ver 3.4  Verb mode for urls, etc.
)
LaTeX Info: Redefining \url on input line 5088.
\XeTeXLinkMargin=\dimen160
\Fld@menulength=\count136
\Field@Width=\dimen161
\Fld@charsize=\dimen162
Package hyperref Info: Hyper figures OFF on input line 6342.
Package hyperref Info: Link nesting OFF on input line 6347.
Package hyperref Info: Hyper index ON on input line 6350.
Package hyperref Info: backreferencing OFF on input line 6357.
Package hyperref Info: Link coloring OFF on input line 6362.
Package hyperref Info: Link coloring with OCG OFF on input line 6367.
Package hyperref Info: PDF/A mode OFF on input line 6372.
LaTeX Info: Redefining \ref on input line 6412.
LaTeX Info: Redefining \pageref on input line 6416.
\Hy@abspage=\count137
\c@Item=\count138
\c@Hfootnote=\count139
)

Package hyperref Message: Driver (autodetected): hpdftex.

("C:\Program Files (x86)\MiKTeX 2.9\tex\latex\hyperref\hpdftex.def"
File: hpdftex.def 2016/06/24 v6.83q Hyperref driver for pdfTeX
\HyAnn@Count=\count140
\Fld@listcount=\count141
\c@bookmark@seq@number=\count142

("C:\Program Files (x86)\MiKTeX 2.9\tex\latex\oberdiek\rerunfilecheck.sty"
Package: rerunfilecheck 2016/05/16 v1.8 Rerun checks for auxiliary files (HO)
Package uniquecounter Info: New unique counter `rerunfilecheck' on input line 2
82.
)
\Hy@SectionHShift=\skip59
)
Package hyperref Info: Option `bookmarksnumbered' set `true' on input line 75.
Package hyperref Info: Option `colorlinks' set `true' on input line 75.

("C:\Program Files (x86)\MiKTeX 2.9\tex\latex\float\float.sty"
Package: float 2001/11/08 v1.3d Float enhancements (AL)
\c@float@type=\count143
\float@exts=\toks42
\float@box=\box56
\@float@everytoks=\toks43
\@floatcapt=\box57
)
(C:\Users\Alexa\AppData\Roaming\MiKTeX\2.9\tex\latex\fancyvrb\fancyvrb.sty
Package: fancyvrb 2008/02/07

Style option: `fancyvrb' v2.7a, with DG/SPQR fixes, and firstline=lastline fix 
<2008/02/07> (tvz)
\FV@CodeLineNo=\count144
\FV@InFile=\read2
\FV@TabBox=\box58
\c@FancyVerbLine=\count145
\FV@StepNumber=\count146
\FV@OutFile=\write3
)
\@float@every@figure=\toks44
\@float@every@table=\toks45

(C:\Users\Alexa\AppData\Roaming\MiKTeX\2.9\tex\latex\sectsty\sectsty.sty
Package: sectsty 2002/02/25 v2.0.2 Commands to change all sectional heading sty
les
)
(C:\Users\Alexa\AppData\Roaming\MiKTeX\2.9\tex\latex\framed\framed.sty
Package: framed 2011/10/22 v 0.96: framed or shaded text with page breaks
\OuterFrameSep=\skip60
\fb@frw=\dimen163
\fb@frh=\dimen164
\FrameRule=\dimen165
\FrameSep=\dimen166
)
(C:\Users\Alexa\AppData\Roaming\MiKTeX\2.9\tex\latex\appendix\appendix.sty
Package: appendix 2009/09/02 v1.2b extra appendix facilities
\c@@pps=\count147
\c@@ppsavesec=\count148
\c@@ppsaveapp=\count149
)
("C:\Program Files (x86)\MiKTeX 2.9\tex\latex\base\fontenc.sty"
Package: fontenc 2017/01/24 v2.0c Standard LaTeX package

("C:\Program Files (x86)\MiKTeX 2.9\tex\latex\base\t1enc.def"
File: t1enc.def 2017/01/24 v2.0c Standard LaTeX file
LaTeX Font Info:    Redeclaring font encoding T1 on input line 48.
))
("C:\Program Files (x86)\MiKTeX 2.9\tex\latex\eurosym\eurosym.sty"
Package: eurosym 1998/08/06 v1.1 European currency symbol ``Euro''
\@eurobox=\box59
)
("C:\Program Files (x86)\MiKTeX 2.9\tex\latex\tools\longtable.sty"
Package: longtable 2014/10/28 v4.11 Multi-page Table package (DPC)
\LTleft=\skip61
\LTright=\skip62
\LTpre=\skip63
\LTpost=\skip64
\LTchunksize=\count150
\LTcapwidth=\dimen167
\LT@head=\box60
\LT@firsthead=\box61
\LT@foot=\box62
\LT@lastfoot=\box63
\LT@cols=\count151
\LT@rows=\count152
\c@LT@tables=\count153
\c@LT@chunks=\count154
\LT@p@ftn=\toks46
)
(C:\Users\Alexa\AppData\Roaming\MiKTeX\2.9\tex\latex\adjustbox\adjustbox.sty
Package: adjustbox 2012/05/21 v1.0 Adjusting TeX boxes (trim, clip, ...)

(C:\Users\Alexa\AppData\Roaming\MiKTeX\2.9\tex\latex\adjustbox\adjcalc.sty
Package: adjcalc 2012/05/16 v1.1 Provides advanced setlength with multiple back
-ends (calc, etex, pgfmath)
)
(C:\Users\Alexa\AppData\Roaming\MiKTeX\2.9\tex\latex\adjustbox\trimclip.sty
Package: trimclip 2012/05/16 v1.0 Trim and clip general TeX material

(C:\Users\Alexa\AppData\Roaming\MiKTeX\2.9\tex\latex\collectbox\collectbox.sty
Package: collectbox 2012/05/17 v0.4b Collect macro arguments as boxes
\collectedbox=\box64
)
\tc@llx=\dimen168
\tc@lly=\dimen169
\tc@urx=\dimen170
\tc@ury=\dimen171
Package trimclip Info: Using driver 'tc-dvips.def'.
(C:\Users\Alexa\AppData\Roaming\MiKTeX\2.9\tex\latex\adjustbox\tc-dvips.def
File: tc-dvips.def 2012/05/13 v1.0 Clipping driver for dvips
))
\adjbox@Width=\dimen172
\adjbox@Height=\dimen173
\adjbox@Depth=\dimen174
\adjbox@Totalheight=\dimen175

(C:\Users\Alexa\AppData\Roaming\MiKTeX\2.9\tex\latex\ifoddpage\ifoddpage.sty
Package: ifoddpage 2016/04/23 v1.1 Conditionals for odd/even page detection
\c@checkoddpage=\count155
)
("C:\Program Files (x86)\MiKTeX 2.9\tex\latex\ltxmisc\varwidth.sty"
Package: varwidth 2009/03/30 ver 0.92;  Variable-width minipages
\@vwid@box=\box65
\sift@deathcycles=\count156
\@vwid@loff=\dimen176
\@vwid@roff=\dimen177
))
("C:\Program Files (x86)\MiKTeX 2.9\tex\latex\tools\array.sty"
Package: array 2016/10/06 v2.4d Tabular extension package (FMi)
\col@sep=\dimen178
\extrarowheight=\dimen179
\NC@list=\toks47
\extratabsurround=\skip65
\backup@length=\skip66
)
(C:\Users\Alexa\AppData\Roaming\MiKTeX\2.9\tex\latex\booktabs\booktabs.sty
Package: booktabs 2005/04/14 v1.61803 publication quality tables
\heavyrulewidth=\dimen180
\lightrulewidth=\dimen181
\cmidrulewidth=\dimen182
\belowrulesep=\dimen183
\belowbottomsep=\dimen184
\aboverulesep=\dimen185
\abovetopsep=\dimen186
\cmidrulesep=\dimen187
\cmidrulekern=\dimen188
\defaultaddspace=\dimen189
\@cmidla=\count157
\@cmidlb=\count158
\@aboverulesep=\dimen190
\@belowrulesep=\dimen191
\@thisruleclass=\count159
\@lastruleclass=\count160
\@thisrulewidth=\dimen192
)
("C:\Program Files (x86)\MiKTeX 2.9\tex\latex\multirow\multirow.sty"
Package: multirow 2016/11/25 v2.2 Span multiple rows of a table
\multirow@colwidth=\skip67
\multirow@cntb=\count161
\multirow@dima=\skip68
\bigstrutjot=\dimen193
))
(C:\Users\Alexa\AppData\Roaming\MiKTeX\2.9\tex\latex\xcolor\xcolor.sty
Package: xcolor 2016/05/11 v2.12 LaTeX color extensions (UK)

(C:\Users\Alexa\AppData\Roaming\MiKTeX\2.9\tex\latex\graphics-cfg\color.cfg
File: color.cfg 2016/01/02 v1.6 sample color configuration
)
Package xcolor Info: Driver file: pdftex.def on input line 225.

(C:\Users\Alexa\AppData\Roaming\MiKTeX\2.9\tex\latex\graphics-def\pdftex.def
File: pdftex.def 2017/01/12 v0.06k Graphics/color for pdfTeX
\Gread@gobject=\count162
)
Package xcolor Info: Model `cmy' substituted by `cmy0' on input line 1348.
Package xcolor Info: Model `RGB' extended on input line 1364.
Package xcolor Info: Model `HTML' substituted by `rgb' on input line 1366.
Package xcolor Info: Model `Hsb' substituted by `hsb' on input line 1367.
Package xcolor Info: Model `tHsb' substituted by `hsb' on input line 1368.
Package xcolor Info: Model `HSB' substituted by `hsb' on input line 1369.
Package xcolor Info: Model `Gray' substituted by `gray' on input line 1370.
Package xcolor Info: Model `wave' substituted by `hsb' on input line 1371.
)
("C:\Program Files (x86)\MiKTeX 2.9\tex\latex\lm\lmodern.sty"
Package: lmodern 2009/10/30 v1.6 Latin Modern Fonts
LaTeX Font Info:    Overwriting symbol font `operators' in version `normal'
(Font)                  OT1/cmr/m/n --> OT1/lmr/m/n on input line 22.
LaTeX Font Info:    Overwriting symbol font `letters' in version `normal'
(Font)                  OML/cmm/m/it --> OML/lmm/m/it on input line 23.
LaTeX Font Info:    Overwriting symbol font `symbols' in version `normal'
(Font)                  OMS/cmsy/m/n --> OMS/lmsy/m/n on input line 24.
LaTeX Font Info:    Overwriting symbol font `largesymbols' in version `normal'
(Font)                  OMX/cmex/m/n --> OMX/lmex/m/n on input line 25.
LaTeX Font Info:    Overwriting symbol font `operators' in version `bold'
(Font)                  OT1/cmr/bx/n --> OT1/lmr/bx/n on input line 26.
LaTeX Font Info:    Overwriting symbol font `letters' in version `bold'
(Font)                  OML/cmm/b/it --> OML/lmm/b/it on input line 27.
LaTeX Font Info:    Overwriting symbol font `symbols' in version `bold'
(Font)                  OMS/cmsy/b/n --> OMS/lmsy/b/n on input line 28.
LaTeX Font Info:    Overwriting symbol font `largesymbols' in version `bold'
(Font)                  OMX/cmex/m/n --> OMX/lmex/m/n on input line 29.
LaTeX Font Info:    Overwriting math alphabet `\mathbf' in version `normal'
(Font)                  OT1/cmr/bx/n --> OT1/lmr/bx/n on input line 31.
LaTeX Font Info:    Overwriting math alphabet `\mathsf' in version `normal'
(Font)                  OT1/cmss/m/n --> OT1/lmss/m/n on input line 32.
LaTeX Font Info:    Overwriting math alphabet `\mathit' in version `normal'
(Font)                  OT1/cmr/m/it --> OT1/lmr/m/it on input line 33.
LaTeX Font Info:    Overwriting math alphabet `\mathtt' in version `normal'
(Font)                  OT1/cmtt/m/n --> OT1/lmtt/m/n on input line 34.
LaTeX Font Info:    Overwriting math alphabet `\mathbf' in version `bold'
(Font)                  OT1/cmr/bx/n --> OT1/lmr/bx/n on input line 35.
LaTeX Font Info:    Overwriting math alphabet `\mathsf' in version `bold'
(Font)                  OT1/cmss/bx/n --> OT1/lmss/bx/n on input line 36.
LaTeX Font Info:    Overwriting math alphabet `\mathit' in version `bold'
(Font)                  OT1/cmr/bx/it --> OT1/lmr/bx/it on input line 37.
LaTeX Font Info:    Overwriting math alphabet `\mathtt' in version `bold'
(Font)                  OT1/cmtt/m/n --> OT1/lmtt/m/n on input line 38.
)
(C:\Users\Alexa\AppData\Roaming\MiKTeX\2.9\tex\latex\wrapfig\wrapfig.sty
\wrapoverhang=\dimen194
\WF@size=\dimen195
\c@WF@wrappedlines=\count163
\WF@box=\box66
\WF@everypar=\toks48
Package: wrapfig 2003/01/31  v 3.6
)
(Warteschlangensimulator-Reference-en.aux)
\openout1 = `Warteschlangensimulator-Reference-en.aux'.

LaTeX Font Info:    Checking defaults for OML/cmm/m/it on input line 19.
LaTeX Font Info:    ... okay on input line 19.
LaTeX Font Info:    Checking defaults for T1/cmr/m/n on input line 19.
LaTeX Font Info:    ... okay on input line 19.
LaTeX Font Info:    Checking defaults for OT1/cmr/m/n on input line 19.
LaTeX Font Info:    ... okay on input line 19.
LaTeX Font Info:    Checking defaults for OMS/cmsy/m/n on input line 19.
LaTeX Font Info:    ... okay on input line 19.
LaTeX Font Info:    Checking defaults for OMX/cmex/m/n on input line 19.
LaTeX Font Info:    ... okay on input line 19.
LaTeX Font Info:    Checking defaults for U/cmr/m/n on input line 19.
LaTeX Font Info:    ... okay on input line 19.
LaTeX Font Info:    Checking defaults for TS1/cmr/m/n on input line 19.
LaTeX Font Info:    ... okay on input line 19.
LaTeX Font Info:    Checking defaults for PD1/pdf/m/n on input line 19.
LaTeX Font Info:    ... okay on input line 19.
LaTeX Font Info:    Try loading font information for T1+lmr on input line 19.

("C:\Program Files (x86)\MiKTeX 2.9\tex\latex\lm\t1lmr.fd"
File: t1lmr.fd 2009/10/30 v1.6 Font defs for Latin Modern
)
\AtBeginShipoutBox=\box67

("C:\Program Files (x86)\MiKTeX 2.9\tex\generic\oberdiek\se-pdfdoc.def"
File: se-pdfdoc.def 2016/05/16 v1.11 stringenc: PDFDocEncoding
)
("C:\Program Files (x86)\MiKTeX 2.9\tex\generic\oberdiek\se-utf8.def"
File: se-utf8.def 2016/05/16 v1.11 stringenc: UTF-8
)
Package hyperref Info: Link coloring ON on input line 19.
LaTeX Info: Redefining \ref on input line 19.
LaTeX Info: Redefining \pageref on input line 19.
LaTeX Info: Redefining \nameref on input line 19.

(Warteschlangensimulator-Reference-en.out)
(Warteschlangensimulator-Reference-en.out)
\@outlinefile=\write4
\openout4 = `Warteschlangensimulator-Reference-en.out'.


(C:\Users\Alexa\AppData\Roaming\MiKTeX\2.9\tex\context\base\supp-pdf.mkii
[Loading MPS to PDF converter (version 2006.09.02).]
\scratchcounter=\count164
\scratchdimen=\dimen196
\scratchbox=\box68
\nofMPsegments=\count165
\nofMParguments=\count166
\everyMPshowfont=\toks49
\MPscratchCnt=\count167
\MPscratchDim=\dimen197
\MPnumerator=\count168
\makeMPintoPDFobject=\count169
\everyMPtoPDFconversion=\toks50
) ("C:\Program Files (x86)\MiKTeX 2.9\tex\latex\oberdiek\epstopdf-base.sty"
Package: epstopdf-base 2016/05/15 v2.6 Base part for package epstopdf

("C:\Program Files (x86)\MiKTeX 2.9\tex\latex\oberdiek\grfext.sty"
Package: grfext 2016/05/16 v1.2 Manage graphics extensions (HO)
)
Package epstopdf-base Info: Redefining graphics rule for `.eps' on input line 4
38.
Package grfext Info: Graphics extension search list:
(grfext)             [.png,.pdf,.jpg,.mps,.jpeg,.jbig2,.jb2,.PNG,.PDF,.JPG,.JPE
G,.JBIG2,.JB2,.eps]
(grfext)             \AppendGraphicsExtensions on input line 456.
)
<../../Warteschlangennetz-mittel.jpg, id=484, 2902.33244pt x 1981.27437pt>
File: ../../Warteschlangennetz-mittel.jpg Graphic file (type jpg)

<use ../../Warteschlangennetz-mittel.jpg>
Package pdftex.def Info: ../../Warteschlangennetz-mittel.jpg used on input line
 27.
(pdftex.def)             Requested size: 455.24408pt x 310.7524pt.
 (../../Version.tex) [1
Non-PDF special ignored!

{C:/Users/Alexa/AppData/Local/MiKTeX/2.9/pdftex/config/pdftex.map} <../../Warte
schlangennetz-mittel.jpg>]
LaTeX Font Info:    Try loading font information for OT1+lmr on input line 37.

("C:\Program Files (x86)\MiKTeX 2.9\tex\latex\lm\ot1lmr.fd"
File: ot1lmr.fd 2009/10/30 v1.6 Font defs for Latin Modern
)
LaTeX Font Info:    Try loading font information for OML+lmm on input line 37.

("C:\Program Files (x86)\MiKTeX 2.9\tex\latex\lm\omllmm.fd"
File: omllmm.fd 2009/10/30 v1.6 Font defs for Latin Modern
)
LaTeX Font Info:    Try loading font information for OMS+lmsy on input line 37.


("C:\Program Files (x86)\MiKTeX 2.9\tex\latex\lm\omslmsy.fd"
File: omslmsy.fd 2009/10/30 v1.6 Font defs for Latin Modern
)
LaTeX Font Info:    Try loading font information for OMX+lmex on input line 37.


("C:\Program Files (x86)\MiKTeX 2.9\tex\latex\lm\omxlmex.fd"
File: omxlmex.fd 2009/10/30 v1.6 Font defs for Latin Modern
)
LaTeX Font Info:    External font `lmex10' loaded for size
(Font)              <10> on input line 37.
LaTeX Font Info:    External font `lmex10' loaded for size
(Font)              <7> on input line 37.
LaTeX Font Info:    External font `lmex10' loaded for size
(Font)              <5> on input line 37.
LaTeX Font Info:    Try loading font information for U+msa on input line 37.

("C:\Program Files (x86)\MiKTeX 2.9\tex\latex\amsfonts\umsa.fd"
File: umsa.fd 2013/01/14 v3.01 AMS symbols A
)
LaTeX Font Info:    Try loading font information for U+msb on input line 37.

("C:\Program Files (x86)\MiKTeX 2.9\tex\latex\amsfonts\umsb.fd"
File: umsb.fd 2013/01/14 v3.01 AMS symbols B
)
(Warteschlangensimulator-Reference-en.toc [2


] [3] [4])
\tf@toc=\write5
\openout5 = `Warteschlangensimulator-Reference-en.toc'.

 (Reference.tex [5]
[6


]
Chapter 1.
LaTeX Font Info:    Try loading font information for T1+lmss on input line 6.
("C:\Program Files (x86)\MiKTeX 2.9\tex\latex\lm\t1lmss.fd"
File: t1lmss.fd 2009/10/30 v1.6 Font defs for Latin Modern
)
<imageModelElementSourceDB.png, id=637, 481.8pt x 258.9675pt>
File: imageModelElementSourceDB.png Graphic file (type png)

<use imageModelElementSourceDB.png>
Package pdftex.def Info: imageModelElementSourceDB.png used on input line 11.
(pdftex.def)             Requested size: 56.9055pt x 30.58476pt.
LaTeX Font Info:    Try loading font information for T1+lmtt on input line 32.

("C:\Program Files (x86)\MiKTeX 2.9\tex\latex\lm\t1lmtt.fd"
File: t1lmtt.fd 2009/10/30 v1.6 Font defs for Latin Modern
)
Overfull \hbox (47.98463pt too wide) in paragraph at lines 31--37
[]\T1/lmr/m/n/10 The client data co-lumn has to con-tain ex-pres-si-ons of the 
form "\T1/lmtt/m/n/10 ClientData(1)=5\T1/lmr/m/n/10 ", "\T1/lmtt/m/n/10 ClientD
ata('key')=TextValue\T1/lmr/m/n/10 "
 []

<imageModelElementSourceDDE.png, id=639, 481.8pt x 258.9675pt>
File: imageModelElementSourceDDE.png Graphic file (type png)

<use imageModelElementSourceDDE.png>
Package pdftex.def Info: imageModelElementSourceDDE.png used on input line 44.
(pdftex.def)             Requested size: 56.9055pt x 30.58476pt.
 [1 <./imageModelElementSourceDB.png> <./imageModelElementSourceDDE.png>]
<imageModelElementDispose.png, id=651, 481.8pt x 258.9675pt>
File: imageModelElementDispose.png Graphic file (type png)

<use imageModelElementDispose.png>
Package pdftex.def Info: imageModelElementDispose.png used on input line 81.
(pdftex.def)             Requested size: 56.9055pt x 30.58476pt.

<imageModelElementSourceMulti.png, id=652, 481.8pt x 258.9675pt>
File: imageModelElementSourceMulti.png Graphic file (type png)

<use imageModelElementSourceMulti.png>
Package pdftex.def Info: imageModelElementSourceMulti.png used on input line 10
3.
(pdftex.def)             Requested size: 56.9055pt x 30.58476pt.
 [2 <./imageModelElementDispose.png> <./imageModelElementSourceMulti.png>]
<imageModelElementDisposeWithTable.png, id=663, 481.8pt x 258.9675pt>
File: imageModelElementDisposeWithTable.png Graphic file (type png)

<use imageModelElementDisposeWithTable.png>
Package pdftex.def Info: imageModelElementDisposeWithTable.png used on input li
ne 169.
(pdftex.def)             Requested size: 56.9055pt x 30.58476pt.

<imageModelElementSource.png, id=665, 481.8pt x 258.9675pt>
File: imageModelElementSource.png Graphic file (type png)

<use imageModelElementSource.png>
Package pdftex.def Info: imageModelElementSource.png used on input line 197.
(pdftex.def)             Requested size: 56.9055pt x 30.58476pt.
 [3 <./imageModelElementDisposeWithTable.png>] [4 <./imageModelElementSource.pn
g>]
<imageModelElementSourceTable.png, id=687, 481.8pt x 258.9675pt>
File: imageModelElementSourceTable.png Graphic file (type png)

<use imageModelElementSourceTable.png>
Package pdftex.def Info: imageModelElementSourceTable.png used on input line 25
9.
(pdftex.def)             Requested size: 56.9055pt x 30.58476pt.
 [5 <./imageModelElementSourceTable.png>] [6


]
Chapter 2.
<imageModelElementDelay.png, id=699, 481.8pt x 258.9675pt>
File: imageModelElementDelay.png Graphic file (type png)

<use imageModelElementDelay.png>
Package pdftex.def Info: imageModelElementDelay.png used on input line 305.
(pdftex.def)             Requested size: 56.9055pt x 30.58476pt.

<imageModelElementProcess.png, id=700, 481.8pt x 258.9675pt>
File: imageModelElementProcess.png Graphic file (type png)

<use imageModelElementProcess.png>
Package pdftex.def Info: imageModelElementProcess.png used on input line 329.
(pdftex.def)             Requested size: 56.9055pt x 30.58476pt.
 [7 <./imageModelElementDelay.png> <./imageModelElementProcess.png>] [8] [9] [1
0


]
Chapter 3.
<imageModelElementAssignString.png, id=730, 481.8pt x 258.9675pt>
File: imageModelElementAssignString.png Graphic file (type png)

<use imageModelElementAssignString.png>
Package pdftex.def Info: imageModelElementAssignString.png used on input line 4
49.
(pdftex.def)             Requested size: 56.9055pt x 30.58476pt.

<imageModelElementCounterBatch.png, id=731, 481.8pt x 258.9675pt>
File: imageModelElementCounterBatch.png Graphic file (type png)

<use imageModelElementCounterBatch.png>
Package pdftex.def Info: imageModelElementCounterBatch.png used on input line 4
66.
(pdftex.def)             Requested size: 56.9055pt x 30.58476pt.

<imageModelElementSetStatisticsMode.png, id=732, 481.8pt x 258.9675pt>
File: imageModelElementSetStatisticsMode.png Graphic file (type png)

<use imageModelElementSetStatisticsMode.png>
Package pdftex.def Info: imageModelElementSetStatisticsMode.png used on input l
ine 483.
(pdftex.def)             Requested size: 56.9055pt x 30.58476pt.

<imageModelElementCosts.png, id=733, 481.8pt x 258.9675pt>
File: imageModelElementCosts.png Graphic file (type png)

<use imageModelElementCosts.png>
Package pdftex.def Info: imageModelElementCosts.png used on input line 502.
(pdftex.def)             Requested size: 56.9055pt x 30.58476pt.
 [11 <./imageModelElementAssignString.png> <./imageModelElementCounterBatch.png
> <./imageModelElementSetStatisticsMode.png>]
<imageModelElementCounter.png, id=744, 481.8pt x 258.9675pt>
File: imageModelElementCounter.png Graphic file (type png)

<use imageModelElementCounter.png>
Package pdftex.def Info: imageModelElementCounter.png used on input line 520.
(pdftex.def)             Requested size: 56.9055pt x 30.58476pt.

<imageModelElementDifferentialCounter.png, id=745, 481.8pt x 258.9675pt>
File: imageModelElementDifferentialCounter.png Graphic file (type png)

<use imageModelElementDifferentialCounter.png>
Package pdftex.def Info: imageModelElementDifferentialCounter.png used on input
 line 539.
(pdftex.def)             Requested size: 56.9055pt x 30.58476pt.

<imageModelElementSectionStart.png, id=746, 481.8pt x 258.9675pt>
File: imageModelElementSectionStart.png Graphic file (type png)

<use imageModelElementSectionStart.png>
Package pdftex.def Info: imageModelElementSectionStart.png used on input line 5
58.
(pdftex.def)             Requested size: 56.9055pt x 30.58476pt.

<imageModelElementSectionEnd.png, id=749, 481.8pt x 258.9675pt>
File: imageModelElementSectionEnd.png Graphic file (type png)

<use imageModelElementSectionEnd.png>
Package pdftex.def Info: imageModelElementSectionEnd.png used on input line 581
.
(pdftex.def)             Requested size: 56.9055pt x 30.58476pt.
 [12 <./imageModelElementCosts.png> <./imageModelElementCounter.png> <./imageMo
delElementDifferentialCounter.png> <./imageModelElementSectionStart.png>]
<imageModelElementCounterMulti.png, id=765, 481.8pt x 258.9675pt>
File: imageModelElementCounterMulti.png Graphic file (type png)

<use imageModelElementCounterMulti.png>
Package pdftex.def Info: imageModelElementCounterMulti.png used on input line 6
03.
(pdftex.def)             Requested size: 56.9055pt x 30.58476pt.

<imageModelElementSetJS.png, id=768, 481.8pt x 258.9675pt>
File: imageModelElementSetJS.png Graphic file (type png)

<use imageModelElementSetJS.png>
Package pdftex.def Info: imageModelElementSetJS.png used on input line 629.
(pdftex.def)             Requested size: 56.9055pt x 30.58476pt.

<imageModelElementStateStatistics.png, id=770, 481.8pt x 258.9675pt>
File: imageModelElementStateStatistics.png Graphic file (type png)

<use imageModelElementStateStatistics.png>
Package pdftex.def Info: imageModelElementStateStatistics.png used on input lin
e 655.
(pdftex.def)             Requested size: 56.9055pt x 30.58476pt.
 [13 <./imageModelElementSectionEnd.png> <./imageModelElementCounterMulti.png> 
<./imageModelElementSetJS.png>]
<imageModelElementThroughput.png, id=783, 481.8pt x 258.9675pt>
File: imageModelElementThroughput.png Graphic file (type png)

<use imageModelElementThroughput.png>
Package pdftex.def Info: imageModelElementThroughput.png used on input line 675
.
(pdftex.def)             Requested size: 56.9055pt x 30.58476pt.

<imageModelElementAssign.png, id=784, 481.8pt x 258.9675pt>
File: imageModelElementAssign.png Graphic file (type png)

<use imageModelElementAssign.png>
Package pdftex.def Info: imageModelElementAssign.png used on input line 695.
(pdftex.def)             Requested size: 56.9055pt x 30.58476pt.

<imageModelElementSet.png, id=785, 481.8pt x 258.9675pt>
File: imageModelElementSet.png Graphic file (type png)

<use imageModelElementSet.png>
Package pdftex.def Info: imageModelElementSet.png used on input line 711.
(pdftex.def)             Requested size: 56.9055pt x 30.58476pt.
 [14 <./imageModelElementStateStatistics.png> <./imageModelElementThroughput.pn
g> <./imageModelElementAssign.png> <./imageModelElementSet.png>] [15] [16


]
Chapter 4.
<imageModelElementBalking.png, id=809, 481.8pt x 258.9675pt>
File: imageModelElementBalking.png Graphic file (type png)

<use imageModelElementBalking.png>
Package pdftex.def Info: imageModelElementBalking.png used on input line 746.
(pdftex.def)             Requested size: 56.9055pt x 30.58476pt.

<imageModelElementDecide.png, id=810, 481.8pt x 258.9675pt>
File: imageModelElementDecide.png Graphic file (type png)

<use imageModelElementDecide.png>
Package pdftex.def Info: imageModelElementDecide.png used on input line 771.
(pdftex.def)             Requested size: 56.9055pt x 30.58476pt.
LaTeX Font Info:    Try loading font information for OMS+lmr on input line 780.


("C:\Program Files (x86)\MiKTeX 2.9\tex\latex\lm\omslmr.fd"
File: omslmr.fd 2009/10/30 v1.6 Font defs for Latin Modern
)
LaTeX Font Info:    Font shape `OMS/lmr/m/n' in size <10> not available
(Font)              Font shape `OMS/lmsy/m/n' tried instead on input line 780.
 [17 <./imageModelElementBalking.png> <./imageModelElementDecide.png>] [18]
<imageModelElementDecideJS.png, id=827, 481.8pt x 258.9675pt>
File: imageModelElementDecideJS.png Graphic file (type png)

<use imageModelElementDecideJS.png>
Package pdftex.def Info: imageModelElementDecideJS.png used on input line 880.
(pdftex.def)             Requested size: 56.9055pt x 30.58476pt.

<imageModelElementDuplicate.png, id=828, 481.8pt x 258.9675pt>
File: imageModelElementDuplicate.png Graphic file (type png)

<use imageModelElementDuplicate.png>
Package pdftex.def Info: imageModelElementDuplicate.png used on input line 901.

(pdftex.def)             Requested size: 56.9055pt x 30.58476pt.
 [19 <./imageModelElementDecideJS.png> <./imageModelElementDuplicate.png>] [20


]
Chapter 5.
<imageModelElementBarrier.png, id=843, 481.8pt x 258.9675pt>
File: imageModelElementBarrier.png Graphic file (type png)

<use imageModelElementBarrier.png>
Package pdftex.def Info: imageModelElementBarrier.png used on input line 925.
(pdftex.def)             Requested size: 56.9055pt x 30.58476pt.

<imageModelElementHold.png, id=846, 481.8pt x 258.9675pt>
File: imageModelElementHold.png Graphic file (type png)

<use imageModelElementHold.png>
Package pdftex.def Info: imageModelElementHold.png used on input line 948.
(pdftex.def)             Requested size: 56.9055pt x 30.58476pt.

<imageModelElementHoldJS.png, id=847, 481.8pt x 258.9675pt>
File: imageModelElementHoldJS.png Graphic file (type png)

<use imageModelElementHoldJS.png>
Package pdftex.def Info: imageModelElementHoldJS.png used on input line 977.
(pdftex.def)             Requested size: 56.9055pt x 30.58476pt.
 [21 <./imageModelElementBarrier.png> <./imageModelElementHold.png>]
<imageModelElementHoldMulti.png, id=856, 481.8pt x 258.9675pt>
File: imageModelElementHoldMulti.png Graphic file (type png)

<use imageModelElementHoldMulti.png>
Package pdftex.def Info: imageModelElementHoldMulti.png used on input line 1003
.
(pdftex.def)             Requested size: 56.9055pt x 30.58476pt.

<imageModelElementBarrierPull.png, id=857, 481.8pt x 258.9675pt>
File: imageModelElementBarrierPull.png Graphic file (type png)

<use imageModelElementBarrierPull.png>
Package pdftex.def Info: imageModelElementBarrierPull.png used on input line 10
29.
(pdftex.def)             Requested size: 56.9055pt x 30.58476pt.

<imageModelElementRelease.png, id=858, 481.8pt x 258.9675pt>
File: imageModelElementRelease.png Graphic file (type png)

<use imageModelElementRelease.png>
Package pdftex.def Info: imageModelElementRelease.png used on input line 1056.
(pdftex.def)             Requested size: 56.9055pt x 30.58476pt.
 [22 <./imageModelElementHoldJS.png> <./imageModelElementHoldMulti.png> <./imag
eModelElementBarrierPull.png>]
<imageModelElementSeize.png, id=874, 481.8pt x 258.9675pt>
File: imageModelElementSeize.png Graphic file (type png)

<use imageModelElementSeize.png>
Package pdftex.def Info: imageModelElementSeize.png used on input line 1081.
(pdftex.def)             Requested size: 56.9055pt x 30.58476pt.

<imageModelElementSignal.png, id=880, 481.8pt x 258.9675pt>
File: imageModelElementSignal.png Graphic file (type png)

<use imageModelElementSignal.png>
Package pdftex.def Info: imageModelElementSignal.png used on input line 1113.
(pdftex.def)             Requested size: 56.9055pt x 30.58476pt.
 [23 <./imageModelElementRelease.png> <./imageModelElementSeize.png> <./imageMo
delElementSignal.png>] [24


]
Chapter 6.
<imageModelElementBatch.png, id=896, 481.8pt x 258.9675pt>
File: imageModelElementBatch.png Graphic file (type png)

<use imageModelElementBatch.png>
Package pdftex.def Info: imageModelElementBatch.png used on input line 1135.
(pdftex.def)             Requested size: 56.9055pt x 30.58476pt.

<imageModelElementMatch.png, id=898, 481.8pt x 258.9675pt>
File: imageModelElementMatch.png Graphic file (type png)

<use imageModelElementMatch.png>
Package pdftex.def Info: imageModelElementMatch.png used on input line 1159.
(pdftex.def)             Requested size: 56.9055pt x 30.58476pt.

<imageModelElementBatchMulti.png, id=900, 481.8pt x 258.9675pt>
File: imageModelElementBatchMulti.png Graphic file (type png)

<use imageModelElementBatchMulti.png>
Package pdftex.def Info: imageModelElementBatchMulti.png used on input line 118
4.
(pdftex.def)             Requested size: 56.9055pt x 30.58476pt.
 [25 <./imageModelElementBatch.png> <./imageModelElementMatch.png>]
<imageModelElementPickUp.png, id=912, 481.8pt x 258.9675pt>
File: imageModelElementPickUp.png Graphic file (type png)

<use imageModelElementPickUp.png>
Package pdftex.def Info: imageModelElementPickUp.png used on input line 1211.
(pdftex.def)             Requested size: 56.9055pt x 30.58476pt.

<imageModelElementSeparate.png, id=917, 481.8pt x 258.9675pt>
File: imageModelElementSeparate.png Graphic file (type png)

<use imageModelElementSeparate.png>
Package pdftex.def Info: imageModelElementSeparate.png used on input line 1239.

(pdftex.def)             Requested size: 56.9055pt x 30.58476pt.

<imageModelElementSplit.png, id=921, 481.8pt x 258.9675pt>
File: imageModelElementSplit.png Graphic file (type png)

<use imageModelElementSplit.png>
Package pdftex.def Info: imageModelElementSplit.png used on input line 1257.
(pdftex.def)             Requested size: 56.9055pt x 30.58476pt.
 [26 <./imageModelElementBatchMulti.png> <./imageModelElementPickUp.png> <./ima
geModelElementSeparate.png>] [27 <./imageModelElementSplit.png>] [28


]
Chapter 7.
<imageModelElementAssignSequence.png, id=948, 481.8pt x 258.9675pt>
File: imageModelElementAssignSequence.png Graphic file (type png)

<use imageModelElementAssignSequence.png>
Package pdftex.def Info: imageModelElementAssignSequence.png used on input line
 1309.
(pdftex.def)             Requested size: 56.9055pt x 30.58476pt.

<imageModelElementConveyor.png, id=950, 682.55pt x 178.6675pt>
File: imageModelElementConveyor.png Graphic file (type png)

<use imageModelElementConveyor.png>
Package pdftex.def Info: imageModelElementConveyor.png used on input line 1328.

(pdftex.def)             Requested size: 56.9055pt x 14.89346pt.

<imageModelElementTransportParking.png, id=951, 481.8pt x 258.9675pt>
File: imageModelElementTransportParking.png Graphic file (type png)

<use imageModelElementTransportParking.png>
Package pdftex.def Info: imageModelElementTransportParking.png used on input li
ne 1354.
(pdftex.def)             Requested size: 56.9055pt x 30.58476pt.
 [29 <./imageModelElementAssignSequence.png> <./imageModelElementConveyor.png> 
<./imageModelElementTransportParking.png>]
<imageModelElementTeleportDestination.png, id=961, 200.75pt x 178.6675pt>
File: imageModelElementTeleportDestination.png Graphic file (type png)

<use imageModelElementTeleportDestination.png>
Package pdftex.def Info: imageModelElementTeleportDestination.png used on input
 line 1387.
(pdftex.def)             Requested size: 56.9055pt x 50.6454pt.

<imageModelElementTeleportSource.png, id=963, 200.75pt x 178.6675pt>
File: imageModelElementTeleportSource.png Graphic file (type png)

<use imageModelElementTeleportSource.png>
Package pdftex.def Info: imageModelElementTeleportSource.png used on input line
 1411.
(pdftex.def)             Requested size: 56.9055pt x 50.6454pt.

<imageModelElementTransportDestination.png, id=966, 481.8pt x 258.9675pt>
File: imageModelElementTransportDestination.png Graphic file (type png)

<use imageModelElementTransportDestination.png>
Package pdftex.def Info: imageModelElementTransportDestination.png used on inpu
t line 1435.
(pdftex.def)             Requested size: 56.9055pt x 30.58476pt.
 [30 <./imageModelElementTeleportDestination.png> <./imageModelElementTeleportS
ource.png>]
<imageModelElementTransportSource.png, id=977, 481.8pt x 258.9675pt>
File: imageModelElementTransportSource.png Graphic file (type png)

<use imageModelElementTransportSource.png>
Package pdftex.def Info: imageModelElementTransportSource.png used on input lin
e 1456.
(pdftex.def)             Requested size: 56.9055pt x 30.58476pt.

<imageModelElementTransportTransporterSource.png, id=979, 481.8pt x 258.9675pt>
File: imageModelElementTransportTransporterSource.png Graphic file (type png)
<use imageModelElementTransportTransporterSource.png>
Package pdftex.def Info: imageModelElementTransportTransporterSource.png used o
n input line 1501.
(pdftex.def)             Requested size: 56.9055pt x 30.58476pt.
 [31 <./imageModelElementTransportDestination.png> <./imageModelElementTranspor
tSource.png> <./imageModelElementTransportTransporterSource.png>]
<imageModelElementWayPoint.png, id=992, 144.54pt x 122.4575pt>
File: imageModelElementWayPoint.png Graphic file (type png)

<use imageModelElementWayPoint.png>
Package pdftex.def Info: imageModelElementWayPoint.png used on input line 1547.

(pdftex.def)             Requested size: 56.9055pt x 48.2104pt.
 [32 <./imageModelElementWayPoint.png>]
Chapter 8.
<imageModelElementInput.png, id=1000, 481.8pt x 258.9675pt>
File: imageModelElementInput.png Graphic file (type png)

<use imageModelElementInput.png>
Package pdftex.def Info: imageModelElementInput.png used on input line 1575.
(pdftex.def)             Requested size: 56.9055pt x 30.58476pt.

<imageModelElementInputDB.png, id=1002, 481.8pt x 258.9675pt>
File: imageModelElementInputDB.png Graphic file (type png)

<use imageModelElementInputDB.png>
Package pdftex.def Info: imageModelElementInputDB.png used on input line 1607.
(pdftex.def)             Requested size: 56.9055pt x 30.58476pt.
 [33


 <./imageModelElementInput.png> <./imageModelElementInputDB.png>]
<imageModelElementInputDDE.png, id=1012, 481.8pt x 258.9675pt>
File: imageModelElementInputDDE.png Graphic file (type png)

<use imageModelElementInputDDE.png>
Package pdftex.def Info: imageModelElementInputDDE.png used on input line 1633.

(pdftex.def)             Requested size: 56.9055pt x 30.58476pt.

<imageModelElementInputJS.png, id=1013, 481.8pt x 258.9675pt>
File: imageModelElementInputJS.png Graphic file (type png)

<use imageModelElementInputJS.png>
Package pdftex.def Info: imageModelElementInputJS.png used on input line 1658.
(pdftex.def)             Requested size: 56.9055pt x 30.58476pt.

<imageModelElementOutput.png, id=1015, 481.8pt x 258.9675pt>
File: imageModelElementOutput.png Graphic file (type png)

<use imageModelElementOutput.png>
Package pdftex.def Info: imageModelElementOutput.png used on input line 1688.
(pdftex.def)             Requested size: 56.9055pt x 30.58476pt.
 [34 <./imageModelElementInputDDE.png> <./imageModelElementInputJS.png> <./imag
eModelElementOutput.png>]
<imageModelElementOutputDB.png, id=1027, 481.8pt x 258.9675pt>
File: imageModelElementOutputDB.png Graphic file (type png)

<use imageModelElementOutputDB.png>
Package pdftex.def Info: imageModelElementOutputDB.png used on input line 1712.

(pdftex.def)             Requested size: 56.9055pt x 30.58476pt.

<imageModelElementOutputDDE.png, id=1028, 481.8pt x 258.9675pt>
File: imageModelElementOutputDDE.png Graphic file (type png)

<use imageModelElementOutputDDE.png>
Package pdftex.def Info: imageModelElementOutputDDE.png used on input line 1731
.
(pdftex.def)             Requested size: 56.9055pt x 30.58476pt.

<imageModelElementOutputLog.png, id=1029, 481.8pt x 258.9675pt>
File: imageModelElementOutputLog.png Graphic file (type png)

<use imageModelElementOutputLog.png>
Package pdftex.def Info: imageModelElementOutputLog.png used on input line 1749
.
(pdftex.def)             Requested size: 56.9055pt x 30.58476pt.

<imageModelElementOutputJS.png, id=1030, 481.8pt x 258.9675pt>
File: imageModelElementOutputJS.png Graphic file (type png)

<use imageModelElementOutputJS.png>
Package pdftex.def Info: imageModelElementOutputJS.png used on input line 1767.

(pdftex.def)             Requested size: 56.9055pt x 30.58476pt.
 [35 <./imageModelElementOutputDB.png> <./imageModelElementOutputDDE.png> <./im
ageModelElementOutputLog.png>]
<imageModelElementRecord.png, id=1044, 481.8pt x 258.9675pt>
File: imageModelElementRecord.png Graphic file (type png)

<use imageModelElementRecord.png>
Package pdftex.def Info: imageModelElementRecord.png used on input line 1794.
(pdftex.def)             Requested size: 56.9055pt x 30.58476pt.
 [36 <./imageModelElementOutputJS.png> <./imageModelElementRecord.png>]
Chapter 9.
<imageModelElementLogicDo.png, id=1057, 281.05pt x 258.9675pt>
File: imageModelElementLogicDo.png Graphic file (type png)

<use imageModelElementLogicDo.png>
Package pdftex.def Info: imageModelElementLogicDo.png used on input line 1828.
(pdftex.def)             Requested size: 56.9055pt x 52.43272pt.

<imageModelElementLogicElse.png, id=1059, 281.05pt x 258.9675pt>
File: imageModelElementLogicElse.png Graphic file (type png)

<use imageModelElementLogicElse.png>
Package pdftex.def Info: imageModelElementLogicElse.png used on input line 1846
.
(pdftex.def)             Requested size: 56.9055pt x 52.43272pt.

<imageModelElementLogicElseIf.png, id=1063, 281.05pt x 258.9675pt>
File: imageModelElementLogicElseIf.png Graphic file (type png)

<use imageModelElementLogicElseIf.png>
Package pdftex.def Info: imageModelElementLogicElseIf.png used on input line 18
67.
(pdftex.def)             Requested size: 56.9055pt x 52.43272pt.

<imageModelElementLogicEndIf.png, id=1069, 281.05pt x 258.9675pt>
File: imageModelElementLogicEndIf.png Graphic file (type png)

<use imageModelElementLogicEndIf.png>
Package pdftex.def Info: imageModelElementLogicEndIf.png used on input line 189
2.
(pdftex.def)             Requested size: 56.9055pt x 52.43272pt.
 [37


 <./imageModelElementLogicDo.png> <./imageModelElementLogicElse.png> <./imageMo
delElementLogicElseIf.png>]

Package wrapfig Warning: Collision between wrapping environments on input line 
1908.

<imageModelElementLogicEndWhile.png, id=1082, 281.05pt x 258.9675pt>
File: imageModelElementLogicEndWhile.png Graphic file (type png)

<use imageModelElementLogicEndWhile.png>
Package pdftex.def Info: imageModelElementLogicEndWhile.png used on input line 
1910.
(pdftex.def)             Requested size: 56.9055pt x 52.43272pt.


Package wrapfig Warning: Stationary wrapfigure forced to float on input line 19
14.

<imageModelElementLogicIf.png, id=1084, 281.05pt x 258.9675pt>
File: imageModelElementLogicIf.png Graphic file (type png)

<use imageModelElementLogicIf.png>
Package pdftex.def Info: imageModelElementLogicIf.png used on input line 1932.
(pdftex.def)             Requested size: 56.9055pt x 52.43272pt.

<imageModelElementLogicUntil.png, id=1088, 281.05pt x 258.9675pt>
File: imageModelElementLogicUntil.png Graphic file (type png)

<use imageModelElementLogicUntil.png>
Package pdftex.def Info: imageModelElementLogicUntil.png used on input line 195
3.
(pdftex.def)             Requested size: 56.9055pt x 52.43272pt.

<imageModelElementLogicWhile.png, id=1090, 281.05pt x 258.9675pt>
File: imageModelElementLogicWhile.png Graphic file (type png)

<use imageModelElementLogicWhile.png>
Package pdftex.def Info: imageModelElementLogicWhile.png used on input line 197
3.
(pdftex.def)             Requested size: 56.9055pt x 52.43272pt.
 [38 <./imageModelElementLogicEndIf.png> <./imageModelElementLogicEndWhile.png>
 <./imageModelElementLogicIf.png> <./imageModelElementLogicUntil.png>] [39 <./i
mageModelElementLogicWhile.png>] [40


]
Chapter 10.
<imageModelElementAnalogValue.png, id=1114, 481.8pt x 258.9675pt>
File: imageModelElementAnalogValue.png Graphic file (type png)

<use imageModelElementAnalogValue.png>
Package pdftex.def Info: imageModelElementAnalogValue.png used on input line 19
98.
(pdftex.def)             Requested size: 56.9055pt x 30.58476pt.

<imageModelElementAnalogAssign.png, id=1116, 481.8pt x 258.9675pt>
File: imageModelElementAnalogAssign.png Graphic file (type png)

<use imageModelElementAnalogAssign.png>
Package pdftex.def Info: imageModelElementAnalogAssign.png used on input line 2
022.
(pdftex.def)             Requested size: 56.9055pt x 30.58476pt.

<imageModelElementTankFlowByClient.png, id=1119, 481.8pt x 258.9675pt>
File: imageModelElementTankFlowByClient.png Graphic file (type png)

<use imageModelElementTankFlowByClient.png>
Package pdftex.def Info: imageModelElementTankFlowByClient.png used on input li
ne 2042.
(pdftex.def)             Requested size: 56.9055pt x 30.58476pt.
 [41 <./imageModelElementAnalogValue.png> <./imageModelElementAnalogAssign.png>
 <./imageModelElementTankFlowByClient.png>] <imageModelElementTankFlowBySignal.
png, id=1130, 481.8pt x 258.9675pt>
File: imageModelElementTankFlowBySignal.png Graphic file (type png)

<use imageModelElementTankFlowBySignal.png>
Package pdftex.def Info: imageModelElementTankFlowBySignal.png used on input li
ne 2068.
(pdftex.def)             Requested size: 56.9055pt x 30.58476pt.

<imageModelElementTankSensor.png, id=1132, 481.8pt x 258.9675pt>
File: imageModelElementTankSensor.png Graphic file (type png)

<use imageModelElementTankSensor.png>
Package pdftex.def Info: imageModelElementTankSensor.png used on input line 209
5.
(pdftex.def)             Requested size: 56.9055pt x 30.58476pt.

<imageModelElementTank.png, id=1135, 481.8pt x 258.9675pt>
File: imageModelElementTank.png Graphic file (type png)

<use imageModelElementTank.png>
Package pdftex.def Info: imageModelElementTank.png used on input line 2115.
(pdftex.def)             Requested size: 56.9055pt x 30.58476pt.
 [42 <./imageModelElementTankFlowBySignal.png> <./imageModelElementTankSensor.p
ng> <./imageModelElementTank.png>]
<imageModelElementTankValveSetup.png, id=1149, 481.8pt x 258.9675pt>
File: imageModelElementTankValveSetup.png Graphic file (type png)

<use imageModelElementTankValveSetup.png>
Package pdftex.def Info: imageModelElementTankValveSetup.png used on input line
 2148.
(pdftex.def)             Requested size: 56.9055pt x 30.58476pt.
 [43 <./imageModelElementTankValveSetup.png>] [44


]
Chapter 11.

<imageModelElementAnimationPointerMeasuring.png, id=1163, 481.8pt x 258.9675pt>
File: imageModelElementAnimationPointerMeasuring.png Graphic file (type png)
<use imageModelElementAnimationPointerMeasuring.png>
Package pdftex.def Info: imageModelElementAnimationPointerMeasuring.png used on
 input line 2171.
(pdftex.def)             Requested size: 56.9055pt x 30.58476pt.

<imageModelElementAnimationImage.png, id=1164, 281.05pt x 258.9675pt>
File: imageModelElementAnimationImage.png Graphic file (type png)

<use imageModelElementAnimationImage.png>
Package pdftex.def Info: imageModelElementAnimationImage.png used on input line
 2193.
(pdftex.def)             Requested size: 56.9055pt x 52.43272pt.

<imageModelElementClientIcon.png, id=1165, 481.8pt x 258.9675pt>
File: imageModelElementClientIcon.png Graphic file (type png)

<use imageModelElementClientIcon.png>
Package pdftex.def Info: imageModelElementClientIcon.png used on input line 221
6.
(pdftex.def)             Requested size: 56.9055pt x 30.58476pt.

<imageModelElementAnimationLCD.png, id=1166, 180.675pt x 258.9675pt>
File: imageModelElementAnimationLCD.png Graphic file (type png)

<use imageModelElementAnimationLCD.png>
Package pdftex.def Info: imageModelElementAnimationLCD.png used on input line 2
233.
(pdftex.def)             Requested size: 56.9055pt x 81.56332pt.
 [45 <./imageModelElementAnimationPointerMeasuring.png> <./imageModelElementAni
mationImage.png> <./imageModelElementClientIcon.png>]
<imageModelElementAnimationTextJS.png, id=1177, 273.02pt x 178.6675pt>
File: imageModelElementAnimationTextJS.png Graphic file (type png)

<use imageModelElementAnimationTextJS.png>
Package pdftex.def Info: imageModelElementAnimationTextJS.png used on input lin
e 2254.
(pdftex.def)             Requested size: 56.9055pt x 37.23775pt.

<imageModelElementAnimationRecord.png, id=1178, 381.425pt x 359.3425pt>
File: imageModelElementAnimationRecord.png Graphic file (type png)

<use imageModelElementAnimationRecord.png>
Package pdftex.def Info: imageModelElementAnimationRecord.png used on input lin
e 2273.
(pdftex.def)             Requested size: 56.9055pt x 53.60843pt.

<imageModelElementAnimationBar.png, id=1180, 281.05pt x 258.9675pt>
File: imageModelElementAnimationBar.png Graphic file (type png)

<use imageModelElementAnimationBar.png>
Package pdftex.def Info: imageModelElementAnimationBar.png used on input line 2
295.
(pdftex.def)             Requested size: 56.9055pt x 52.43272pt.
 [46 <./imageModelElementAnimationLCD.png> <./imageModelElementAnimationTextJS.
png> <./imageModelElementAnimationRecord.png> <./imageModelElementAnimationBar.
png>]
<imageModelElementAnimationBarStack.png, id=1192, 281.05pt x 258.9675pt>
File: imageModelElementAnimationBarStack.png Graphic file (type png)

<use imageModelElementAnimationBarStack.png>
Package pdftex.def Info: imageModelElementAnimationBarStack.png used on input l
ine 2315.
(pdftex.def)             Requested size: 56.9055pt x 52.43272pt.

<imageModelElementAnimationText.png, id=1193, 224.84pt x 178.6675pt>
File: imageModelElementAnimationText.png Graphic file (type png)

<use imageModelElementAnimationText.png>
Package pdftex.def Info: imageModelElementAnimationText.png used on input line 
2336.
(pdftex.def)             Requested size: 56.9055pt x 45.22018pt.

<imageModelElementAnimationBarChart.png, id=1194, 381.425pt x 359.3425pt>
File: imageModelElementAnimationBarChart.png Graphic file (type png)

<use imageModelElementAnimationBarChart.png>
Package pdftex.def Info: imageModelElementAnimationBarChart.png used on input l
ine 2358.
(pdftex.def)             Requested size: 56.9055pt x 53.60843pt.

<imageModelElementAnimationDiagram.png, id=1195, 381.425pt x 359.3425pt>
File: imageModelElementAnimationDiagram.png Graphic file (type png)

<use imageModelElementAnimationDiagram.png>
Package pdftex.def Info: imageModelElementAnimationDiagram.png used on input li
ne 2380.
(pdftex.def)             Requested size: 56.9055pt x 53.60843pt.
 [47 <./imageModelElementAnimationBarStack.png> <./imageModelElementAnimationTe
xt.png> <./imageModelElementAnimationBarChart.png>]
<imageModelElementAnimationPieChart.png, id=1207, 381.425pt x 359.3425pt>
File: imageModelElementAnimationPieChart.png Graphic file (type png)

<use imageModelElementAnimationPieChart.png>
Package pdftex.def Info: imageModelElementAnimationPieChart.png used on input l
ine 2402.
(pdftex.def)             Requested size: 56.9055pt x 53.60843pt.

<imageModelElementAnimationTrafficLights.png, id=1208, 281.05pt x 459.7175pt>
File: imageModelElementAnimationTrafficLights.png Graphic file (type png)

<use imageModelElementAnimationTrafficLights.png>
Package pdftex.def Info: imageModelElementAnimationTrafficLights.png used on in
put line 2421.
(pdftex.def)             Requested size: 56.9055pt x 93.07825pt.

<imageModelElementAnimationClock.png, id=1209, 281.05pt x 258.9675pt>
File: imageModelElementAnimationClock.png Graphic file (type png)

<use imageModelElementAnimationClock.png>
Package pdftex.def Info: imageModelElementAnimationClock.png used on input line
 2443.
(pdftex.def)             Requested size: 56.9055pt x 52.43272pt.
 [48 <./imageModelElementAnimationDiagram.png> <./imageModelElementAnimationPie
Chart.png> <./imageModelElementAnimationTrafficLights.png> <./imageModelElement
AnimationClock.png>]
<imageModelElementAnimationTextSelect.png, id=1221, 184.69pt x 178.6675pt>
File: imageModelElementAnimationTextSelect.png Graphic file (type png)

<use imageModelElementAnimationTextSelect.png>
Package pdftex.def Info: imageModelElementAnimationTextSelect.png used on input
 line 2462.
(pdftex.def)             Requested size: 56.9055pt x 55.0483pt.
 [49 <./imageModelElementAnimationTextSelect.png>] [50


]
Chapter 12.
<imageModelElementInteractiveButton.png, id=1234, 481.8pt x 258.9675pt>
File: imageModelElementInteractiveButton.png Graphic file (type png)

<use imageModelElementInteractiveButton.png>
Package pdftex.def Info: imageModelElementInteractiveButton.png used on input l
ine 2489.
(pdftex.def)             Requested size: 56.9055pt x 30.58476pt.

<imageModelElementInteractiveCheckbox.png, id=1237, 409.53pt x 130.4875pt>
File: imageModelElementInteractiveCheckbox.png Graphic file (type png)

<use imageModelElementInteractiveCheckbox.png>
Package pdftex.def Info: imageModelElementInteractiveCheckbox.png used on input
 line 2519.
(pdftex.def)             Requested size: 56.9055pt x 18.13074pt.

<imageModelElementInteractiveRadiobutton.png, id=1238, 329.23pt x 130.4875pt>
File: imageModelElementInteractiveRadiobutton.png Graphic file (type png)

<use imageModelElementInteractiveRadiobutton.png>
Package pdftex.def Info: imageModelElementInteractiveRadiobutton.png used on in
put line 2541.
(pdftex.def)             Requested size: 56.9055pt x 22.55292pt.
 [51 <./imageModelElementInteractiveButton.png> <./imageModelElementInteractive
Checkbox.png>]
<imageModelElementInteractiveSlider.png, id=1247, 682.55pt x 258.9675pt>
File: imageModelElementInteractiveSlider.png Graphic file (type png)

<use imageModelElementInteractiveSlider.png>
Package pdftex.def Info: imageModelElementInteractiveSlider.png used on input l
ine 2562.
(pdftex.def)             Requested size: 56.9055pt x 21.58714pt.
 [52 <./imageModelElementInteractiveRadiobutton.png> <./imageModelElementIntera
ctiveSlider.png>]
Chapter 13.
<imageModelElementVertex.png, id=1256, 120.45pt x 98.3675pt>
File: imageModelElementVertex.png Graphic file (type png)

<use imageModelElementVertex.png>
Package pdftex.def Info: imageModelElementVertex.png used on input line 2588.
(pdftex.def)             Requested size: 56.9055pt x 46.47287pt.

<imageModelElementText.png, id=1257, 465.74pt x 130.4875pt>
File: imageModelElementText.png Graphic file (type png)

<use imageModelElementText.png>
Package pdftex.def Info: imageModelElementText.png used on input line 2607.
(pdftex.def)             Requested size: 56.9055pt x 15.94254pt.

<imageModelElementEllipse.png, id=1258, 281.05pt x 258.9675pt>
File: imageModelElementEllipse.png Graphic file (type png)

<use imageModelElementEllipse.png>
Package pdftex.def Info: imageModelElementEllipse.png used on input line 2625.
(pdftex.def)             Requested size: 56.9055pt x 52.43272pt.

<imageModelElementImage.png, id=1261, 281.05pt x 258.9675pt>
File: imageModelElementImage.png Graphic file (type png)

<use imageModelElementImage.png>
Package pdftex.def Info: imageModelElementImage.png used on input line 2642.
(pdftex.def)             Requested size: 56.9055pt x 52.43272pt.
 [53


 <./imageModelElementVertex.png> <./imageModelElementText.png> <./imageModelEle
mentEllipse.png>]
<imageModelElementLine.png, id=1272, 281.05pt x 258.9675pt>
File: imageModelElementLine.png Graphic file (type png)

<use imageModelElementLine.png>
Package pdftex.def Info: imageModelElementLine.png used on input line 2662.
(pdftex.def)             Requested size: 56.9055pt x 52.43272pt.

<imageModelElementNote.png, id=1275, 200.75pt x 178.6675pt>
File: imageModelElementNote.png Graphic file (type png)

<use imageModelElementNote.png>
Package pdftex.def Info: imageModelElementNote.png used on input line 2680.
(pdftex.def)             Requested size: 56.9055pt x 50.6454pt.

<imageModelElementRectangle.png, id=1276, 281.05pt x 258.9675pt>
File: imageModelElementRectangle.png Graphic file (type png)

<use imageModelElementRectangle.png>
Package pdftex.def Info: imageModelElementRectangle.png used on input line 2701
.
(pdftex.def)             Requested size: 56.9055pt x 52.43272pt.
 [54 <./imageModelElementImage.png> <./imageModelElementLine.png> <./imageModel
ElementNote.png> <./imageModelElementRectangle.png>]
Chapter 14.
<imageModelElementAction.png, id=1292, 481.8pt x 258.9675pt>
File: imageModelElementAction.png Graphic file (type png)

<use imageModelElementAction.png>
Package pdftex.def Info: imageModelElementAction.png used on input line 2723.
(pdftex.def)             Requested size: 56.9055pt x 30.58476pt.

<imageModelElementReference.png, id=1295, 481.8pt x 258.9675pt>
File: imageModelElementReference.png Graphic file (type png)

<use imageModelElementReference.png>
Package pdftex.def Info: imageModelElementReference.png used on input line 2753
.
(pdftex.def)             Requested size: 56.9055pt x 30.58476pt.

<imageModelElementUserStatistic.png, id=1296, 481.8pt x 258.9675pt>
File: imageModelElementUserStatistic.png Graphic file (type png)

<use imageModelElementUserStatistic.png>
Package pdftex.def Info: imageModelElementUserStatistic.png used on input line 
2772.
(pdftex.def)             Requested size: 56.9055pt x 30.58476pt.
 [55


 <./imageModelElementAction.png> <./imageModelElementReference.png>]
<imageModelElementSub.png, id=1306, 481.8pt x 258.9675pt>
File: imageModelElementSub.png Graphic file (type png)

<use imageModelElementSub.png>
Package pdftex.def Info: imageModelElementSub.png used on input line 2796.
(pdftex.def)             Requested size: 56.9055pt x 30.58476pt.
)
\tf@thm=\write6
\openout6 = `Warteschlangensimulator-Reference-en.thm'.

Package atveryend Info: Empty hook `BeforeClearDocument' on input line 46.
Package atenddvi Info: Last page = 62.
 [56 <./imageModelElementUserStatistic.png> <./imageModelElementSub.png>]
Package atveryend Info: Executing hook `AfterLastShipout' on input line 46.
 (Warteschlangensimulator-Reference-en.aux)
Package atveryend Info: Executing hook `AtVeryEndDocument' on input line 46.
Package atveryend Info: Executing hook `AtEndAfterFileList' on input line 46.
Package rerunfilecheck Info: File `Warteschlangensimulator-Reference-en.out' ha
s not changed.
(rerunfilecheck)             Checksum: 1D33D12C8B2837FF548A1C11E0D672E9;7685.
Package atveryend Info: Empty hook `AtVeryVeryEnd' on input line 46.
 ) 
Here is how much of TeX's memory you used:
 12155 strings out of 493366
 188780 string characters out of 3137241
 289252 words of memory out of 3000000
 14939 multiletter control sequences out of 15000+200000
 61078 words of font info for 47 fonts, out of 3000000 for 9000
 1127 hyphenation exceptions out of 8191
 45i,7n,37p,357b,465s stack positions out of 5000i,500n,10000p,200000b,50000s
{C:/Program Files (x86)/MiKTeX 2.9/fonts/enc/dvips/lm/lm-rm.enc}{C:/Program F
iles (x86)/MiKTeX 2.9/fonts/enc/dvips/lm/lm-mathsy.enc}{C:/Program Files (x86)/
MiKTeX 2.9/fonts/enc/dvips/lm/lm-ec.enc}<C:/Program Files (x86)/MiKTeX 2.9/font
s/type1/public/lm/lmbx10.pfb><C:/Program Files (x86)/MiKTeX 2.9/fonts/type1/pub
lic/lm/lmbx12.pfb><C:/Program Files (x86)/MiKTeX 2.9/fonts/type1/public/lm/lmcs
c10.pfb><C:/Program Files (x86)/MiKTeX 2.9/fonts/type1/public/lm/lmr10.pfb><C:/
Program Files (x86)/MiKTeX 2.9/fonts/type1/public/lm/lmr12.pfb><C:/Program File
s (x86)/MiKTeX 2.9/fonts/type1/public/lm/lmr7.pfb><C:/Program Files (x86)/MiKTe
X 2.9/fonts/type1/public/lm/lmr9.pfb><C:/Program Files (x86)/MiKTeX 2.9/fonts/t
ype1/public/lm/lmssbx10.pfb><C:/Program Files (x86)/MiKTeX 2.9/fonts/type1/publ
ic/lm/lmsy10.pfb><C:/Program Files (x86)/MiKTeX 2.9/fonts/type1/public/lm/lmtt1
0.pfb>
Output written on Warteschlangensimulator-Reference-en.pdf (62 pages, 2490332 b
ytes).
PDF statistics:
 1423 PDF objects out of 1440 (max. 8388607)
 325 named destinations out of 1000 (max. 500000)
 1495 words of extra memory for PDF output out of 10000 (max. 10000000)

