\BOOKMARK [0][-]{Table of contents.0}{\376\377\000T\000a\000b\000l\000e\000\040\000o\000f\000\040\000c\000o\000n\000t\000e\000n\000t\000s}{}% 1
\BOOKMARK [0][-]{chapter.1}{\376\377\0001\000\040\000C\000a\000l\000c\000u\000l\000a\000t\000i\000o\000n\000\040\000c\000o\000m\000m\000a\000n\000d\000s\000\040\000a\000n\000d\000\040\000s\000c\000r\000i\000p\000t\000i\000n\000g\000\040\000i\000n\000\040\000W\000a\000r\000t\000e\000s\000c\000h\000l\000a\000n\000g\000e\000n\000s\000i\000m\000u\000l\000a\000t\000o\000r}{}% 2
\BOOKMARK [1][-]{section.1.1}{\376\377\0001\000.\0001\000\040\000C\000r\000e\000a\000t\000e\000\040\000e\000x\000p\000r\000e\000s\000s\000i\000o\000n\000s}{chapter.1}% 3
\BOOKMARK [-1][-]{part.1}{\376\377\000I\000\040\000C\000a\000l\000c\000u\000l\000a\000t\000i\000o\000n\000\040\000c\000o\000m\000m\000a\000n\000d\000s\000\040\000r\000e\000f\000e\000r\000e\000n\000c\000e}{}% 4
\BOOKMARK [0][-]{chapter.2}{\376\377\0002\000\040\000C\000o\000n\000s\000t\000a\000n\000t\000s}{part.1}% 5
\BOOKMARK [0][-]{chapter.3}{\376\377\0003\000\040\000V\000a\000r\000i\000a\000b\000l\000e\000s}{part.1}% 6
\BOOKMARK [0][-]{chapter.4}{\376\377\0004\000\040\000B\000a\000s\000i\000c\000\040\000a\000r\000i\000t\000h\000m\000e\000t\000i\000c\000\040\000o\000p\000e\000r\000a\000t\000i\000o\000n\000s}{part.1}% 7
\BOOKMARK [0][-]{chapter.5}{\376\377\0005\000\040\000T\000r\000a\000i\000l\000i\000n\000g\000\040\000i\000n\000s\000t\000r\000u\000c\000t\000i\000o\000n\000s}{part.1}% 8
\BOOKMARK [0][-]{chapter.6}{\376\377\0006\000\040\000G\000e\000n\000e\000r\000a\000l\000\040\000f\000u\000n\000c\000t\000i\000o\000n\000s}{part.1}% 9
\BOOKMARK [1][-]{section.6.1}{\376\377\0006\000.\0001\000\040\000R\000a\000n\000d\000o\000m\000\040\000n\000u\000m\000b\000e\000r\000s}{chapter.6}% 10
\BOOKMARK [0][-]{chapter.7}{\376\377\0007\000\040\000T\000r\000i\000g\000o\000n\000o\000m\000e\000t\000r\000i\000c\000\040\000f\000u\000n\000c\000t\000i\000o\000n\000s}{part.1}% 11
\BOOKMARK [1][-]{section.7.1}{\376\377\0007\000.\0001\000\040\000E\000l\000e\000m\000e\000n\000t\000a\000r\000y\000\040\000t\000r\000i\000g\000o\000n\000o\000m\000e\000t\000r\000i\000c\000\040\000f\000u\000n\000c\000t\000i\000o\000n\000s}{chapter.7}% 12
\BOOKMARK [1][-]{section.7.2}{\376\377\0007\000.\0002\000\040\000H\000y\000p\000e\000r\000b\000o\000l\000i\000c\000\040\000t\000r\000i\000g\000o\000n\000o\000m\000e\000t\000r\000i\000c\000\040\000f\000u\000n\000c\000t\000i\000o\000n\000s}{chapter.7}% 13
\BOOKMARK [1][-]{section.7.3}{\376\377\0007\000.\0003\000\040\000I\000n\000v\000e\000r\000s\000e\000\040\000o\000f\000\040\000t\000h\000e\000\040\000e\000l\000e\000m\000e\000n\000t\000a\000r\000y\000\040\000t\000r\000i\000g\000o\000n\000o\000m\000e\000t\000r\000i\000c\000\040\000f\000u\000n\000c\000t\000i\000o\000n\000s}{chapter.7}% 14
\BOOKMARK [1][-]{section.7.4}{\376\377\0007\000.\0004\000\040\000I\000n\000v\000e\000r\000s\000e\000\040\000o\000f\000\040\000t\000h\000e\000\040\000h\000y\000p\000e\000r\000b\000o\000l\000i\000c\000\040\000t\000r\000i\000g\000o\000n\000o\000m\000e\000t\000r\000i\000c\000\040\000f\000u\000n\000c\000t\000i\000o\000n\000s}{chapter.7}% 15
\BOOKMARK [0][-]{chapter.8}{\376\377\0008\000\040\000F\000u\000n\000c\000t\000i\000o\000n\000s\000\040\000w\000i\000t\000h\000\040\000m\000u\000l\000t\000i\000p\000l\000e\000\040\000p\000a\000r\000a\000m\000e\000t\000e\000r\000s}{part.1}% 16
\BOOKMARK [0][-]{chapter.9}{\376\377\0009\000\040\000P\000r\000o\000b\000a\000b\000i\000l\000i\000t\000y\000\040\000d\000i\000s\000t\000r\000i\000b\000u\000t\000i\000o\000n\000s}{part.1}% 17
\BOOKMARK [1][-]{section.9.1}{\376\377\0009\000.\0001\000\040\000H\000y\000p\000e\000r\000g\000e\000o\000m\000e\000t\000r\000i\000c\000\040\000d\000i\000s\000t\000r\000i\000b\000u\000t\000i\000o\000n\000\040\000H\000g\000\050\000N\000,\000K\000,\000n\000\051}{chapter.9}% 18
\BOOKMARK [1][-]{section.9.2}{\376\377\0009\000.\0002\000\040\000B\000i\000n\000o\000m\000i\000a\000l\000\040\000d\000i\000s\000t\000r\000i\000b\000u\000t\000i\000o\000n\000\040\000B\000\050\000n\000,\000p\000\051}{chapter.9}% 19
\BOOKMARK [1][-]{section.9.3}{\376\377\0009\000.\0003\000\040\000P\000o\000i\000s\000s\000o\000n\000\040\000d\000i\000s\000t\000r\000i\000b\000u\000t\000i\000o\000n\000\040\000P\000\050\000l\000\051}{chapter.9}% 20
\BOOKMARK [1][-]{section.9.4}{\376\377\0009\000.\0004\000\040\000E\000x\000p\000o\000n\000e\000n\000t\000i\000a\000l\000\040\000d\000i\000s\000t\000r\000i\000b\000u\000t\000i\000o\000n\000\040\000w\000i\000t\000h\000\040\000m\000e\000a\000n\000\040\000a}{chapter.9}% 21
\BOOKMARK [1][-]{section.9.5}{\376\377\0009\000.\0005\000\040\000U\000n\000i\000f\000o\000r\000m\000\040\000d\000i\000s\000t\000r\000i\000b\000u\000t\000i\000o\000n\000\040\000i\000n\000\040\000t\000h\000e\000\040\000i\000n\000t\000e\000r\000v\000a\000l\000\040\000[\000a\000;\000b\000]}{chapter.9}% 22
\BOOKMARK [1][-]{section.9.6}{\376\377\0009\000.\0006\000\040\000N\000o\000r\000m\000a\000l\000\040\000d\000i\000s\000t\000r\000i\000b\000u\000t\000i\000o\000n\000\040\000w\000i\000t\000h\000\040\000m\000e\000a\000n\000\040\000a\000\040\000a\000n\000d\000\040\000s\000t\000a\000n\000d\000a\000r\000d\000\040\000d\000e\000v\000i\000a\000t\000i\000o\000n\000\040\000b}{chapter.9}% 23
\BOOKMARK [1][-]{section.9.7}{\376\377\0009\000.\0007\000\040\000L\000o\000g\000-\000n\000o\000r\000m\000a\000l\000\040\000d\000i\000s\000t\000r\000i\000b\000u\000t\000i\000o\000n\000\040\000w\000i\000t\000h\000\040\000m\000e\000a\000n\000\040\000a\000\040\000a\000n\000d\000\040\000s\000t\000a\000n\000d\000a\000r\000d\000\040\000d\000e\000v\000i\000a\000t\000i\000o\000n\000\040\000b}{chapter.9}% 24
\BOOKMARK [1][-]{section.9.8}{\376\377\0009\000.\0008\000\040\000G\000a\000m\000m\000a\000\040\000d\000i\000s\000t\000r\000i\000b\000u\000t\000i\000o\000n\000\040\000w\000i\000t\000h\000\040\000p\000a\000r\000a\000m\000e\000t\000e\000r\000s\000\040\000a\000\040\000a\000n\000d\000\040\000b}{chapter.9}% 25
\BOOKMARK [1][-]{section.9.9}{\376\377\0009\000.\0009\000\040\000G\000a\000m\000m\000a\000\040\000d\000i\000s\000t\000r\000i\000b\000u\000t\000i\000o\000n\000\040\000w\000i\000t\000h\000\040\000m\000e\000a\000n\000\040\000a\000\040\000a\000n\000d\000\040\000s\000t\000a\000n\000d\000a\000r\000d\000\040\000d\000e\000v\000i\000a\000t\000i\000o\000n\000\040\000b}{chapter.9}% 26
\BOOKMARK [1][-]{section.9.10}{\376\377\0009\000.\0001\0000\000\040\000E\000r\000l\000a\000n\000g\000\040\000d\000i\000s\000t\000r\000i\000b\000u\000t\000i\000o\000n\000\040\000w\000i\000t\000h\000\040\000p\000a\000r\000a\000m\000e\000t\000e\000r\000s\000\040\000n\000\040\000a\000n\000d\000\040\000l}{chapter.9}% 27
\BOOKMARK [1][-]{section.9.11}{\376\377\0009\000.\0001\0001\000\040\000B\000e\000t\000a\000\040\000d\000i\000s\000t\000r\000i\000b\000u\000t\000i\000o\000n\000\040\000i\000n\000\040\000t\000h\000e\000\040\000i\000n\000t\000e\000r\000v\000a\000l\000\040\000[\000a\000;\000b\000]\000\040\000a\000n\000d\000\040\000w\000i\000t\000h\000\040\000p\000a\000r\000a\000m\000e\000t\000e\000r\000s\000\040\000c\000\040\000a\000n\000d\000\040\000d}{chapter.9}% 28
\BOOKMARK [1][-]{section.9.12}{\376\377\0009\000.\0001\0002\000\040\000B\000e\000t\000a\000\040\000d\000i\000s\000t\000r\000i\000b\000u\000t\000i\000o\000n\000\040\000i\000n\000\040\000t\000h\000e\000\040\000i\000n\000t\000e\000r\000v\000a\000l\000\040\000[\000a\000;\000b\000]\000\040\000a\000n\000d\000\040\000w\000i\000t\000h\000\040\000m\000e\000a\000n\000\040\000c\000\040\000a\000n\000d\000\040\000s\000t\000a\000n\000d\000a\000r\000d\000\040\000d\000e\000v\000i\000a\000t\000i\000o\000n\000\040\000d}{chapter.9}% 29
\BOOKMARK [1][-]{section.9.13}{\376\377\0009\000.\0001\0003\000\040\000W\000e\000i\000b\000u\000l\000l\000\040\000d\000i\000s\000t\000r\000i\000b\000u\000t\000i\000o\000n\000\040\000w\000i\000t\000h\000\040\000p\000a\000r\000a\000m\000e\000t\000e\000r\000s\000\040\000S\000c\000a\000l\000e\000=\000a\000\040\000a\000n\000d\000\040\000F\000o\000r\000m\000=\000b}{chapter.9}% 30
\BOOKMARK [1][-]{section.9.14}{\376\377\0009\000.\0001\0004\000\040\000C\000a\000u\000c\000h\000y\000\040\000d\000i\000s\000t\000r\000i\000b\000u\000t\000i\000o\000n\000\040\000w\000i\000t\000h\000\040\000m\000e\000a\000n\000\040\000a\000\040\000a\000n\000d\000\040\000S\000c\000a\000l\000e\000=\000b}{chapter.9}% 31
\BOOKMARK [1][-]{section.9.15}{\376\377\0009\000.\0001\0005\000\040\000C\000h\000i\0002\000\040\000d\000i\000s\000t\000r\000i\000b\000u\000t\000i\000o\000n\000\040\000w\000i\000t\000h\000\040\000n\000\040\000d\000e\000g\000r\000e\000e\000s\000\040\000o\000f\000\040\000f\000r\000e\000e\000d\000o\000m}{chapter.9}% 32
\BOOKMARK [1][-]{section.9.16}{\376\377\0009\000.\0001\0006\000\040\000C\000h\000i\000\040\000d\000i\000s\000t\000r\000i\000b\000u\000t\000i\000o\000n\000\040\000w\000i\000t\000h\000\040\000n\000\040\000d\000e\000g\000r\000e\000e\000s\000\040\000o\000f\000\040\000f\000r\000e\000e\000d\000o\000m}{chapter.9}% 33
\BOOKMARK [1][-]{section.9.17}{\376\377\0009\000.\0001\0007\000\040\000F\000\040\000d\000i\000s\000t\000r\000i\000b\000u\000t\000i\000o\000n\000\040\000w\000i\000t\000h\000\040\000a\000\040\000d\000e\000g\000r\000e\000e\000s\000\040\000o\000f\000\040\000f\000r\000e\000e\000d\000o\000m\000\040\000f\000o\000r\000\040\000t\000h\000e\000\040\000n\000u\000m\000e\000r\000a\000t\000o\000r\000\040\000a\000n\000d\000\040\000b\000\040\000d\000e\000g\000r\000e\000e\000s\000\040\000o\000f\000\040\000f\000r\000e\000e\000d\000o\000m\000\040\000f\000o\000r\000\040\000t\000h\000e\000\040\000d\000e\000n\000o\000m\000i\000n\000a\000t\000o\000r}{chapter.9}% 34
\BOOKMARK [1][-]{section.9.18}{\376\377\0009\000.\0001\0008\000\040\000J\000o\000h\000n\000s\000o\000n\000\040\000S\000U\000\040\000d\000i\000s\000t\000r\000i\000b\000u\000t\000i\000o\000n\000\040\000w\000i\000t\000h\000\040\000p\000a\000r\000a\000m\000e\000t\000e\000r\000s\000\040\000a\000,\000\040\000b\000,\000\040\000c\000\040\000a\000n\000d\000\040\000d}{chapter.9}% 35
\BOOKMARK [1][-]{section.9.19}{\376\377\0009\000.\0001\0009\000\040\000T\000r\000i\000a\000n\000g\000u\000l\000a\000r\000\040\000d\000i\000s\000t\000r\000i\000b\000u\000t\000i\000o\000n\000\040\000o\000v\000e\000r\000\040\000[\000a\000;\000c\000]\000\040\000w\000i\000t\000h\000\040\000m\000o\000s\000t\000\040\000l\000i\000k\000e\000l\000y\000\040\000v\000a\000l\000u\000e\000\040\000b}{chapter.9}% 36
\BOOKMARK [1][-]{section.9.20}{\376\377\0009\000.\0002\0000\000\040\000P\000e\000r\000t\000\040\000d\000i\000s\000t\000r\000i\000b\000u\000t\000i\000o\000n\000\040\000o\000v\000e\000r\000\040\000[\000a\000;\000c\000]\000\040\000w\000i\000t\000h\000\040\000m\000o\000s\000t\000\040\000l\000i\000k\000e\000l\000y\000\040\000v\000a\000l\000u\000e\000\040\000b}{chapter.9}% 37
\BOOKMARK [1][-]{section.9.21}{\376\377\0009\000.\0002\0001\000\040\000L\000a\000p\000l\000a\000c\000e\000\040\000d\000i\000s\000t\000r\000i\000b\000u\000t\000i\000o\000n\000\040\000w\000i\000t\000h\000\040\000m\000e\000a\000n\000\040\000m\000u\000\040\000a\000n\000d\000\040\000s\000c\000a\000l\000e\000\040\000f\000a\000c\000t\000o\000r\000\040\000b}{chapter.9}% 38
\BOOKMARK [1][-]{section.9.22}{\376\377\0009\000.\0002\0002\000\040\000P\000a\000r\000e\000t\000o\000\040\000d\000i\000s\000t\000r\000i\000b\000u\000t\000i\000o\000n\000\040\000w\000i\000t\000h\000\040\000s\000c\000a\000l\000e\000\040\000p\000a\000r\000a\000m\000e\000t\000e\000r\000\040\000x\000m\000i\000n\000\040\000a\000n\000d\000\040\000s\000h\000a\000p\000e\000\040\000p\000a\000r\000a\000m\000e\000t\000e\000r\000\040\000a}{chapter.9}% 39
\BOOKMARK [1][-]{section.9.23}{\376\377\0009\000.\0002\0003\000\040\000L\000o\000g\000i\000s\000t\000i\000c\000\040\000d\000i\000s\000t\000r\000i\000b\000u\000t\000i\000o\000n\000\040\000w\000i\000t\000h\000\040\000m\000e\000a\000n\000\040\000m\000u\000\040\000a\000n\000d\000\040\000s\000c\000a\000l\000e\000\040\000p\000a\000r\000a\000m\000e\000t\000e\000r\000\040\000s}{chapter.9}% 40
\BOOKMARK [1][-]{section.9.24}{\376\377\0009\000.\0002\0004\000\040\000I\000n\000v\000e\000r\000s\000e\000\040\000g\000a\000u\000s\000s\000i\000a\000n\000\040\000d\000i\000s\000t\000r\000i\000b\000u\000t\000i\000o\000n\000\040\000w\000i\000t\000h\000\040\000l\000\040\000a\000n\000d\000\040\000m\000e\000a\000n\000\040\000m\000u}{chapter.9}% 41
\BOOKMARK [1][-]{section.9.25}{\376\377\0009\000.\0002\0005\000\040\000R\000a\000y\000l\000e\000i\000g\000h\000\040\000d\000i\000s\000t\000r\000i\000b\000u\000t\000i\000o\000n\000\040\000w\000i\000t\000h\000\040\000m\000e\000a\000n\000\040\000m\000u}{chapter.9}% 42
\BOOKMARK [1][-]{section.9.26}{\376\377\0009\000.\0002\0006\000\040\000L\000o\000g\000-\000L\000o\000g\000i\000s\000t\000i\000c\000\040\000d\000i\000s\000t\000r\000i\000b\000u\000t\000i\000o\000n\000\040\000w\000i\000t\000h\000\040\000a\000l\000p\000h\000a\000\040\000a\000n\000d\000\040\000m\000e\000a\000n\000\040\000b\000e\000t\000a}{chapter.9}% 43
\BOOKMARK [1][-]{section.9.27}{\376\377\0009\000.\0002\0007\000\040\000P\000o\000w\000e\000r\000\040\000d\000i\000s\000t\000r\000i\000b\000u\000t\000i\000o\000n\000\040\000o\000n\000\040\000[\000a\000;\000b\000]\000\040\000w\000i\000t\000h\000\040\000e\000x\000p\000o\000n\000e\000n\000t\000\040\000c}{chapter.9}% 44
\BOOKMARK [1][-]{section.9.28}{\376\377\0009\000.\0002\0008\000\040\000G\000u\000m\000b\000e\000l\000\040\000d\000i\000s\000t\000r\000i\000b\000u\000t\000i\000o\000n\000\040\000w\000i\000t\000h\000\040\000e\000x\000p\000e\000c\000t\000e\000d\000\040\000v\000a\000l\000u\000e\000\040\000a\000\040\000a\000n\000d\000\040\000s\000t\000a\000n\000d\000a\000r\000d\000\040\000d\000e\000v\000i\000a\000t\000i\000o\000n\000\040\000b}{chapter.9}% 45
\BOOKMARK [1][-]{section.9.29}{\376\377\0009\000.\0002\0009\000\040\000F\000a\000t\000i\000g\000u\000e\000\040\000l\000i\000f\000e\000\040\000d\000i\000s\000t\000r\000i\000b\000u\000t\000i\000o\000n\000\040\000w\000i\000t\000h\000\040\000l\000o\000c\000a\000t\000i\000o\000n\000\040\000p\000a\000r\000a\000m\000e\000t\000e\000r\000\040\000m\000u\000,\000\040\000s\000c\000a\000l\000e\000\040\000p\000a\000r\000a\000m\000e\000t\000e\000r\000\040\000b\000e\000t\000a\000\040\000a\000n\000d\000\040\000f\000o\000r\000m\000\040\000p\000a\000r\000a\000m\000e\000t\000e\000r\000\040\000g\000a\000m\000m\000a}{chapter.9}% 46
\BOOKMARK [1][-]{section.9.30}{\376\377\0009\000.\0003\0000\000\040\000F\000r\000e\000c\000h\000e\000t\000\040\000d\000i\000s\000t\000r\000i\000b\000u\000t\000i\000o\000n\000\040\000w\000i\000t\000h\000\040\000l\000o\000c\000a\000t\000i\000o\000n\000\040\000p\000a\000r\000a\000m\000e\000t\000e\000r\000\040\000d\000e\000l\000t\000a\000,\000\040\000s\000c\000a\000l\000e\000\040\000p\000a\000r\000a\000m\000e\000t\000e\000r\000\040\000b\000e\000t\000a\000\040\000a\000n\000d\000\040\000f\000o\000r\000m\000\040\000p\000a\000r\000a\000m\000e\000t\000e\000r\000\040\000a\000l\000p\000h\000a}{chapter.9}% 47
\BOOKMARK [1][-]{section.9.31}{\376\377\0009\000.\0003\0001\000\040\000H\000y\000p\000e\000r\000b\000o\000l\000i\000c\000\040\000s\000e\000c\000a\000n\000t\000\040\000d\000i\000s\000t\000r\000i\000b\000u\000t\000i\000o\000n\000\040\000w\000i\000t\000h\000\040\000m\000e\000a\000n\000\040\000a\000\040\000a\000n\000d\000\040\000s\000t\000a\000n\000d\000a\000r\000d\000\040\000d\000e\000v\000i\000a\000t\000i\000o\000n\000\040\000b}{chapter.9}% 48
\BOOKMARK [1][-]{section.9.32}{\376\377\0009\000.\0003\0002\000\040\000L\000e\000f\000t\000\040\000s\000a\000w\000t\000o\000o\000t\000h\000\040\000d\000i\000s\000t\000r\000i\000b\000u\000t\000i\000o\000n\000\040\000o\000v\000e\000r\000\040\000[\000a\000;\000b\000]}{chapter.9}% 49
\BOOKMARK [1][-]{section.9.33}{\376\377\0009\000.\0003\0003\000\040\000L\000e\000f\000t\000\040\000s\000a\000w\000t\000o\000o\000t\000h\000\040\000d\000i\000s\000t\000r\000i\000b\000u\000t\000i\000o\000n\000\040\000w\000i\000t\000h\000\040\000m\000e\000a\000n\000\040\000a\000\040\000a\000n\000d\000\040\000s\000t\000a\000n\000d\000a\000r\000d\000\040\000d\000e\000v\000i\000a\000t\000i\000o\000n\000\040\000b}{chapter.9}% 50
\BOOKMARK [1][-]{section.9.34}{\376\377\0009\000.\0003\0004\000\040\000R\000i\000g\000h\000t\000\040\000s\000a\000w\000t\000o\000o\000t\000h\000\040\000d\000i\000s\000t\000r\000i\000b\000u\000t\000i\000o\000n\000\040\000o\000v\000e\000r\000\040\000[\000a\000;\000b\000]}{chapter.9}% 51
\BOOKMARK [1][-]{section.9.35}{\376\377\0009\000.\0003\0005\000\040\000R\000i\000g\000h\000t\000\040\000s\000a\000w\000t\000o\000o\000t\000h\000\040\000d\000i\000s\000t\000r\000i\000b\000u\000t\000i\000o\000n\000\040\000w\000i\000t\000h\000\040\000m\000e\000a\000n\000\040\000a\000\040\000a\000n\000d\000\040\000s\000t\000a\000n\000d\000a\000r\000d\000\040\000d\000e\000v\000i\000a\000t\000i\000o\000n\000\040\000b}{chapter.9}% 52
\BOOKMARK [1][-]{section.9.36}{\376\377\0009\000.\0003\0006\000\040\000D\000i\000s\000t\000r\000i\000b\000u\000t\000i\000o\000n\000\040\000b\000a\000s\000e\000d\000\040\000o\000n\000\040\000e\000m\000p\000i\000r\000i\000c\000a\000l\000\040\000v\000a\000l\000u\000e\000s}{chapter.9}% 53
\BOOKMARK [0][-]{chapter.10}{\376\377\0001\0000\000\040\000E\000r\000l\000a\000n\000g\000\040\000C\000\040\000c\000a\000l\000c\000u\000l\000a\000t\000o\000r}{part.1}% 54
\BOOKMARK [0][-]{chapter.11}{\376\377\0001\0001\000\040\000A\000l\000l\000e\000n\000-\000C\000u\000n\000n\000e\000e\000n\000\040\000a\000p\000p\000r\000o\000x\000i\000m\000a\000t\000i\000o\000n\000\040\000f\000o\000r\000m\000u\000l\000a}{part.1}% 55
\BOOKMARK [0][-]{chapter.12}{\376\377\0001\0002\000\040\000A\000c\000c\000e\000s\000s\000i\000n\000g\000\040\000m\000o\000d\000e\000l\000\040\000p\000r\000o\000p\000e\000r\000t\000i\000e\000s}{part.1}% 56
\BOOKMARK [1][-]{section.12.1}{\376\377\0001\0002\000.\0001\000\040\000G\000e\000n\000e\000r\000a\000l\000\040\000s\000i\000m\000u\000l\000a\000t\000i\000o\000n\000\040\000d\000a\000t\000a}{chapter.12}% 57
\BOOKMARK [1][-]{section.12.2}{\376\377\0001\0002\000.\0002\000\040\000C\000l\000i\000e\000n\000t\000s\000\040\000i\000n\000\040\000t\000h\000e\000\040\000s\000y\000s\000t\000e\000m}{chapter.12}% 58
\BOOKMARK [2][-]{subsection.12.2.1}{\376\377\0001\0002\000.\0002\000.\0001\000\040\000N\000u\000m\000b\000e\000r\000\040\000o\000f\000\040\000c\000l\000i\000e\000n\000t\000s\000\040\000i\000n\000\040\000t\000h\000e\000\040\000s\000y\000s\000t\000e\000m}{section.12.2}% 59
\BOOKMARK [2][-]{subsection.12.2.2}{\376\377\0001\0002\000.\0002\000.\0002\000\040\000N\000u\000m\000b\000e\000r\000\040\000o\000f\000\040\000w\000a\000i\000t\000i\000n\000g\000\040\000c\000l\000i\000e\000n\000t\000s\000\040\000i\000n\000\040\000t\000h\000e\000\040\000s\000y\000s\000t\000e\000m}{section.12.2}% 60
\BOOKMARK [1][-]{section.12.3}{\376\377\0001\0002\000.\0003\000\040\000C\000l\000i\000e\000n\000t\000s\000\040\000a\000t\000\040\000t\000h\000e\000\040\000s\000t\000a\000t\000i\000o\000n\000s}{chapter.12}% 61
\BOOKMARK [2][-]{subsection.12.3.1}{\376\377\0001\0002\000.\0003\000.\0001\000\040\000N\000u\000m\000b\000e\000r\000\040\000o\000f\000\040\000c\000l\000i\000e\000n\000t\000s\000\040\000a\000t\000\040\000a\000\040\000s\000t\000a\000t\000i\000o\000n}{section.12.3}% 62
\BOOKMARK [2][-]{subsection.12.3.2}{\376\377\0001\0002\000.\0003\000.\0002\000\040\000N\000u\000m\000b\000e\000r\000\040\000o\000f\000\040\000c\000l\000i\000e\000n\000t\000s\000\040\000a\000t\000\040\000t\000h\000e\000\040\000q\000u\000e\000u\000e\000\040\000a\000t\000\040\000a\000\040\000s\000t\000a\000t\000i\000o\000n}{section.12.3}% 63
\BOOKMARK [2][-]{subsection.12.3.3}{\376\377\0001\0002\000.\0003\000.\0003\000\040\000N\000u\000m\000b\000e\000r\000\040\000o\000f\000\040\000c\000l\000i\000e\000n\000t\000s\000\040\000j\000u\000s\000t\000\040\000b\000e\000i\000n\000g\000\040\000s\000e\000r\000v\000e\000d\000\040\000a\000t\000\040\000a\000\040\000s\000t\000a\000t\000i\000o\000n}{section.12.3}% 64
\BOOKMARK [2][-]{subsection.12.3.4}{\376\377\0001\0002\000.\0003\000.\0004\000\040\000N\000u\000m\000b\000e\000r\000\040\000o\000f\000\040\000a\000r\000r\000i\000v\000a\000l\000s\000\040\000a\000n\000d\000\040\000d\000e\000p\000a\000r\000t\000u\000r\000e\000s\000\040\000a\000t\000\040\000a\000\040\000s\000t\000a\000t\000i\000o\000n}{section.12.3}% 65
\BOOKMARK [1][-]{section.12.4}{\376\377\0001\0002\000.\0004\000\040\000C\000l\000i\000e\000n\000t\000s\000\040\000i\000n\000\040\000s\000y\000s\000t\000e\000m\000\040\000b\000y\000\040\000c\000l\000i\000e\000n\000t\000\040\000t\000y\000p\000e}{chapter.12}% 66
\BOOKMARK [2][-]{subsection.12.4.1}{\376\377\0001\0002\000.\0004\000.\0001\000\040\000N\000u\000m\000b\000e\000r\000\040\000o\000f\000\040\000c\000l\000i\000e\000n\000t\000s\000\040\000i\000n\000\040\000t\000h\000e\000\040\000s\000y\000s\000t\000e\000m\000\040\000b\000y\000\040\000c\000l\000i\000e\000n\000t\000\040\000t\000y\000p\000e}{section.12.4}% 67
\BOOKMARK [2][-]{subsection.12.4.2}{\376\377\0001\0002\000.\0004\000.\0002\000\040\000N\000u\000m\000b\000e\000r\000\040\000o\000f\000\040\000w\000a\000i\000t\000i\000n\000g\000\040\000c\000l\000i\000e\000n\000t\000s\000\040\000i\000n\000\040\000t\000h\000e\000\040\000s\000y\000s\000t\000e\000m\000\040\000b\000y\000\040\000c\000l\000i\000e\000n\000t\000\040\000t\000y\000p\000e}{section.12.4}% 68
\BOOKMARK [1][-]{section.12.5}{\376\377\0001\0002\000.\0005\000\040\000C\000o\000u\000n\000t\000e\000r\000\040\000a\000n\000d\000\040\000t\000h\000r\000o\000u\000g\000h\000p\000u\000t}{chapter.12}% 69
\BOOKMARK [1][-]{section.12.6}{\376\377\0001\0002\000.\0006\000\040\000W\000a\000i\000t\000i\000n\000g\000\040\000t\000i\000m\000e\000s}{chapter.12}% 70
\BOOKMARK [2][-]{subsection.12.6.1}{\376\377\0001\0002\000.\0006\000.\0001\000\040\000W\000a\000i\000t\000i\000n\000g\000\040\000t\000i\000m\000e\000s\000\040\000a\000t\000\040\000a\000\040\000s\000t\000a\000t\000i\000o\000n}{section.12.6}% 71
\BOOKMARK [2][-]{subsection.12.6.2}{\376\377\0001\0002\000.\0006\000.\0002\000\040\000W\000a\000i\000t\000i\000n\000g\000\040\000t\000i\000m\000e\000s\000\040\000o\000v\000e\000r\000\040\000a\000l\000l\000\040\000c\000l\000i\000e\000n\000t\000\040\000t\000y\000p\000e\000s}{section.12.6}% 72
\BOOKMARK [2][-]{subsection.12.6.3}{\376\377\0001\0002\000.\0006\000.\0003\000\040\000W\000a\000i\000t\000i\000n\000g\000\040\000t\000i\000m\000e\000s\000\040\000f\000o\000r\000\040\000a\000\040\000s\000p\000e\000c\000i\000f\000i\000c\000\040\000c\000l\000i\000e\000n\000t\000\040\000t\000y\000p\000e}{section.12.6}% 73
\BOOKMARK [1][-]{section.12.7}{\376\377\0001\0002\000.\0007\000\040\000T\000r\000a\000n\000s\000f\000e\000r\000\040\000t\000i\000m\000e\000s}{chapter.12}% 74
\BOOKMARK [2][-]{subsection.12.7.1}{\376\377\0001\0002\000.\0007\000.\0001\000\040\000T\000r\000a\000n\000s\000f\000e\000r\000\040\000t\000i\000m\000e\000s\000\040\000a\000t\000\040\000a\000\040\000s\000t\000a\000t\000i\000o\000n}{section.12.7}% 75
\BOOKMARK [2][-]{subsection.12.7.2}{\376\377\0001\0002\000.\0007\000.\0002\000\040\000T\000r\000a\000n\000s\000f\000e\000r\000\040\000t\000i\000m\000e\000s\000\040\000o\000v\000e\000r\000\040\000a\000l\000l\000\040\000c\000l\000i\000e\000n\000t\000\040\000t\000y\000p\000e\000s}{section.12.7}% 76
\BOOKMARK [2][-]{subsection.12.7.3}{\376\377\0001\0002\000.\0007\000.\0003\000\040\000T\000r\000a\000n\000s\000f\000e\000r\000\040\000t\000i\000m\000e\000s\000\040\000f\000o\000r\000\040\000a\000\040\000s\000p\000e\000c\000i\000f\000i\000c\000\040\000c\000l\000i\000e\000n\000t\000\040\000t\000y\000p\000e}{section.12.7}% 77
\BOOKMARK [1][-]{section.12.8}{\376\377\0001\0002\000.\0008\000\040\000P\000r\000o\000c\000e\000s\000s\000\040\000t\000i\000m\000e\000s}{chapter.12}% 78
\BOOKMARK [2][-]{subsection.12.8.1}{\376\377\0001\0002\000.\0008\000.\0001\000\040\000P\000r\000o\000c\000e\000s\000s\000\040\000t\000i\000m\000e\000s\000\040\000a\000t\000\040\000a\000\040\000s\000t\000a\000t\000i\000o\000n}{section.12.8}% 79
\BOOKMARK [2][-]{subsection.12.8.2}{\376\377\0001\0002\000.\0008\000.\0002\000\040\000P\000r\000o\000c\000e\000s\000s\000\040\000t\000i\000m\000e\000s\000\040\000o\000v\000e\000r\000\040\000a\000l\000l\000\040\000c\000l\000i\000e\000n\000t\000\040\000t\000y\000p\000e\000s}{section.12.8}% 80
\BOOKMARK [2][-]{subsection.12.8.3}{\376\377\0001\0002\000.\0008\000.\0003\000\040\000P\000r\000o\000c\000e\000s\000s\000\040\000t\000i\000m\000e\000s\000\040\000f\000o\000r\000\040\000a\000\040\000s\000p\000e\000c\000i\000f\000i\000c\000\040\000c\000l\000i\000e\000n\000t\000\040\000t\000y\000p\000e}{section.12.8}% 81
\BOOKMARK [1][-]{section.12.9}{\376\377\0001\0002\000.\0009\000\040\000R\000e\000s\000i\000d\000e\000n\000c\000e\000\040\000t\000i\000m\000e\000s}{chapter.12}% 82
\BOOKMARK [2][-]{subsection.12.9.1}{\376\377\0001\0002\000.\0009\000.\0001\000\040\000R\000e\000s\000i\000d\000e\000n\000c\000e\000\040\000t\000i\000m\000e\000s\000\040\000a\000t\000\040\000a\000\040\000s\000t\000a\000t\000i\000o\000n}{section.12.9}% 83
\BOOKMARK [2][-]{subsection.12.9.2}{\376\377\0001\0002\000.\0009\000.\0002\000\040\000R\000e\000s\000i\000d\000e\000n\000c\000e\000\040\000t\000i\000m\000e\000s\000\040\000o\000v\000e\000r\000\040\000a\000l\000l\000\040\000c\000l\000i\000e\000n\000t\000\040\000t\000y\000p\000e\000s}{section.12.9}% 84
\BOOKMARK [2][-]{subsection.12.9.3}{\376\377\0001\0002\000.\0009\000.\0003\000\040\000R\000e\000s\000i\000d\000e\000n\000c\000e\000\040\000t\000i\000m\000e\000s\000\040\000f\000o\000r\000\040\000a\000\040\000s\000p\000e\000c\000i\000f\000i\000c\000\040\000c\000l\000i\000e\000n\000t\000\040\000t\000y\000p\000e}{section.12.9}% 85
\BOOKMARK [1][-]{section.12.10}{\376\377\0001\0002\000.\0001\0000\000\040\000U\000t\000i\000l\000i\000z\000a\000t\000i\000o\000n\000\040\000o\000f\000\040\000t\000h\000e\000\040\000r\000e\000s\000o\000u\000r\000c\000e\000s}{chapter.12}% 86
\BOOKMARK [2][-]{subsection.12.10.1}{\376\377\0001\0002\000.\0001\0000\000.\0001\000\040\000U\000t\000i\000l\000i\000z\000a\000t\000i\000o\000n\000\040\000o\000f\000\040\000a\000\040\000r\000e\000s\000o\000u\000r\000c\000e}{section.12.10}% 87
\BOOKMARK [2][-]{subsection.12.10.2}{\376\377\0001\0002\000.\0001\0000\000.\0002\000\040\000U\000t\000i\000l\000i\000z\000a\000t\000i\000o\000n\000\040\000o\000f\000\040\000a\000l\000l\000\040\000r\000e\000s\000o\000u\000r\000c\000e\000\040\000t\000o\000g\000e\000t\000h\000e\000r}{section.12.10}% 88
\BOOKMARK [1][-]{section.12.11}{\376\377\0001\0002\000.\0001\0001\000\040\000U\000t\000i\000l\000i\000z\000a\000t\000i\000o\000n\000\040\000o\000f\000\040\000t\000h\000e\000\040\000t\000r\000a\000n\000s\000p\000o\000r\000t\000e\000r\000s}{chapter.12}% 89
\BOOKMARK [2][-]{subsection.12.11.1}{\376\377\0001\0002\000.\0001\0001\000.\0001\000\040\000U\000t\000i\000l\000i\000z\000a\000t\000i\000o\000n\000\040\000o\000f\000\040\000a\000\040\000t\000r\000a\000n\000s\000p\000o\000r\000t\000e\000r\000\040\000g\000r\000o\000u\000p}{section.12.11}% 90
\BOOKMARK [2][-]{subsection.12.11.2}{\376\377\0001\0002\000.\0001\0001\000.\0002\000\040\000U\000t\000i\000l\000i\000z\000a\000t\000i\000o\000n\000\040\000o\000f\000\040\000a\000l\000l\000\040\000t\000r\000a\000n\000s\000p\000o\000r\000t\000e\000r\000s\000\040\000t\000o\000g\000e\000t\000h\000e\000r}{section.12.11}% 91
\BOOKMARK [1][-]{section.12.12}{\376\377\0001\0002\000.\0001\0002\000\040\000A\000c\000c\000e\000s\000s\000i\000n\000g\000\040\000t\000h\000e\000\040\000S\000t\000a\000t\000i\000s\000t\000i\000c\000s\000\040\000s\000t\000a\000t\000i\000o\000n\000s\000\040\000r\000e\000c\000o\000r\000d\000s}{chapter.12}% 92
\BOOKMARK [1][-]{section.12.13}{\376\377\0001\0002\000.\0001\0003\000\040\000A\000c\000c\000e\000s\000s\000i\000n\000g\000\040\000a\000n\000a\000l\000o\000g\000\040\000v\000a\000l\000u\000e\000s}{chapter.12}% 93
\BOOKMARK [1][-]{section.12.14}{\376\377\0001\0002\000.\0001\0004\000\040\000A\000c\000c\000e\000s\000s\000i\000n\000g\000\040\000t\000h\000e\000\040\000c\000l\000i\000e\000n\000t\000\040\000o\000b\000j\000e\000c\000t\000\040\000s\000p\000e\000c\000i\000f\000i\000c\000\040\000d\000a\000t\000a\000\040\000f\000i\000e\000l\000d\000s}{chapter.12}% 94
\BOOKMARK [1][-]{section.12.15}{\376\377\0001\0002\000.\0001\0005\000\040\000A\000c\000c\000e\000s\000s\000i\000n\000g\000\040\000t\000h\000e\000\040\000c\000o\000s\000t\000s}{chapter.12}% 95
\BOOKMARK [0][-]{chapter.13}{\376\377\0001\0003\000\040\000C\000o\000m\000p\000a\000r\000i\000s\000o\000n}{part.1}% 96
\BOOKMARK [1][-]{section.13.1}{\376\377\0001\0003\000.\0001\000\040\000C\000o\000m\000p\000a\000r\000i\000s\000o\000n\000\040\000f\000u\000n\000c\000t\000i\000o\000n}{chapter.13}% 97
\BOOKMARK [-1][-]{part.2}{\376\377\000I\000I\000\040\000J\000a\000v\000a\000s\000c\000r\000i\000p\000t\000\040\000c\000o\000m\000m\000a\000n\000d\000s\000\040\000r\000e\000f\000e\000r\000e\000n\000c\000e}{}% 98
\BOOKMARK [0][-]{chapter.14}{\376\377\0001\0004\000\040\000S\000t\000a\000t\000i\000s\000t\000i\000c\000s\000\040\000o\000b\000j\000e\000c\000t}{part.2}% 99
\BOOKMARK [1][-]{section.14.1}{\376\377\0001\0004\000.\0001\000\040\000D\000e\000f\000i\000n\000i\000t\000i\000o\000n\000\040\000o\000f\000\040\000t\000h\000e\000\040\000o\000u\000t\000p\000u\000t\000\040\000f\000o\000r\000m\000a\000t}{chapter.14}% 100
\BOOKMARK [1][-]{section.14.2}{\376\377\0001\0004\000.\0002\000\040\000A\000c\000c\000e\000s\000s\000i\000n\000g\000\040\000s\000t\000a\000t\000i\000s\000t\000i\000c\000s\000\040\000x\000m\000l\000\040\000d\000a\000t\000a}{chapter.14}% 101
\BOOKMARK [1][-]{section.14.3}{\376\377\0001\0004\000.\0003\000\040\000S\000a\000v\000i\000n\000g\000\040\000t\000h\000e\000\040\000s\000t\000a\000t\000i\000s\000t\000i\000c\000s\000\040\000d\000a\000t\000a\000\040\000t\000o\000\040\000f\000i\000l\000e\000s}{chapter.14}% 102
\BOOKMARK [1][-]{section.14.4}{\376\377\0001\0004\000.\0004\000\040\000A\000c\000c\000e\000s\000s\000i\000n\000g\000\040\000s\000t\000a\000t\000i\000o\000n\000\040\000d\000a\000t\000a}{chapter.14}% 103
\BOOKMARK [0][-]{chapter.15}{\376\377\0001\0005\000\040\000S\000y\000s\000t\000e\000m\000\040\000o\000b\000j\000e\000c\000t}{part.2}% 104
\BOOKMARK [0][-]{chapter.16}{\376\377\0001\0006\000\040\000S\000i\000m\000u\000l\000a\000t\000i\000o\000n\000\040\000o\000b\000j\000e\000c\000t}{part.2}% 105
\BOOKMARK [1][-]{section.16.1}{\376\377\0001\0006\000.\0001\000\040\000B\000a\000s\000e\000\040\000f\000u\000n\000c\000t\000i\000o\000n\000s}{chapter.16}% 106
\BOOKMARK [1][-]{section.16.2}{\376\377\0001\0006\000.\0002\000\040\000A\000c\000c\000e\000s\000s\000i\000n\000g\000\040\000c\000l\000i\000e\000n\000t\000-\000s\000p\000e\000c\000i\000f\000i\000c\000\040\000d\000a\000t\000a}{chapter.16}% 107
\BOOKMARK [1][-]{section.16.3}{\376\377\0001\0006\000.\0003\000\040\000T\000e\000m\000p\000o\000r\000a\000r\000y\000\040\000b\000a\000t\000c\000h\000e\000s}{chapter.16}% 108
\BOOKMARK [1][-]{section.16.4}{\376\377\0001\0006\000.\0004\000\040\000A\000c\000c\000e\000s\000s\000i\000n\000g\000\040\000p\000a\000r\000a\000m\000e\000t\000e\000r\000s\000\040\000o\000f\000\040\000t\000h\000e\000\040\000s\000i\000m\000u\000l\000a\000t\000i\000o\000n\000\040\000m\000o\000d\000e\000l}{chapter.16}% 109
\BOOKMARK [1][-]{section.16.5}{\376\377\0001\0006\000.\0005\000\040\000A\000c\000c\000e\000s\000s\000i\000n\000g\000\040\000t\000h\000e\000\040\000c\000u\000r\000r\000e\000n\000t\000\040\000i\000n\000p\000u\000t\000\040\000v\000a\000l\000u\000e}{chapter.16}% 110
\BOOKMARK [1][-]{section.16.6}{\376\377\0001\0006\000.\0006\000\040\000N\000u\000m\000b\000e\000r\000\040\000o\000f\000\040\000o\000p\000e\000r\000a\000t\000o\000r\000s\000\040\000i\000n\000\040\000a\000\040\000r\000e\000s\000o\000u\000r\000c\000e}{chapter.16}% 111
\BOOKMARK [1][-]{section.16.7}{\376\377\0001\0006\000.\0007\000\040\000F\000i\000r\000e\000\040\000s\000i\000g\000n\000a\000l}{chapter.16}% 112
\BOOKMARK [1][-]{section.16.8}{\376\377\0001\0006\000.\0008\000\040\000T\000r\000i\000g\000g\000e\000r\000\040\000s\000c\000r\000i\000p\000t\000\040\000e\000x\000e\000c\000u\000t\000i\000o\000n}{chapter.16}% 113
\BOOKMARK [1][-]{section.16.9}{\376\377\0001\0006\000.\0009\000\040\000O\000u\000t\000p\000u\000t\000\040\000m\000e\000s\000s\000a\000g\000e\000\040\000i\000n\000\040\000l\000o\000g\000g\000i\000n\000g}{chapter.16}% 114
\BOOKMARK [1][-]{section.16.10}{\376\377\0001\0006\000.\0001\0000\000\040\000R\000e\000l\000e\000a\000s\000e\000\040\000c\000l\000i\000e\000n\000t\000s\000\040\000a\000t\000\040\000d\000e\000l\000a\000y\000\040\000s\000t\000a\000t\000i\000o\000n\000s}{chapter.16}% 115
\BOOKMARK [1][-]{section.16.11}{\376\377\0001\0006\000.\0001\0001\000\040\000C\000l\000i\000e\000n\000t\000s\000\040\000i\000n\000\040\000t\000h\000e\000\040\000q\000u\000e\000u\000e\000\040\000o\000f\000\040\000a\000\040\000p\000r\000o\000c\000e\000s\000s\000\040\000s\000t\000a\000t\000i\000o\000n}{chapter.16}% 116
\BOOKMARK [0][-]{chapter.17}{\376\377\0001\0007\000\040\000C\000l\000i\000e\000n\000t\000s\000\040\000o\000b\000j\000e\000c\000t}{part.2}% 117
\BOOKMARK [0][-]{chapter.18}{\376\377\0001\0008\000\040\000O\000u\000t\000p\000u\000t\000\040\000o\000b\000j\000e\000c\000t}{part.2}% 118
\BOOKMARK [0][-]{chapter.19}{\376\377\0001\0009\000\040\000F\000i\000l\000e\000O\000u\000t\000p\000u\000t\000\040\000o\000b\000j\000e\000c\000t}{part.2}% 119
\BOOKMARK [0][-]{chapter.20}{\376\377\0002\0000\000\040\000M\000o\000d\000e\000l\000\040\000o\000b\000j\000e\000c\000t}{part.2}% 120
\BOOKMARK [1][-]{section.20.1}{\376\377\0002\0000\000.\0001\000\040\000A\000c\000c\000e\000s\000s\000i\000n\000g\000\040\000s\000t\000a\000t\000i\000o\000n\000\040\000d\000a\000t\000a}{chapter.20}% 121
\BOOKMARK [1][-]{section.20.2}{\376\377\0002\0000\000.\0002\000\040\000R\000e\000t\000r\000i\000e\000v\000e\000\040\000t\000h\000e\000\040\000a\000s\000s\000o\000c\000i\000a\000t\000e\000d\000\040\000s\000t\000a\000t\000i\000s\000t\000i\000c\000s\000\040\000f\000i\000l\000e}{chapter.20}% 122
\BOOKMARK [0][-]{chapter.21}{\376\377\0002\0001\000\040\000X\000M\000L\000\040\000s\000e\000l\000e\000c\000t\000i\000o\000n\000\040\000c\000o\000m\000m\000a\000n\000d\000s}{part.2}% 123
\BOOKMARK [-1][-]{part.3}{\376\377\000I\000I\000I\000\040\000J\000a\000v\000a\000\040\000c\000o\000m\000m\000a\000n\000d\000s\000\040\000r\000e\000f\000e\000r\000e\000n\000c\000e}{}% 124
\BOOKMARK [0][-]{chapter.22}{\376\377\0002\0002\000\040\000S\000t\000a\000t\000i\000s\000t\000i\000c\000s\000I\000n\000t\000e\000r\000f\000a\000c\000e\000\040\000a\000c\000c\000e\000s\000s\000i\000b\000l\000e\000\040\000v\000i\000a\000\040\000s\000i\000m\000.\000g\000e\000t\000S\000t\000a\000t\000i\000s\000t\000i\000c\000s\000\050\000\051}{part.3}% 125
\BOOKMARK [1][-]{section.22.1}{\376\377\0002\0002\000.\0001\000\040\000D\000e\000f\000i\000n\000i\000t\000i\000o\000n\000\040\000o\000f\000\040\000t\000h\000e\000\040\000o\000u\000t\000p\000u\000t\000\040\000f\000o\000r\000m\000a\000t}{chapter.22}% 126
\BOOKMARK [1][-]{section.22.2}{\376\377\0002\0002\000.\0002\000\040\000A\000c\000c\000e\000s\000s\000i\000n\000g\000\040\000s\000t\000a\000t\000i\000s\000t\000i\000c\000s\000\040\000x\000m\000l\000\040\000d\000a\000t\000a}{chapter.22}% 127
\BOOKMARK [1][-]{section.22.3}{\376\377\0002\0002\000.\0003\000\040\000S\000a\000v\000i\000n\000g\000\040\000t\000h\000e\000\040\000s\000t\000a\000t\000i\000s\000t\000i\000c\000s\000\040\000d\000a\000t\000a\000\040\000t\000o\000\040\000f\000i\000l\000e\000s}{chapter.22}% 128
\BOOKMARK [1][-]{section.22.4}{\376\377\0002\0002\000.\0004\000\040\000A\000c\000c\000e\000s\000s\000i\000n\000g\000\040\000s\000t\000a\000t\000i\000o\000n\000\040\000d\000a\000t\000a}{chapter.22}% 129
\BOOKMARK [1][-]{section.22.5}{\376\377\0002\0002\000.\0005\000\040\000R\000e\000t\000r\000i\000e\000v\000e\000\040\000t\000h\000e\000\040\000a\000s\000s\000o\000c\000i\000a\000t\000e\000d\000\040\000s\000t\000a\000t\000i\000s\000t\000i\000c\000s\000\040\000f\000i\000l\000e}{chapter.22}% 130
\BOOKMARK [0][-]{chapter.23}{\376\377\0002\0003\000\040\000R\000u\000n\000t\000i\000m\000e\000I\000n\000t\000e\000r\000f\000a\000c\000e\000\040\000a\000c\000c\000e\000s\000s\000i\000b\000l\000e\000\040\000v\000i\000a\000\040\000s\000i\000m\000.\000g\000e\000t\000R\000u\000n\000t\000i\000m\000e\000\050\000\051}{part.3}% 131
\BOOKMARK [0][-]{chapter.24}{\376\377\0002\0004\000\040\000S\000y\000s\000t\000e\000m\000I\000n\000t\000e\000r\000f\000a\000c\000e\000\040\000a\000c\000c\000e\000s\000s\000i\000b\000l\000e\000\040\000v\000i\000a\000\040\000s\000i\000m\000.\000g\000e\000t\000S\000y\000s\000t\000e\000m\000\050\000\051}{part.3}% 132
\BOOKMARK [1][-]{section.24.1}{\376\377\0002\0004\000.\0001\000\040\000B\000a\000s\000e\000\040\000f\000u\000n\000c\000t\000i\000o\000n\000s}{chapter.24}% 133
\BOOKMARK [1][-]{section.24.2}{\376\377\0002\0004\000.\0002\000\040\000A\000c\000c\000e\000s\000s\000i\000n\000g\000\040\000p\000a\000r\000a\000m\000e\000t\000e\000r\000s\000\040\000o\000f\000\040\000t\000h\000e\000\040\000s\000i\000m\000u\000l\000a\000t\000i\000o\000n\000\040\000m\000o\000d\000e\000l}{chapter.24}% 134
\BOOKMARK [1][-]{section.24.3}{\376\377\0002\0004\000.\0003\000\040\000N\000u\000m\000b\000e\000r\000\040\000o\000f\000\040\000o\000p\000e\000r\000a\000t\000o\000r\000s\000\040\000i\000n\000\040\000a\000\040\000r\000e\000s\000o\000u\000r\000c\000e}{chapter.24}% 135
\BOOKMARK [1][-]{section.24.4}{\376\377\0002\0004\000.\0004\000\040\000F\000i\000r\000e\000\040\000s\000i\000g\000n\000a\000l}{chapter.24}% 136
\BOOKMARK [1][-]{section.24.5}{\376\377\0002\0004\000.\0005\000\040\000T\000r\000i\000g\000g\000e\000r\000\040\000s\000c\000r\000i\000p\000t\000\040\000e\000x\000e\000c\000u\000t\000i\000o\000n}{chapter.24}% 137
\BOOKMARK [1][-]{section.24.6}{\376\377\0002\0004\000.\0006\000\040\000R\000u\000n\000\040\000e\000x\000t\000e\000r\000n\000a\000l\000\040\000c\000o\000d\000e}{chapter.24}% 138
\BOOKMARK [1][-]{section.24.7}{\376\377\0002\0004\000.\0007\000\040\000O\000u\000t\000p\000u\000t\000\040\000m\000e\000s\000s\000a\000g\000e\000\040\000i\000n\000\040\000l\000o\000g\000g\000i\000n\000g}{chapter.24}% 139
\BOOKMARK [1][-]{section.24.8}{\376\377\0002\0004\000.\0008\000\040\000R\000e\000l\000e\000a\000s\000e\000\040\000c\000l\000i\000e\000n\000t\000s\000\040\000a\000t\000\040\000d\000e\000l\000a\000y\000\040\000s\000t\000a\000t\000i\000o\000n\000s}{chapter.24}% 140
\BOOKMARK [1][-]{section.24.9}{\376\377\0002\0004\000.\0009\000\040\000C\000l\000i\000e\000n\000t\000s\000\040\000i\000n\000\040\000t\000h\000e\000\040\000q\000u\000e\000u\000e\000\040\000o\000f\000\040\000a\000\040\000p\000r\000o\000c\000e\000s\000s\000\040\000s\000t\000a\000t\000i\000o\000n}{chapter.24}% 141
\BOOKMARK [0][-]{chapter.25}{\376\377\0002\0005\000\040\000C\000l\000i\000e\000n\000t\000I\000n\000t\000e\000r\000f\000a\000c\000e\000\040\000a\000c\000c\000e\000s\000s\000i\000b\000l\000e\000\040\000v\000i\000a\000\040\000s\000i\000m\000.\000g\000e\000t\000C\000l\000i\000e\000n\000t\000\050\000\051}{part.3}% 142
\BOOKMARK [1][-]{section.25.1}{\376\377\0002\0005\000.\0001\000\040\000T\000e\000m\000p\000o\000r\000a\000r\000y\000\040\000b\000a\000t\000c\000h\000e\000s}{chapter.25}% 143
\BOOKMARK [0][-]{chapter.26}{\376\377\0002\0006\000\040\000I\000n\000p\000u\000t\000V\000a\000l\000u\000e\000I\000n\000t\000e\000r\000f\000a\000c\000e\000\040\000a\000c\000c\000e\000s\000s\000i\000b\000l\000e\000\040\000v\000i\000a\000\040\000s\000i\000m\000.\000g\000e\000t\000I\000n\000p\000u\000t\000V\000a\000l\000u\000e\000\050\000\051}{part.3}% 144
\BOOKMARK [0][-]{chapter.27}{\376\377\0002\0007\000\040\000C\000l\000i\000e\000n\000t\000s\000I\000n\000t\000e\000r\000f\000a\000c\000e\000\040\000a\000c\000c\000e\000s\000s\000i\000b\000l\000e\000\040\000v\000i\000a\000\040\000s\000i\000m\000.\000g\000e\000t\000C\000l\000i\000e\000n\000t\000s\000\050\000\051}{part.3}% 145
\BOOKMARK [0][-]{chapter.28}{\376\377\0002\0008\000\040\000O\000u\000t\000p\000u\000t\000I\000n\000t\000e\000r\000f\000a\000c\000e\000\040\000a\000c\000c\000e\000s\000s\000i\000b\000l\000e\000\040\000v\000i\000a\000\040\000s\000i\000m\000.\000g\000e\000t\000O\000u\000t\000p\000u\000t\000\050\000\051}{part.3}% 146
\BOOKMARK [0][-]{chapter.29}{\376\377\0002\0009\000\040\000F\000i\000l\000e\000O\000u\000t\000p\000u\000t\000I\000n\000t\000e\000r\000f\000a\000c\000e\000\040\000a\000c\000c\000e\000s\000s\000i\000b\000l\000e\000\040\000v\000i\000a\000\040\000s\000i\000m\000.\000g\000e\000t\000F\000i\000l\000e\000O\000u\000t\000p\000u\000t\000\050\000\051}{part.3}% 147
\BOOKMARK [0][-]{chapter.30}{\376\377\0003\0000\000\040\000M\000o\000d\000e\000l\000I\000n\000t\000e\000r\000f\000a\000c\000e\000\040\000a\000c\000c\000e\000s\000s\000i\000b\000l\000e\000\040\000v\000i\000a\000\040\000s\000i\000m\000.\000g\000e\000t\000M\000o\000d\000e\000l\000\050\000\051}{part.3}% 148
\BOOKMARK [1][-]{section.30.1}{\376\377\0003\0000\000.\0001\000\040\000A\000c\000c\000e\000s\000s\000i\000n\000g\000\040\000s\000t\000a\000t\000i\000o\000n\000\040\000d\000a\000t\000a}{chapter.30}% 149
\BOOKMARK [0][-]{chapter.31}{\376\377\0003\0001\000\040\000X\000M\000L\000\040\000s\000e\000l\000e\000c\000t\000i\000o\000n\000\040\000c\000o\000m\000m\000a\000n\000d\000s}{part.3}% 150
