\BOOKMARK [0][-]{Inhaltsverzeichnis.0}{\376\377\000I\000n\000h\000a\000l\000t\000s\000v\000e\000r\000z\000e\000i\000c\000h\000n\000i\000s}{}% 1
\BOOKMARK [0][-]{chapter.1}{\376\377\0001\000\040\000E\000i\000n\000g\000a\000n\000g\000/\000A\000u\000s\000g\000a\000n\000g}{}% 2
\BOOKMARK [1][-]{section.1.1}{\376\377\0001\000.\0001\000\040\000A\000u\000s\000g\000a\000n\000g}{chapter.1}% 3
\BOOKMARK [1][-]{section.1.2}{\376\377\0001\000.\0002\000\040\000D\000a\000t\000e\000n\000b\000a\000n\000k\000q\000u\000e\000l\000l\000e}{chapter.1}% 4
\BOOKMARK [1][-]{section.1.3}{\376\377\0001\000.\0003\000\040\000E\000x\000c\000e\000l\000-\000D\000D\000E\000-\000Q\000u\000e\000l\000l\000e}{chapter.1}% 5
\BOOKMARK [1][-]{section.1.4}{\376\377\0001\000.\0004\000\040\000M\000e\000h\000r\000f\000a\000c\000h\000q\000u\000e\000l\000l\000e}{chapter.1}% 6
\BOOKMARK [1][-]{section.1.5}{\376\377\0001\000.\0005\000\040\000Q\000u\000e\000l\000l\000e}{chapter.1}% 7
\BOOKMARK [1][-]{section.1.6}{\376\377\0001\000.\0006\000\040\000S\000p\000e\000i\000c\000h\000e\000r\000n\000+\000A\000u\000s\000g\000a\000n\000g}{chapter.1}% 8
\BOOKMARK [1][-]{section.1.7}{\376\377\0001\000.\0007\000\040\000T\000a\000b\000e\000l\000l\000e\000n\000q\000u\000e\000l\000l\000e}{chapter.1}% 9
\BOOKMARK [0][-]{chapter.2}{\376\377\0002\000\040\000V\000e\000r\000a\000r\000b\000e\000i\000t\000u\000n\000g}{}% 10
\BOOKMARK [1][-]{section.2.1}{\376\377\0002\000.\0001\000\040\000B\000e\000d\000i\000e\000n\000s\000t\000a\000t\000i\000o\000n}{chapter.2}% 11
\BOOKMARK [1][-]{section.2.2}{\376\377\0002\000.\0002\000\040\000V\000e\000r\000z\000\366\000g\000e\000r\000u\000n\000g}{chapter.2}% 12
\BOOKMARK [0][-]{chapter.3}{\376\377\0003\000\040\000Z\000u\000w\000e\000i\000s\000u\000n\000g\000e\000n}{}% 13
\BOOKMARK [1][-]{section.3.1}{\376\377\0003\000.\0001\000\040\000B\000a\000t\000c\000h\000-\000Z\000\344\000h\000l\000e\000r}{chapter.3}% 14
\BOOKMARK [1][-]{section.3.2}{\376\377\0003\000.\0002\000\040\000B\000e\000r\000e\000i\000c\000h\000\040\000b\000e\000t\000r\000e\000t\000e\000n}{chapter.3}% 15
\BOOKMARK [1][-]{section.3.3}{\376\377\0003\000.\0003\000\040\000B\000e\000r\000e\000i\000c\000h\000\040\000v\000e\000r\000l\000a\000s\000s\000e\000n}{chapter.3}% 16
\BOOKMARK [1][-]{section.3.4}{\376\377\0003\000.\0004\000\040\000D\000i\000f\000f\000e\000r\000e\000n\000z\000z\000\344\000h\000l\000e\000r}{chapter.3}% 17
\BOOKMARK [1][-]{section.3.5}{\376\377\0003\000.\0005\000\040\000D\000u\000r\000c\000h\000s\000a\000t\000z}{chapter.3}% 18
\BOOKMARK [1][-]{section.3.6}{\376\377\0003\000.\0006\000\040\000K\000o\000s\000t\000e\000n}{chapter.3}% 19
\BOOKMARK [1][-]{section.3.7}{\376\377\0003\000.\0007\000\040\000K\000u\000n\000d\000e\000n\000s\000t\000a\000t\000i\000s\000t\000i\000k}{chapter.3}% 20
\BOOKMARK [1][-]{section.3.8}{\376\377\0003\000.\0008\000\040\000M\000u\000l\000t\000i\000z\000\344\000h\000l\000e\000r}{chapter.3}% 21
\BOOKMARK [1][-]{section.3.9}{\376\377\0003\000.\0009\000\040\000S\000c\000r\000i\000p\000t}{chapter.3}% 22
\BOOKMARK [1][-]{section.3.10}{\376\377\0003\000.\0001\0000\000\040\000T\000e\000x\000t\000z\000u\000w\000e\000i\000s\000u\000n\000g}{chapter.3}% 23
\BOOKMARK [1][-]{section.3.11}{\376\377\0003\000.\0001\0001\000\040\000T\000y\000p\000z\000u\000w\000e\000i\000s\000u\000n\000g}{chapter.3}% 24
\BOOKMARK [1][-]{section.3.12}{\376\377\0003\000.\0001\0002\000\040\000V\000a\000r\000i\000a\000b\000l\000e}{chapter.3}% 25
\BOOKMARK [1][-]{section.3.13}{\376\377\0003\000.\0001\0003\000\040\000Z\000u\000s\000t\000a\000n\000d}{chapter.3}% 26
\BOOKMARK [1][-]{section.3.14}{\376\377\0003\000.\0001\0004\000\040\000Z\000\344\000h\000l\000e\000r}{chapter.3}% 27
\BOOKMARK [0][-]{chapter.4}{\376\377\0004\000\040\000V\000e\000r\000z\000w\000e\000i\000g\000u\000n\000g\000e\000n}{}% 28
\BOOKMARK [1][-]{section.4.1}{\376\377\0004\000.\0001\000\040\000D\000u\000p\000l\000i\000z\000i\000e\000r\000e\000n}{chapter.4}% 29
\BOOKMARK [1][-]{section.4.2}{\376\377\0004\000.\0002\000\040\000V\000e\000r\000z\000w\000e\000i\000g\000e\000n}{chapter.4}% 30
\BOOKMARK [1][-]{section.4.3}{\376\377\0004\000.\0003\000\040\000V\000e\000r\000z\000w\000e\000i\000g\000e\000n\000\040\000\050\000S\000k\000r\000i\000p\000t\000\051}{chapter.4}% 31
\BOOKMARK [1][-]{section.4.4}{\376\377\0004\000.\0004\000\040\000Z\000u\000r\000\374\000c\000k\000s\000c\000h\000r\000e\000c\000k\000e\000n}{chapter.4}% 32
\BOOKMARK [0][-]{chapter.5}{\376\377\0005\000\040\000S\000c\000h\000r\000a\000n\000k\000e\000n}{}% 33
\BOOKMARK [1][-]{section.5.1}{\376\377\0005\000.\0001\000\040\000B\000e\000d\000i\000n\000g\000u\000n\000g}{chapter.5}% 34
\BOOKMARK [1][-]{section.5.2}{\376\377\0005\000.\0002\000\040\000B\000e\000d\000i\000n\000g\000u\000n\000g\000\040\000\050\000S\000k\000r\000i\000p\000t\000\051}{chapter.5}% 35
\BOOKMARK [1][-]{section.5.3}{\376\377\0005\000.\0003\000\040\000M\000u\000l\000t\000i\000b\000e\000d\000i\000n\000g\000u\000n\000g}{chapter.5}% 36
\BOOKMARK [1][-]{section.5.4}{\376\377\0005\000.\0004\000\040\000P\000u\000l\000l\000-\000S\000c\000h\000r\000a\000n\000k\000e}{chapter.5}% 37
\BOOKMARK [1][-]{section.5.5}{\376\377\0005\000.\0005\000\040\000R\000e\000s\000s\000o\000u\000r\000c\000e\000\040\000b\000e\000l\000e\000g\000e\000n}{chapter.5}% 38
\BOOKMARK [1][-]{section.5.6}{\376\377\0005\000.\0006\000\040\000R\000e\000s\000s\000o\000u\000r\000c\000e\000\040\000f\000r\000e\000i\000g\000e\000b\000e\000n}{chapter.5}% 39
\BOOKMARK [1][-]{section.5.7}{\376\377\0005\000.\0007\000\040\000S\000c\000h\000r\000a\000n\000k\000e}{chapter.5}% 40
\BOOKMARK [1][-]{section.5.8}{\376\377\0005\000.\0008\000\040\000S\000i\000g\000n\000a\000l}{chapter.5}% 41
\BOOKMARK [0][-]{chapter.6}{\376\377\0006\000\040\000K\000u\000n\000d\000e\000n\000\040\000v\000e\000r\000b\000i\000n\000d\000e\000n}{}% 42
\BOOKMARK [1][-]{section.6.1}{\376\377\0006\000.\0001\000\040\000A\000u\000s\000l\000e\000i\000t\000e\000n}{chapter.6}% 43
\BOOKMARK [1][-]{section.6.2}{\376\377\0006\000.\0002\000\040\000M\000u\000l\000t\000i\000z\000u\000s\000a\000m\000m\000e\000n\000f\000a\000s\000s\000e\000n}{chapter.6}% 44
\BOOKMARK [1][-]{section.6.3}{\376\377\0006\000.\0003\000\040\000T\000r\000e\000n\000n\000e\000n}{chapter.6}% 45
\BOOKMARK [1][-]{section.6.4}{\376\377\0006\000.\0004\000\040\000Z\000e\000r\000t\000e\000i\000l\000e\000n}{chapter.6}% 46
\BOOKMARK [1][-]{section.6.5}{\376\377\0006\000.\0005\000\040\000Z\000u\000s\000a\000m\000m\000e\000n\000f\000a\000s\000s\000e\000n}{chapter.6}% 47
\BOOKMARK [1][-]{section.6.6}{\376\377\0006\000.\0006\000\040\000Z\000u\000s\000a\000m\000m\000e\000n\000f\000\374\000h\000r\000e\000n}{chapter.6}% 48
\BOOKMARK [0][-]{chapter.7}{\376\377\0007\000\040\000T\000r\000a\000n\000s\000p\000o\000r\000t}{}% 49
\BOOKMARK [1][-]{section.7.1}{\376\377\0007\000.\0001\000\040\000F\000l\000i\000e\000\337\000b\000a\000n\000d}{chapter.7}% 50
\BOOKMARK [1][-]{section.7.2}{\376\377\0007\000.\0002\000\040\000H\000a\000l\000t\000e\000s\000t\000e\000l\000l\000e}{chapter.7}% 51
\BOOKMARK [1][-]{section.7.3}{\376\377\0007\000.\0003\000\040\000P\000a\000r\000k\000p\000l\000a\000t\000z}{chapter.7}% 52
\BOOKMARK [1][-]{section.7.4}{\376\377\0007\000.\0004\000\040\000P\000l\000a\000n\000\040\000z\000u\000w\000e\000i\000s\000e\000n}{chapter.7}% 53
\BOOKMARK [1][-]{section.7.5}{\376\377\0007\000.\0005\000\040\000T\000e\000l\000e\000p\000o\000r\000t\000-\000T\000r\000a\000n\000s\000p\000o\000r\000t\000\040\000S\000t\000a\000r\000t\000p\000u\000n\000k\000t}{chapter.7}% 54
\BOOKMARK [1][-]{section.7.6}{\376\377\0007\000.\0006\000\040\000T\000e\000l\000e\000p\000o\000r\000t\000-\000T\000r\000a\000n\000s\000p\000o\000r\000t\000\040\000Z\000i\000e\000l\000p\000u\000n\000k\000t}{chapter.7}% 55
\BOOKMARK [1][-]{section.7.7}{\376\377\0007\000.\0007\000\040\000T\000r\000a\000n\000s\000p\000o\000r\000t\000e\000r\000\040\000W\000e\000g\000p\000u\000n\000k\000t}{chapter.7}% 56
\BOOKMARK [1][-]{section.7.8}{\376\377\0007\000.\0008\000\040\000T\000r\000a\000n\000s\000p\000o\000r\000t\000s\000t\000a\000r\000t}{chapter.7}% 57
\BOOKMARK [1][-]{section.7.9}{\376\377\0007\000.\0009\000\040\000T\000r\000a\000n\000s\000p\000o\000r\000t\000z\000i\000e\000l}{chapter.7}% 58
\BOOKMARK [0][-]{chapter.8}{\376\377\0008\000\040\000D\000a\000t\000e\000n\000\040\000E\000i\000n\000-\000/\000A\000u\000s\000g\000a\000b\000e}{}% 59
\BOOKMARK [1][-]{section.8.1}{\376\377\0008\000.\0001\000\040\000A\000u\000f\000z\000e\000i\000c\000h\000n\000u\000n\000g}{chapter.8}% 60
\BOOKMARK [1][-]{section.8.2}{\376\377\0008\000.\0002\000\040\000A\000u\000s\000g\000a\000b\000e}{chapter.8}% 61
\BOOKMARK [1][-]{section.8.3}{\376\377\0008\000.\0003\000\040\000A\000u\000s\000g\000a\000b\000e\000\040\000\050\000D\000B\000\051}{chapter.8}% 62
\BOOKMARK [1][-]{section.8.4}{\376\377\0008\000.\0004\000\040\000A\000u\000s\000g\000a\000b\000e\000\040\000\050\000D\000D\000E\000\051}{chapter.8}% 63
\BOOKMARK [1][-]{section.8.5}{\376\377\0008\000.\0005\000\040\000A\000u\000s\000g\000a\000b\000e\000\040\000\050\000L\000o\000g\000\051}{chapter.8}% 64
\BOOKMARK [1][-]{section.8.6}{\376\377\0008\000.\0006\000\040\000A\000u\000s\000g\000a\000b\000e\000\040\000\050\000S\000k\000r\000i\000p\000t\000\051}{chapter.8}% 65
\BOOKMARK [1][-]{section.8.7}{\376\377\0008\000.\0007\000\040\000E\000i\000n\000g\000a\000b\000e}{chapter.8}% 66
\BOOKMARK [1][-]{section.8.8}{\376\377\0008\000.\0008\000\040\000E\000i\000n\000g\000a\000b\000e\000\040\000\050\000D\000B\000\051}{chapter.8}% 67
\BOOKMARK [1][-]{section.8.9}{\376\377\0008\000.\0009\000\040\000E\000i\000n\000g\000a\000b\000e\000\040\000\050\000D\000D\000E\000\051}{chapter.8}% 68
\BOOKMARK [1][-]{section.8.10}{\376\377\0008\000.\0001\0000\000\040\000E\000i\000n\000g\000a\000b\000e\000\040\000\050\000S\000k\000r\000i\000p\000t\000\051}{chapter.8}% 69
\BOOKMARK [0][-]{chapter.9}{\376\377\0009\000\040\000F\000l\000u\000s\000s\000s\000t\000e\000u\000e\000r\000u\000n\000g\000s\000l\000o\000g\000i\000k}{}% 70
\BOOKMARK [1][-]{section.9.1}{\376\377\0009\000.\0001\000\040\000D\000o}{chapter.9}% 71
\BOOKMARK [1][-]{section.9.2}{\376\377\0009\000.\0002\000\040\000E\000l\000s\000e}{chapter.9}% 72
\BOOKMARK [1][-]{section.9.3}{\376\377\0009\000.\0003\000\040\000E\000l\000s\000e\000I\000f}{chapter.9}% 73
\BOOKMARK [1][-]{section.9.4}{\376\377\0009\000.\0004\000\040\000E\000n\000d\000I\000f}{chapter.9}% 74
\BOOKMARK [1][-]{section.9.5}{\376\377\0009\000.\0005\000\040\000E\000n\000d\000W\000h\000i\000l\000e}{chapter.9}% 75
\BOOKMARK [1][-]{section.9.6}{\376\377\0009\000.\0006\000\040\000I\000f}{chapter.9}% 76
\BOOKMARK [1][-]{section.9.7}{\376\377\0009\000.\0007\000\040\000U\000n\000t\000i\000l}{chapter.9}% 77
\BOOKMARK [1][-]{section.9.8}{\376\377\0009\000.\0008\000\040\000W\000h\000i\000l\000e}{chapter.9}% 78
\BOOKMARK [0][-]{chapter.10}{\376\377\0001\0000\000\040\000A\000n\000a\000l\000o\000g\000e\000\040\000W\000e\000r\000t\000e}{}% 79
\BOOKMARK [1][-]{section.10.1}{\376\377\0001\0000\000.\0001\000\040\000A\000n\000a\000l\000o\000g\000e\000n\000\040\000W\000.\000\040\000\344\000n\000d\000e\000r\000n}{chapter.10}% 80
\BOOKMARK [1][-]{section.10.2}{\376\377\0001\0000\000.\0002\000\040\000A\000n\000a\000l\000o\000g\000e\000r\000\040\000W\000e\000r\000t}{chapter.10}% 81
\BOOKMARK [1][-]{section.10.3}{\376\377\0001\0000\000.\0003\000\040\000F\000l\000u\000s\000s}{chapter.10}% 82
\BOOKMARK [1][-]{section.10.4}{\376\377\0001\0000\000.\0004\000\040\000F\000l\000u\000s\000s\000\040\000\050\000S\000i\000g\000n\000a\000l\000\051}{chapter.10}% 83
\BOOKMARK [1][-]{section.10.5}{\376\377\0001\0000\000.\0005\000\040\000S\000e\000n\000s\000o\000r}{chapter.10}% 84
\BOOKMARK [1][-]{section.10.6}{\376\377\0001\0000\000.\0006\000\040\000T\000a\000n\000k}{chapter.10}% 85
\BOOKMARK [1][-]{section.10.7}{\376\377\0001\0000\000.\0007\000\040\000V\000e\000n\000t\000i\000l\000-\000S\000e\000t\000u\000p}{chapter.10}% 86
\BOOKMARK [0][-]{chapter.11}{\376\377\0001\0001\000\040\000A\000n\000i\000m\000a\000t\000i\000o\000n}{}% 87
\BOOKMARK [1][-]{section.11.1}{\376\377\0001\0001\000.\0001\000\040\000A\000n\000a\000l\000o\000g\000s\000k\000a\000l\000a\000a\000n\000z\000e\000i\000g\000e}{chapter.11}% 88
\BOOKMARK [1][-]{section.11.2}{\376\377\0001\0001\000.\0002\000\040\000A\000n\000i\000m\000a\000t\000i\000o\000n\000s\000b\000i\000l\000d}{chapter.11}% 89
\BOOKMARK [1][-]{section.11.3}{\376\377\0001\0001\000.\0003\000\040\000D\000a\000t\000e\000n\000a\000u\000f\000z\000e\000i\000c\000h\000n\000u\000n\000g\000\040\000a\000n\000z\000e\000i\000g\000e\000n}{chapter.11}% 90
\BOOKMARK [1][-]{section.11.4}{\376\377\0001\0001\000.\0004\000\040\000I\000c\000o\000n\000:\000\040\000P\000e\000r\000s\000o\000n\000\040\000-\000\040\000B\000l\000a\000u}{chapter.11}% 91
\BOOKMARK [1][-]{section.11.5}{\376\377\0001\0001\000.\0005\000\040\000L\000C\000D\000-\000A\000n\000z\000e\000i\000g\000e}{chapter.11}% 92
\BOOKMARK [1][-]{section.11.6}{\376\377\0001\0001\000.\0006\000\040\000S\000i\000m\000u\000l\000a\000t\000i\000o\000n\000s\000d\000a\000t\000e\000n\000\040\000a\000l\000s\000\040\000B\000a\000l\000k\000e\000n}{chapter.11}% 93
\BOOKMARK [1][-]{section.11.7}{\376\377\0001\0001\000.\0007\000\040\000S\000i\000m\000u\000l\000a\000t\000i\000o\000n\000s\000d\000a\000t\000e\000n\000\040\000a\000l\000s\000\040\000g\000e\000s\000t\000a\000p\000e\000l\000t\000e\000r\000\040\000B\000a\000l\000k\000e\000n}{chapter.11}% 94
\BOOKMARK [1][-]{section.11.8}{\376\377\0001\0001\000.\0008\000\040\000S\000i\000m\000u\000l\000a\000t\000i\000o\000n\000s\000d\000a\000t\000e\000n\000\040\000a\000l\000s\000\040\000T\000e\000x\000t}{chapter.11}% 95
\BOOKMARK [1][-]{section.11.9}{\376\377\0001\0001\000.\0009\000\040\000S\000i\000m\000u\000l\000a\000t\000i\000o\000n\000s\000d\000a\000t\000e\000n\000a\000m\000p\000e\000l}{chapter.11}% 96
\BOOKMARK [1][-]{section.11.10}{\376\377\0001\0001\000.\0001\0000\000\040\000S\000i\000m\000u\000l\000a\000t\000i\000o\000n\000s\000d\000a\000t\000e\000n\000b\000a\000l\000k\000e\000n\000d\000i\000a\000g\000r\000a\000m\000m}{chapter.11}% 97
\BOOKMARK [1][-]{section.11.11}{\376\377\0001\0001\000.\0001\0001\000\040\000S\000i\000m\000u\000l\000a\000t\000i\000o\000n\000s\000d\000a\000t\000e\000n\000l\000i\000n\000i\000e\000n\000d\000i\000a\000g\000r\000a\000m\000m}{chapter.11}% 98
\BOOKMARK [1][-]{section.11.12}{\376\377\0001\0001\000.\0001\0002\000\040\000S\000i\000m\000u\000l\000a\000t\000i\000o\000n\000s\000d\000a\000t\000e\000n\000t\000o\000r\000t\000e\000n\000d\000i\000a\000g\000r\000a\000m\000m}{chapter.11}% 99
\BOOKMARK [1][-]{section.11.13}{\376\377\0001\0001\000.\0001\0003\000\040\000S\000i\000m\000u\000l\000a\000t\000i\000o\000n\000s\000z\000e\000i\000t}{chapter.11}% 100
\BOOKMARK [1][-]{section.11.14}{\376\377\0001\0001\000.\0001\0004\000\040\000S\000k\000r\000i\000p\000t\000e\000r\000g\000e\000b\000n\000i\000s\000\040\000a\000l\000s\000\040\000T\000e\000x\000t}{chapter.11}% 101
\BOOKMARK [1][-]{section.11.15}{\376\377\0001\0001\000.\0001\0005\000\040\000T\000e\000x\000t\000\040\000g\000e\000m\000\344\000\337\000\040\000S\000i\000m\000u\000l\000a\000t\000i\000o\000n\000s\000d\000a\000t\000e\000n}{chapter.11}% 102
\BOOKMARK [0][-]{chapter.12}{\376\377\0001\0002\000\040\000A\000n\000i\000m\000a\000t\000i\000o\000n\000\040\000-\000\040\000I\000n\000t\000e\000r\000a\000k\000t\000i\000v}{}% 103
\BOOKMARK [1][-]{section.12.1}{\376\377\0001\0002\000.\0001\000\040\000C\000h\000e\000c\000k\000b\000o\000x}{chapter.12}% 104
\BOOKMARK [1][-]{section.12.2}{\376\377\0001\0002\000.\0002\000\040\000R\000a\000d\000i\000o\000b\000u\000t\000t\000o\000n}{chapter.12}% 105
\BOOKMARK [1][-]{section.12.3}{\376\377\0001\0002\000.\0003\000\040\000S\000c\000h\000a\000l\000t\000f\000l\000\344\000c\000h\000e}{chapter.12}% 106
\BOOKMARK [1][-]{section.12.4}{\376\377\0001\0002\000.\0004\000\040\000S\000c\000h\000i\000e\000b\000e\000r\000e\000g\000l\000e\000r}{chapter.12}% 107
\BOOKMARK [0][-]{chapter.13}{\376\377\0001\0003\000\040\000O\000p\000t\000i\000s\000c\000h\000e\000\040\000G\000e\000s\000t\000a\000l\000t\000u\000n\000g}{}% 108
\BOOKMARK [1][-]{section.13.1}{\376\377\0001\0003\000.\0001\000\040\000B\000e\000s\000c\000h\000r\000e\000i\000b\000u\000n\000g\000s\000t\000e\000x\000t}{chapter.13}% 109
\BOOKMARK [1][-]{section.13.2}{\376\377\0001\0003\000.\0002\000\040\000B\000i\000l\000d}{chapter.13}% 110
\BOOKMARK [1][-]{section.13.3}{\376\377\0001\0003\000.\0003\000\040\000E\000l\000l\000i\000p\000s\000e}{chapter.13}% 111
\BOOKMARK [1][-]{section.13.4}{\376\377\0001\0003\000.\0004\000\040\000L\000i\000n\000i\000e}{chapter.13}% 112
\BOOKMARK [1][-]{section.13.5}{\376\377\0001\0003\000.\0005\000\040\000N\000o\000t\000i\000z}{chapter.13}% 113
\BOOKMARK [1][-]{section.13.6}{\376\377\0001\0003\000.\0006\000\040\000R\000e\000c\000h\000t\000e\000c\000k}{chapter.13}% 114
\BOOKMARK [1][-]{section.13.7}{\376\377\0001\0003\000.\0007\000\040\000V\000e\000r\000b\000i\000n\000d\000u\000n\000g\000s\000e\000c\000k\000e}{chapter.13}% 115
\BOOKMARK [0][-]{chapter.14}{\376\377\0001\0004\000\040\000S\000o\000n\000s\000t\000i\000g\000e\000s}{}% 116
\BOOKMARK [1][-]{section.14.1}{\376\377\0001\0004\000.\0001\000\040\000A\000k\000t\000i\000o\000n}{chapter.14}% 117
\BOOKMARK [1][-]{section.14.2}{\376\377\0001\0004\000.\0002\000\040\000R\000e\000f\000e\000r\000e\000n\000z}{chapter.14}% 118
\BOOKMARK [1][-]{section.14.3}{\376\377\0001\0004\000.\0003\000\040\000S\000t\000a\000t\000i\000s\000t\000i\000k}{chapter.14}% 119
\BOOKMARK [1][-]{section.14.4}{\376\377\0001\0004\000.\0004\000\040\000U\000n\000t\000e\000r\000m\000o\000d\000e\000l\000l}{chapter.14}% 120
