This is pdfTeX, Version 3.14159265-2.6-1.40.21 (MiKTeX 20.6.29) (preloaded format=pdflatex 2020.9.12)  17 NOV 2020 21:23
entering extended mode
**./Warteschlangensimulator-Reference-de.tex
(Warteschlangensimulator-Reference-de.tex
LaTeX2e <2020-02-02> patch level 5
("C:\Program Files\MiKTeX 2.9\tex/latex/amsmath\amsmath.sty"
Package: amsmath 2020/01/20 v2.17e AMS math features
\@mathmargin=\skip41

For additional information on amsmath, use the `?' option.
("C:\Program Files\MiKTeX 2.9\tex/latex/amsmath\amstext.sty"
Package: amstext 2000/06/29 v2.01 AMS text

("C:\Program Files\MiKTeX 2.9\tex/latex/amsmath\amsgen.sty"
File: amsgen.sty 1999/11/30 v2.0 generic functions
\@emptytoks=\toks15
\ex@=\dimen102
))
("C:\Program Files\MiKTeX 2.9\tex/latex/amsmath\amsbsy.sty"
Package: amsbsy 1999/11/29 v1.2d Bold Symbols
\pmbraise@=\dimen103
)
("C:\Program Files\MiKTeX 2.9\tex/latex/amsmath\amsopn.sty"
Package: amsopn 2016/03/08 v2.02 operator names
)
\inf@bad=\count80
LaTeX Info: Redefining \frac on input line 227.
\uproot@=\count81
\leftroot@=\count82
LaTeX Info: Redefining \overline on input line 389.
\classnum@=\count83
\DOTSCASE@=\count84
LaTeX Info: Redefining \ldots on input line 486.
LaTeX Info: Redefining \dots on input line 489.
LaTeX Info: Redefining \cdots on input line 610.
\Mathstrutbox@=\box27
\strutbox@=\box28
\big@size=\dimen104
LaTeX Font Info:    Redeclaring font encoding OML on input line 733.
LaTeX Font Info:    Redeclaring font encoding OMS on input line 734.
\macc@depth=\count85
\c@MaxMatrixCols=\count86
\dotsspace@=\muskip10
\c@parentequation=\count87
\dspbrk@lvl=\count88
\tag@help=\toks16
\row@=\count89
\column@=\count90
\maxfields@=\count91
\andhelp@=\toks17
\eqnshift@=\dimen105
\alignsep@=\dimen106
\tagshift@=\dimen107
\tagwidth@=\dimen108
\totwidth@=\dimen109
\lineht@=\dimen110
\@envbody=\toks18
\multlinegap=\skip42
\multlinetaggap=\skip43
\mathdisplay@stack=\toks19
LaTeX Info: Redefining \[ on input line 2859.
LaTeX Info: Redefining \] on input line 2860.
)
("C:\Program Files\MiKTeX 2.9\tex/latex/base\fix-cm.sty"
Package: fix-cm 2015/01/14 v1.1t fixes to LaTeX

("C:\Program Files\MiKTeX 2.9\tex/latex/base\ts1enc.def"
File: ts1enc.def 2001/06/05 v3.0e (jk/car/fm) Standard LaTeX file
LaTeX Font Info:    Redeclaring font encoding TS1 on input line 47.
)) (svmono.cls
Document Class: svmono 2009/12/17 v5.5 
Springer Verlag global LaTeX document class for monographs
Class Springer-SVMono Info: extra/valid Springer sub-package 
(Springer-SVMono)           not found in option list - using "global" style.
("C:\Program Files\MiKTeX 2.9\tex/latex/base\article.cls"
Document Class: article 2019/12/20 v1.4l Standard LaTeX document class
("C:\Program Files\MiKTeX 2.9\tex/latex/base\size10.clo"
File: size10.clo 2019/12/20 v1.4l Standard LaTeX file (size option)
)
\c@part=\count92
\c@section=\count93
\c@subsection=\count94
\c@subsubsection=\count95
\c@paragraph=\count96
\c@subparagraph=\count97
\c@figure=\count98
\c@table=\count99
\abovecaptionskip=\skip44
\belowcaptionskip=\skip45
\bibindent=\dimen111
)
\svparindent=\dimen112
\betweenumberspace=\dimen113
\headlineindent=\dimen114
\c@chapter=\count100
\mottowidth=\dimen115
\svitemindent=\dimen116
\verbatimindent=\dimen117
LaTeX Font Info:    Redeclaring math symbol \Gamma on input line 832.
LaTeX Font Info:    Redeclaring math symbol \Delta on input line 833.
LaTeX Font Info:    Redeclaring math symbol \Theta on input line 834.
LaTeX Font Info:    Redeclaring math symbol \Lambda on input line 835.
LaTeX Font Info:    Redeclaring math symbol \Xi on input line 836.
LaTeX Font Info:    Redeclaring math symbol \Pi on input line 837.
LaTeX Font Info:    Redeclaring math symbol \Sigma on input line 838.
LaTeX Font Info:    Redeclaring math symbol \Upsilon on input line 839.
LaTeX Font Info:    Redeclaring math symbol \Phi on input line 840.
LaTeX Font Info:    Redeclaring math symbol \Psi on input line 841.
LaTeX Font Info:    Redeclaring math symbol \Omega on input line 842.
LaTeX Font Info:    Redeclaring math symbol \varGamma on input line 844.
LaTeX Font Info:    Redeclaring math symbol \varDelta on input line 845.
LaTeX Font Info:    Redeclaring math symbol \varTheta on input line 846.
LaTeX Font Info:    Redeclaring math symbol \varLambda on input line 847.
LaTeX Font Info:    Redeclaring math symbol \varXi on input line 848.
LaTeX Font Info:    Redeclaring math symbol \varPi on input line 849.
LaTeX Font Info:    Redeclaring math symbol \varSigma on input line 850.
LaTeX Font Info:    Redeclaring math symbol \varUpsilon on input line 851.
LaTeX Font Info:    Redeclaring math symbol \varPhi on input line 852.
LaTeX Font Info:    Redeclaring math symbol \varPsi on input line 853.
LaTeX Font Info:    Redeclaring math symbol \varOmega on input line 854.
\tocchpnum=\dimen118
\tocsecnum=\dimen119
\tocsectotal=\dimen120
\tocsubsecnum=\dimen121
\tocsubsectotal=\dimen122
\tocsubsubsecnum=\dimen123
\tocsubsubsectotal=\dimen124
\tocparanum=\dimen125
\tocparatotal=\dimen126
\tocsubparanum=\dimen127
\foot@parindent=\dimen128
\spthmsep=\dimen129
\c@theorem=\count101
\c@case=\count102
\c@conjecture=\count103
\c@corollary=\count104
\c@definition=\count105
\c@example=\count106
\c@exercise=\count107
\c@lemma=\count108
\c@note=\count109
\c@problem=\count110
\c@property=\count111
\c@proposition=\count112
\c@question=\count113
\c@solution=\count114
\c@remark=\count115
\c@prob=\count116
\instindent=\dimen130
\figgap=\dimen131
\bildb@x=\box29
\figcapgap=\dimen132
\tabcapgap=\dimen133
\c@merk=\count117
LaTeX Info: Redefining \abstract on input line 1894.
) (Macros.tex
(C:\Users\Alexa\AppData\Roaming\MiKTeX\2.9\tex/latex/imakeidx\imakeidx.sty
Package: imakeidx 2016/10/15 v1.3e Package for typesetting indices in a synchro
nous mode

("C:\Program Files\MiKTeX 2.9\tex/latex/xkeyval\xkeyval.sty"
Package: xkeyval 2014/12/03 v2.7a package option processing (HA)

("C:\Program Files\MiKTeX 2.9\tex/generic/xkeyval\xkeyval.tex"
("C:\Program Files\MiKTeX 2.9\tex/generic/xkeyval\xkvutils.tex"
\XKV@toks=\toks20
\XKV@tempa@toks=\toks21

("C:\Program Files\MiKTeX 2.9\tex/generic/xkeyval\keyval.tex"))
\XKV@depth=\count118
File: xkeyval.tex 2014/12/03 v2.7a key=value parser (HA)
))
(C:\Users\Alexa\AppData\Roaming\MiKTeX\2.9\tex/generic/iftex\ifxetex.sty
Package: ifxetex 2019/10/25 v0.7 ifxetex legacy package. Use iftex instead.

(C:\Users\Alexa\AppData\Roaming\MiKTeX\2.9\tex/generic/iftex\iftex.sty
Package: iftex 2020/03/06 v1.0d TeX engine tests
))
(C:\Users\Alexa\AppData\Roaming\MiKTeX\2.9\tex/generic/iftex\ifluatex.sty
Package: ifluatex 2019/10/25 v1.5 ifluatex legacy package. Use iftex instead.
)
("C:\Program Files\MiKTeX 2.9\tex/latex/tools\multicol.sty"
Package: multicol 2019/12/09 v1.8y multicolumn formatting (FMi)
\c@tracingmulticols=\count119
\mult@box=\box30
\multicol@leftmargin=\dimen134
\c@unbalance=\count120
\c@collectmore=\count121
\doublecol@number=\count122
\multicoltolerance=\count123
\multicolpretolerance=\count124
\full@width=\dimen135
\page@free=\dimen136
\premulticols=\dimen137
\postmulticols=\dimen138
\multicolsep=\skip46
\multicolbaselineskip=\skip47
\partial@page=\box31
\last@line=\box32
\maxbalancingoverflow=\dimen139
\mult@rightbox=\box33
\mult@grightbox=\box34
\mult@gfirstbox=\box35
\mult@firstbox=\box36
\@tempa=\box37
\@tempa=\box38
\@tempa=\box39
\@tempa=\box40
\@tempa=\box41
\@tempa=\box42
\@tempa=\box43
\@tempa=\box44
\@tempa=\box45
\@tempa=\box46
\@tempa=\box47
\@tempa=\box48
\@tempa=\box49
\@tempa=\box50
\@tempa=\box51
\@tempa=\box52
\@tempa=\box53
\@tempa=\box54
\@tempa=\box55
\@tempa=\box56
\@tempa=\box57
\@tempa=\box58
\@tempa=\box59
\@tempa=\box60
\@tempa=\box61
\@tempa=\box62
\@tempa=\box63
\@tempa=\box64
\@tempa=\box65
\@tempa=\box66
\@tempa=\box67
\@tempa=\box68
\@tempa=\box69
\@tempa=\box70
\@tempa=\box71
\@tempa=\box72
\@tempa=\box73
\c@minrows=\count125
\c@columnbadness=\count126
\c@finalcolumnbadness=\count127
\last@try=\dimen140
\multicolovershoot=\dimen141
\multicolundershoot=\dimen142
\mult@nat@firstbox=\box74
\colbreak@box=\box75
\mc@col@check@num=\count128
))
("C:\Program Files\MiKTeX 2.9\tex/latex/base\inputenc.sty"
Package: inputenc 2018/08/11 v1.3c Input encoding file
\inpenc@prehook=\toks22
\inpenc@posthook=\toks23
)
("C:\Program Files\MiKTeX 2.9\tex/latex/amsfonts\amssymb.sty"
Package: amssymb 2013/01/14 v3.01 AMS font symbols

("C:\Program Files\MiKTeX 2.9\tex/latex/amsfonts\amsfonts.sty"
Package: amsfonts 2013/01/14 v3.01 Basic AMSFonts support
\symAMSa=\mathgroup4
\symAMSb=\mathgroup5
LaTeX Font Info:    Redeclaring math symbol \hbar on input line 98.
LaTeX Font Info:    Overwriting math alphabet `\mathfrak' in version `bold'
(Font)                  U/euf/m/n --> U/euf/b/n on input line 106.
))
("C:\Program Files\MiKTeX 2.9\tex/generic/babel\babel.sty"
Package: babel 2020/06/10 3.45 The Babel package

("C:\Program Files\MiKTeX 2.9\tex/generic/babel\babel.def"
File: babel.def 2020/06/10 3.45 Babel common definitions
\babel@savecnt=\count129
\U@D=\dimen143
\l@babelnohyphens=\language83

("C:\Program Files\MiKTeX 2.9\tex/generic/babel\txtbabel.def")
\bbl@readstream=\read1
)
\bbl@dirlevel=\count130

*************************************
* Local config file bblopts.cfg used
*
(C:\Users\Alexa\AppData\Roaming\MiKTeX\2.9\tex/latex/arabi\bblopts.cfg
File: bblopts.cfg 2005/09/08 v0.1 add Arabic and Farsi to "declared" options of
 babel
)
("C:\Program Files\MiKTeX 2.9\tex/latex/babel-german\ngerman.ldf"
Language: ngerman 2018/12/08 v2.11 German support for babel (post-1996 orthogra
phy)

("C:\Program Files\MiKTeX 2.9\tex/latex/babel-german\ngermanb.ldf"
Language: ngermanb 2018/12/08 v2.11 German support for babel (post-1996 orthogr
aphy)
Package babel Info: Making " an active character on input line 121.
)))
(C:\Users\Alexa\AppData\Roaming\MiKTeX\2.9\tex/latex/epsf\epsf.sty
This is `epsf.tex' v2.7.4 <14 February 2011>
\epsffilein=\read2
\epsfframemargin=\dimen144
\epsfframethickness=\dimen145
\epsfrsize=\dimen146
\epsftmp=\dimen147
\epsftsize=\dimen148
\epsfxsize=\dimen149
\epsfysize=\dimen150
\pspoints=\dimen151
) ("C:\Program Files\MiKTeX 2.9\tex/latex/graphics\rotating.sty"
Package: rotating 2016/08/11 v2.16d rotated objects in LaTeX

("C:\Program Files\MiKTeX 2.9\tex/latex/graphics\graphicx.sty"
Package: graphicx 2019/11/30 v1.2a Enhanced LaTeX Graphics (DPC,SPQR)

("C:\Program Files\MiKTeX 2.9\tex/latex/graphics\graphics.sty"
Package: graphics 2019/11/30 v1.4a Standard LaTeX Graphics (DPC,SPQR)

("C:\Program Files\MiKTeX 2.9\tex/latex/graphics\trig.sty"
Package: trig 2016/01/03 v1.10 sin cos tan (DPC)
)
("C:\Program Files\MiKTeX 2.9\tex/latex/graphics-cfg\graphics.cfg"
File: graphics.cfg 2016/06/04 v1.11 sample graphics configuration
)
Package graphics Info: Driver file: dvips.def on input line 105.

("C:\Program Files\MiKTeX 2.9\tex/latex/graphics-def\dvips.def"
File: dvips.def 2017/06/20 v3.1d Graphics/color driver for dvips
))
\Gin@req@height=\dimen152
\Gin@req@width=\dimen153
)
("C:\Program Files\MiKTeX 2.9\tex/latex/base\ifthen.sty"
Package: ifthen 2014/09/29 v1.1c Standard LaTeX ifthen package (DPC)
)
\c@r@tfl@t=\count131
\rotFPtop=\skip48
\rotFPbot=\skip49
\rot@float@box=\box76
\rot@mess@toks=\toks24
)
(C:\Users\Alexa\AppData\Roaming\MiKTeX\2.9\tex/latex/ntheorem\ntheorem.sty
Style `ntheorem', Version 1.33 <2011/08/15>
Package: ntheorem 2011/08/15 1.33
\theorem@style=\toks25
\theorem@@style=\toks26
\theorembodyfont=\toks27
\theoremnumbering=\toks28
\theorempreskipamount=\skip50
\theorempostskipamount=\skip51
\theoremframepreskipamount=\skip52
\theoremframepostskipamount=\skip53
\theoreminframepreskipamount=\skip54
\theoreminframepostskipamount=\skip55
\theorem@preskip=\toks29
\theorem@postskip=\toks30
\theorem@framepreskip=\toks31
\theorem@framepostskip=\toks32
\theorem@inframepreskip=\toks33
\theorem@inframepostskip=\toks34
\theoremindent=\dimen154
\theorem@indent=\dimen155
\theoremrightindent=\dimen156
\theorem@rightindent=\dimen157
\theoremheaderfont=\toks35
\theoremseparator=\toks36
\theoremprework=\toks37
\theorempostwork=\toks38
\theoremsymbol=\toks39
\qedsymbol=\toks40
\theoremkeyword=\toks41
\qedsymbol=\toks42
\thm@topsep=\skip56
\thm@topsepadd=\skip57
Package ntheorem Info: Option `thmmarks' loaded on input line 1175.
\c@endNonectr=\count132
\c@currNonectr=\count133
\mysavskip=\skip58
Package ntheorem Info: option `amsmath' handling for `thmmarks' loaded on input
 line 1175.
\thm@amstmpdepth=\dimen158
\tagwidth=\dimen159
) ("C:\Program Files\MiKTeX 2.9\tex/latex/hyperref\nameref.sty"
Package: nameref 2019/09/16 v2.46 Cross-referencing by name of section

(C:\Users\Alexa\AppData\Roaming\MiKTeX\2.9\tex/latex/refcount\refcount.sty
Package: refcount 2019/12/15 v3.6 Data extraction from label references (HO)

(C:\Users\Alexa\AppData\Roaming\MiKTeX\2.9\tex/generic/ltxcmds\ltxcmds.sty
Package: ltxcmds 2019/12/15 v1.24 LaTeX kernel commands for general use (HO)
)
(C:\Users\Alexa\AppData\Roaming\MiKTeX\2.9\tex/generic/infwarerr\infwarerr.sty
Package: infwarerr 2019/12/03 v1.5 Providing info/warning/error messages (HO)
))
(C:\Users\Alexa\AppData\Roaming\MiKTeX\2.9\tex/generic/gettitlestring\gettitles
tring.sty
Package: gettitlestring 2019/12/15 v1.6 Cleanup title references (HO)

(C:\Users\Alexa\AppData\Roaming\MiKTeX\2.9\tex/latex/kvoptions\kvoptions.sty
Package: kvoptions 2019/11/29 v3.13 Key value format for package options (HO)

(C:\Users\Alexa\AppData\Roaming\MiKTeX\2.9\tex/generic/kvsetkeys\kvsetkeys.sty
Package: kvsetkeys 2019/12/15 v1.18 Key value parser (HO)
)))
\c@section@level=\count134
LaTeX Info: Redefining \ref on input line 356.
LaTeX Info: Redefining \pageref on input line 356.
) (C:\Users\Alexa\AppData\Roaming\MiKTeX\2.9\tex/latex/hycolor\hycolor.sty
Package: hycolor 2020-01-27 v1.10 Color options for hyperref/bookmark (HO)
)
(C:\Users\Alexa\AppData\Roaming\MiKTeX\2.9\tex/latex/hyperxmp\hyperxmp.sty
Package: hyperxmp 2019/04/05 v4.1 Store hyperref metadata in XMP format

(C:\Users\Alexa\AppData\Roaming\MiKTeX\2.9\tex/latex/atenddvi\atenddvi.sty
Package: atenddvi 2019-12-11 v1.4 At end DVI hook (HO)

(C:\Users\Alexa\AppData\Roaming\MiKTeX\2.9\tex/latex/zref\zref-abspage.sty
Package: zref-abspage 2020-05-28 v2.31 Module abspage for zref (HO)

(C:\Users\Alexa\AppData\Roaming\MiKTeX\2.9\tex/latex/zref\zref-base.sty
Package: zref-base 2020-05-28 v2.31 Module base for zref (HO)

(C:\Users\Alexa\AppData\Roaming\MiKTeX\2.9\tex/generic/kvdefinekeys\kvdefinekey
s.sty
Package: kvdefinekeys 2019-12-19 v1.6 Define keys (HO)
)
(C:\Users\Alexa\AppData\Roaming\MiKTeX\2.9\tex/generic/pdftexcmds\pdftexcmds.st
y
Package: pdftexcmds 2020-06-27 v0.33 Utility functions of pdfTeX for LuaTeX (HO
)
Package pdftexcmds Info: \pdf@primitive is available.
Package pdftexcmds Info: \pdf@ifprimitive is available.
Package pdftexcmds Info: \pdfdraftmode found.
) (C:\Users\Alexa\AppData\Roaming\MiKTeX\2.9\tex/generic/etexcmds\etexcmds.sty
Package: etexcmds 2019/12/15 v1.7 Avoid name clashes with e-TeX commands (HO)
) (C:\Users\Alexa\AppData\Roaming\MiKTeX\2.9\tex/latex/auxhook\auxhook.sty
Package: auxhook 2019-12-17 v1.6 Hooks for auxiliary files (HO)
)
Package zref Info: New property list: main on input line 763.
Package zref Info: New property: default on input line 764.
Package zref Info: New property: page on input line 765.
)
(C:\Users\Alexa\AppData\Roaming\MiKTeX\2.9\tex/generic/atbegshi\atbegshi.sty
Package: atbegshi 2019/12/05 v1.19 At begin shipout hook (HO)
)
\c@abspage=\count135
Package zref Info: New property: abspage on input line 66.
)
(C:\Users\Alexa\AppData\Roaming\MiKTeX\2.9\tex/latex/zref\zref-lastpage.sty
Package: zref-lastpage 2020-05-28 v2.31 Module lastpage for zref (HO)

(C:\Users\Alexa\AppData\Roaming\MiKTeX\2.9\tex/latex/atveryend\atveryend.sty
Package: atveryend 2019-12-11 v1.11 Hooks at the very end of document (HO)
Package atveryend Info: \enddocument detected (standard20110627).
)
Package zref Info: New property list: LastPage on input line 59.
)) (C:\Users\Alexa\AppData\Roaming\MiKTeX\2.9\tex/generic/pdfescape\pdfescape.s
ty
Package: pdfescape 2019/12/09 v1.15 Implements pdfTeX's escape features (HO)
)
(C:\Users\Alexa\AppData\Roaming\MiKTeX\2.9\tex/generic/stringenc\stringenc.sty
Package: stringenc 2019/11/29 v1.12 Convert strings between diff. encodings (HO
)
) (C:\Users\Alexa\AppData\Roaming\MiKTeX\2.9\tex/generic/intcalc\intcalc.sty
Package: intcalc 2019/12/15 v1.3 Expandable calculations with integers (HO)
)
(C:\Users\Alexa\AppData\Roaming\MiKTeX\2.9\tex/latex/ifmtarg\ifmtarg.sty
Package: ifmtarg 2018/04/16 v1.2b check for an empty argument
))
("C:\Program Files\MiKTeX 2.9\tex/latex/hyperref\hyperref.sty"
Package: hyperref 2020-05-15 v7.00e Hypertext links for LaTeX

(C:\Users\Alexa\AppData\Roaming\MiKTeX\2.9\tex/latex/letltxmacro\letltxmacro.st
y
Package: letltxmacro 2019/12/03 v1.6 Let assignment for LaTeX macros (HO)
)
\@linkdim=\dimen160
\Hy@linkcounter=\count136
\Hy@pagecounter=\count137
 ("C:\Program Files\MiKTeX 2.9\tex/latex/hyperref\pd1enc.def"
File: pd1enc.def 2020-05-15 v7.00e Hyperref: PDFDocEncoding definition (HO)
Now handling font encoding PD1 ...
... no UTF-8 mapping file for font encoding PD1
)
\Hy@SavedSpaceFactor=\count138
Package hyperref Info: Hyper figures OFF on input line 4464.
Package hyperref Info: Link nesting OFF on input line 4469.
Package hyperref Info: Hyper index ON on input line 4472.
Package hyperref Info: Plain pages OFF on input line 4479.
Package hyperref Info: Backreferencing OFF on input line 4484.
Package hyperref Info: Implicit mode ON; LaTeX internals redefined.
Package hyperref Info: Bookmarks ON on input line 4717.
\c@Hy@tempcnt=\count139

(C:\Users\Alexa\AppData\Roaming\MiKTeX\2.9\tex/latex/url\url.sty
\Urlmuskip=\muskip11
Package: url 2013/09/16  ver 3.4  Verb mode for urls, etc.
)
LaTeX Info: Redefining \url on input line 5076.
\XeTeXLinkMargin=\dimen161

(C:\Users\Alexa\AppData\Roaming\MiKTeX\2.9\tex/generic/bitset\bitset.sty
Package: bitset 2019/12/09 v1.3 Handle bit-vector datatype (HO)

(C:\Users\Alexa\AppData\Roaming\MiKTeX\2.9\tex/generic/bigintcalc\bigintcalc.st
y
Package: bigintcalc 2019/12/15 v1.5 Expandable calculations on big integers (HO
)
))
\Fld@menulength=\count140
\Field@Width=\dimen162
\Fld@charsize=\dimen163
Package hyperref Info: Hyper figures OFF on input line 6347.
Package hyperref Info: Link nesting OFF on input line 6352.
Package hyperref Info: Hyper index ON on input line 6355.
Package hyperref Info: backreferencing OFF on input line 6362.
Package hyperref Info: Link coloring OFF on input line 6367.
Package hyperref Info: Link coloring with OCG OFF on input line 6372.
Package hyperref Info: PDF/A mode OFF on input line 6377.
LaTeX Info: Redefining \ref on input line 6417.
LaTeX Info: Redefining \pageref on input line 6421.
\Hy@abspage=\count141
\c@Item=\count142
\c@Hfootnote=\count143
)
Package hyperref Info: Driver (autodetected): hpdftex.
 ("C:\Program Files\MiKTeX 2.9\tex/latex/hyperref\hpdftex.def"
File: hpdftex.def 2020-05-15 v7.00e Hyperref driver for pdfTeX
\HyAnn@Count=\count144
\Fld@listcount=\count145
\c@bookmark@seq@number=\count146

(C:\Users\Alexa\AppData\Roaming\MiKTeX\2.9\tex/latex/rerunfilecheck\rerunfilech
eck.sty
Package: rerunfilecheck 2019/12/05 v1.9 Rerun checks for auxiliary files (HO)

(C:\Users\Alexa\AppData\Roaming\MiKTeX\2.9\tex/generic/uniquecounter\uniquecoun
ter.sty
Package: uniquecounter 2019/12/15 v1.4 Provide unlimited unique counter (HO)
)
Package uniquecounter Info: New unique counter `rerunfilecheck' on input line 2
86.
)
\Hy@SectionHShift=\skip59
)
Package hyperref Info: Option `bookmarksnumbered' set `true' on input line 75.
Package hyperref Info: Option `colorlinks' set `true' on input line 75.
 ("C:\Program Files\MiKTeX 2.9\tex/latex/float\float.sty"
Package: float 2001/11/08 v1.3d Float enhancements (AL)
\c@float@type=\count147
\float@exts=\toks43
\float@box=\box77
\@float@everytoks=\toks44
\@floatcapt=\box78
)
(C:\Users\Alexa\AppData\Roaming\MiKTeX\2.9\tex/latex/fancyvrb\fancyvrb.sty
Package: fancyvrb 2019/01/15

Style option: `fancyvrb' v3.2a <2019/01/15> (tvz)
\FV@CodeLineNo=\count148
\FV@InFile=\read3
\FV@TabBox=\box79
\c@FancyVerbLine=\count149
\FV@StepNumber=\count150
\FV@OutFile=\write3
)
\@float@every@figure=\toks45
\@float@every@table=\toks46

(C:\Users\Alexa\AppData\Roaming\MiKTeX\2.9\tex/latex/sectsty\sectsty.sty
Package: sectsty 2002/02/25 v2.0.2 Commands to change all sectional heading sty
les


LaTeX Warning: Command \underbar  has changed.
               Check if current package is valid.


LaTeX Warning: Command \underline  has changed.
               Check if current package is valid.

) (C:\Users\Alexa\AppData\Roaming\MiKTeX\2.9\tex/latex/framed\framed.sty
Package: framed 2011/10/22 v 0.96: framed or shaded text with page breaks
\OuterFrameSep=\skip60
\fb@frw=\dimen164
\fb@frh=\dimen165
\FrameRule=\dimen166
\FrameSep=\dimen167
)
(C:\Users\Alexa\AppData\Roaming\MiKTeX\2.9\tex/latex/appendix\appendix.sty
Package: appendix 2009/09/02 v1.2b extra appendix facilities
\c@@pps=\count151
\c@@ppsavesec=\count152
\c@@ppsaveapp=\count153
)
("C:\Program Files\MiKTeX 2.9\tex/latex/base\fontenc.sty"
Package: fontenc 2020/02/11 v2.0o Standard LaTeX package
)
("C:\Program Files\MiKTeX 2.9\tex/latex/eurosym\eurosym.sty"
Package: eurosym 1998/08/06 v1.1 European currency symbol ``Euro''
\@eurobox=\box80
)
("C:\Program Files\MiKTeX 2.9\tex/latex/tools\longtable.sty"
Package: longtable 2020/01/07 v4.13 Multi-page Table package (DPC)
\LTleft=\skip61
\LTright=\skip62
\LTpre=\skip63
\LTpost=\skip64
\LTchunksize=\count154
\LTcapwidth=\dimen168
\LT@head=\box81
\LT@firsthead=\box82
\LT@foot=\box83
\LT@lastfoot=\box84
\LT@cols=\count155
\LT@rows=\count156
\c@LT@tables=\count157
\c@LT@chunks=\count158
\LT@p@ftn=\toks47
)
(C:\Users\Alexa\AppData\Roaming\MiKTeX\2.9\tex/latex/adjustbox\adjustbox.sty
Package: adjustbox 2019/01/04 v1.2 Adjusting TeX boxes (trim, clip, ...)

(C:\Users\Alexa\AppData\Roaming\MiKTeX\2.9\tex/latex/adjustbox\adjcalc.sty
Package: adjcalc 2012/05/16 v1.1 Provides advanced setlength with multiple back
-ends (calc, etex, pgfmath)
)
(C:\Users\Alexa\AppData\Roaming\MiKTeX\2.9\tex/latex/adjustbox\trimclip.sty
Package: trimclip 2018/04/08 v1.1 Trim and clip general TeX material

(C:\Users\Alexa\AppData\Roaming\MiKTeX\2.9\tex/latex/collectbox\collectbox.sty
Package: collectbox 2012/05/17 v0.4b Collect macro arguments as boxes
\collectedbox=\box85
)
\tc@llx=\dimen169
\tc@lly=\dimen170
\tc@urx=\dimen171
\tc@ury=\dimen172
Package trimclip Info: Using driver 'tc-dvips.def'.
(C:\Users\Alexa\AppData\Roaming\MiKTeX\2.9\tex/latex/adjustbox\tc-dvips.def
File: tc-dvips.def 2019/01/04 v2.2 Clipping driver for dvips
))
\adjbox@Width=\dimen173
\adjbox@Height=\dimen174
\adjbox@Depth=\dimen175
\adjbox@Totalheight=\dimen176
\adjbox@pwidth=\dimen177
\adjbox@pheight=\dimen178
\adjbox@pdepth=\dimen179
\adjbox@ptotalheight=\dimen180

(C:\Users\Alexa\AppData\Roaming\MiKTeX\2.9\tex/latex/ifoddpage\ifoddpage.sty
Package: ifoddpage 2016/04/23 v1.1 Conditionals for odd/even page detection
\c@checkoddpage=\count159
)
(C:\Users\Alexa\AppData\Roaming\MiKTeX\2.9\tex/latex/varwidth\varwidth.sty
Package: varwidth 2009/03/30 ver 0.92;  Variable-width minipages
\@vwid@box=\box86
\sift@deathcycles=\count160
\@vwid@loff=\dimen181
\@vwid@roff=\dimen182
))
("C:\Program Files\MiKTeX 2.9\tex/latex/tools\array.sty"
Package: array 2019/08/31 v2.4l Tabular extension package (FMi)
\col@sep=\dimen183
\ar@mcellbox=\box87
\extrarowheight=\dimen184
\NC@list=\toks48
\extratabsurround=\skip65
\backup@length=\skip66
\ar@cellbox=\box88
)
(C:\Users\Alexa\AppData\Roaming\MiKTeX\2.9\tex/latex/booktabs\booktabs.sty
Package: booktabs 2005/04/14 v1.61803 publication quality tables
\heavyrulewidth=\dimen185
\lightrulewidth=\dimen186
\cmidrulewidth=\dimen187
\belowrulesep=\dimen188
\belowbottomsep=\dimen189
\aboverulesep=\dimen190
\abovetopsep=\dimen191
\cmidrulesep=\dimen192
\cmidrulekern=\dimen193
\defaultaddspace=\dimen194
\@cmidla=\count161
\@cmidlb=\count162
\@aboverulesep=\dimen195
\@belowrulesep=\dimen196
\@thisruleclass=\count163
\@lastruleclass=\count164
\@thisrulewidth=\dimen197
)
("C:\Program Files\MiKTeX 2.9\tex/latex/multirow\multirow.sty"
Package: multirow 2019/05/31 v2.5 Span multiple rows of a table
\multirow@colwidth=\skip67
\multirow@cntb=\count165
\multirow@dima=\skip68
\bigstrutjot=\dimen198
))
(C:\Users\Alexa\AppData\Roaming\MiKTeX\2.9\tex/latex/xcolor\xcolor.sty
Package: xcolor 2016/05/11 v2.12 LaTeX color extensions (UK)

("C:\Program Files\MiKTeX 2.9\tex/latex/graphics-cfg\color.cfg"
File: color.cfg 2016/01/02 v1.6 sample color configuration
)
Package xcolor Info: Driver file: pdftex.def on input line 225.

("C:\Program Files\MiKTeX 2.9\tex/latex/graphics-def\pdftex.def"
File: pdftex.def 2018/01/08 v1.0l Graphics/color driver for pdftex
)
Package xcolor Info: Model `cmy' substituted by `cmy0' on input line 1348.
Package xcolor Info: Model `RGB' extended on input line 1364.
Package xcolor Info: Model `HTML' substituted by `rgb' on input line 1366.
Package xcolor Info: Model `Hsb' substituted by `hsb' on input line 1367.
Package xcolor Info: Model `tHsb' substituted by `hsb' on input line 1368.
Package xcolor Info: Model `HSB' substituted by `hsb' on input line 1369.
Package xcolor Info: Model `Gray' substituted by `gray' on input line 1370.
Package xcolor Info: Model `wave' substituted by `hsb' on input line 1371.
)
("C:\Program Files\MiKTeX 2.9\tex/latex/lm\lmodern.sty"
Package: lmodern 2009/10/30 v1.6 Latin Modern Fonts
LaTeX Font Info:    Overwriting symbol font `operators' in version `normal'
(Font)                  OT1/cmr/m/n --> OT1/lmr/m/n on input line 22.
LaTeX Font Info:    Overwriting symbol font `letters' in version `normal'
(Font)                  OML/cmm/m/it --> OML/lmm/m/it on input line 23.
LaTeX Font Info:    Overwriting symbol font `symbols' in version `normal'
(Font)                  OMS/cmsy/m/n --> OMS/lmsy/m/n on input line 24.
LaTeX Font Info:    Overwriting symbol font `largesymbols' in version `normal'
(Font)                  OMX/cmex/m/n --> OMX/lmex/m/n on input line 25.
LaTeX Font Info:    Overwriting symbol font `operators' in version `bold'
(Font)                  OT1/cmr/bx/n --> OT1/lmr/bx/n on input line 26.
LaTeX Font Info:    Overwriting symbol font `letters' in version `bold'
(Font)                  OML/cmm/b/it --> OML/lmm/b/it on input line 27.
LaTeX Font Info:    Overwriting symbol font `symbols' in version `bold'
(Font)                  OMS/cmsy/b/n --> OMS/lmsy/b/n on input line 28.
LaTeX Font Info:    Overwriting symbol font `largesymbols' in version `bold'
(Font)                  OMX/cmex/m/n --> OMX/lmex/m/n on input line 29.
LaTeX Font Info:    Overwriting math alphabet `\mathbf' in version `normal'
(Font)                  OT1/cmr/bx/n --> OT1/lmr/bx/n on input line 31.
LaTeX Font Info:    Overwriting math alphabet `\mathsf' in version `normal'
(Font)                  OT1/cmss/m/n --> OT1/lmss/m/n on input line 32.
LaTeX Font Info:    Overwriting math alphabet `\mathit' in version `normal'
(Font)                  OT1/cmr/m/it --> OT1/lmr/m/it on input line 33.
LaTeX Font Info:    Overwriting math alphabet `\mathtt' in version `normal'
(Font)                  OT1/cmtt/m/n --> OT1/lmtt/m/n on input line 34.
LaTeX Font Info:    Overwriting math alphabet `\mathbf' in version `bold'
(Font)                  OT1/cmr/bx/n --> OT1/lmr/bx/n on input line 35.
LaTeX Font Info:    Overwriting math alphabet `\mathsf' in version `bold'
(Font)                  OT1/cmss/bx/n --> OT1/lmss/bx/n on input line 36.
LaTeX Font Info:    Overwriting math alphabet `\mathit' in version `bold'
(Font)                  OT1/cmr/bx/it --> OT1/lmr/bx/it on input line 37.
LaTeX Font Info:    Overwriting math alphabet `\mathtt' in version `bold'
(Font)                  OT1/cmtt/m/n --> OT1/lmtt/m/n on input line 38.
)
(C:\Users\Alexa\AppData\Roaming\MiKTeX\2.9\tex/latex/wrapfig\wrapfig.sty
\wrapoverhang=\dimen199
\WF@size=\dimen256
\c@WF@wrappedlines=\count166
\WF@box=\box89
\WF@everypar=\toks49
Package: wrapfig 2003/01/31  v 3.6
)
(Warteschlangensimulator-Reference-de.aux)
\openout1 = `Warteschlangensimulator-Reference-de.aux'.

LaTeX Font Info:    Checking defaults for OML/cmm/m/it on input line 19.
LaTeX Font Info:    ... okay on input line 19.
LaTeX Font Info:    Checking defaults for OMS/cmsy/m/n on input line 19.
LaTeX Font Info:    ... okay on input line 19.
LaTeX Font Info:    Checking defaults for OT1/cmr/m/n on input line 19.
LaTeX Font Info:    ... okay on input line 19.
LaTeX Font Info:    Checking defaults for T1/cmr/m/n on input line 19.
LaTeX Font Info:    ... okay on input line 19.
LaTeX Font Info:    Checking defaults for TS1/cmr/m/n on input line 19.
LaTeX Font Info:    ... okay on input line 19.
LaTeX Font Info:    Checking defaults for OMX/cmex/m/n on input line 19.
LaTeX Font Info:    ... okay on input line 19.
LaTeX Font Info:    Checking defaults for U/cmr/m/n on input line 19.
LaTeX Font Info:    ... okay on input line 19.
LaTeX Font Info:    Checking defaults for PD1/pdf/m/n on input line 19.
LaTeX Font Info:    ... okay on input line 19.
LaTeX Font Info:    Trying to load font information for T1+lmr on input line 19
.

("C:\Program Files\MiKTeX 2.9\tex/latex/lm\t1lmr.fd"
File: t1lmr.fd 2009/10/30 v1.6 Font defs for Latin Modern
)
Man spricht deutsch.
\AtBeginShipoutBox=\box90
(C:\Users\Alexa\AppData\Roaming\MiKTeX\2.9\tex/generic/stringenc\se-pdfdoc.def
File: se-pdfdoc.def 2019/11/29 v1.12 stringenc: PDFDocEncoding
) (C:\Users\Alexa\AppData\Roaming\MiKTeX\2.9\tex/generic/stringenc\se-utf8.def
File: se-utf8.def 2019/11/29 v1.12 stringenc: UTF-8
)
Package hyperref Info: Link coloring ON on input line 19.
LaTeX Info: Redefining \ref on input line 19.
LaTeX Info: Redefining \pageref on input line 19.
LaTeX Info: Redefining \nameref on input line 19.

(Warteschlangensimulator-Reference-de.out)
(Warteschlangensimulator-Reference-de.out)
\@outlinefile=\write4
\openout4 = `Warteschlangensimulator-Reference-de.out'.


(C:\Users\Alexa\AppData\Roaming\MiKTeX\2.9\tex/context/base/mkii\supp-pdf.mkii
[Loading MPS to PDF converter (version 2006.09.02).]
\scratchcounter=\count167
\scratchdimen=\dimen257
\scratchbox=\box91
\nofMPsegments=\count168
\nofMParguments=\count169
\everyMPshowfont=\toks50
\MPscratchCnt=\count170
\MPscratchDim=\dimen258
\MPnumerator=\count171
\makeMPintoPDFobject=\count172
\everyMPtoPDFconversion=\toks51
)
(C:\Users\Alexa\AppData\Roaming\MiKTeX\2.9\tex/latex/epstopdf-pkg\epstopdf-base
.sty
Package: epstopdf-base 2020-01-24 v2.11 Base part for package epstopdf
Package epstopdf-base Info: Redefining graphics rule for `.eps' on input line 4
85.
)
<../../Warteschlangennetz-mittel.jpg, id=468, 2902.33244pt x 1981.27437pt>
File: ../../Warteschlangennetz-mittel.jpg Graphic file (type jpg)
<use ../../Warteschlangennetz-mittel.jpg>
Package pdftex.def Info: ../../Warteschlangennetz-mittel.jpg  used on input lin
e 27.
(pdftex.def)             Requested size: 455.24408pt x 310.7524pt.
 (../../Version.tex) [1
Non-PDF special ignored!
<special> papersize=614.295pt,794.96999pt

{C:/Users/Alexa/AppData/Local/MiKTeX/2.9/pdftex/config/pdftex.map} <../../Warte
schlangennetz-mittel.jpg>]
LaTeX Font Info:    Trying to load font information for OT1+lmr on input line 3
7.
 ("C:\Program Files\MiKTeX 2.9\tex/latex/lm\ot1lmr.fd"
File: ot1lmr.fd 2009/10/30 v1.6 Font defs for Latin Modern
)
LaTeX Font Info:    Trying to load font information for OML+lmm on input line 3
7.
 ("C:\Program Files\MiKTeX 2.9\tex/latex/lm\omllmm.fd"
File: omllmm.fd 2009/10/30 v1.6 Font defs for Latin Modern
)
LaTeX Font Info:    Trying to load font information for OMS+lmsy on input line 
37.

("C:\Program Files\MiKTeX 2.9\tex/latex/lm\omslmsy.fd"
File: omslmsy.fd 2009/10/30 v1.6 Font defs for Latin Modern
)
LaTeX Font Info:    Trying to load font information for OMX+lmex on input line 
37.

("C:\Program Files\MiKTeX 2.9\tex/latex/lm\omxlmex.fd"
File: omxlmex.fd 2009/10/30 v1.6 Font defs for Latin Modern
)
LaTeX Font Info:    External font `lmex10' loaded for size
(Font)              <10> on input line 37.
LaTeX Font Info:    External font `lmex10' loaded for size
(Font)              <7> on input line 37.
LaTeX Font Info:    External font `lmex10' loaded for size
(Font)              <5> on input line 37.
LaTeX Font Info:    Trying to load font information for U+msa on input line 37.


("C:\Program Files\MiKTeX 2.9\tex/latex/amsfonts\umsa.fd"
File: umsa.fd 2013/01/14 v3.01 AMS symbols A
)
LaTeX Font Info:    Trying to load font information for U+msb on input line 37.


("C:\Program Files\MiKTeX 2.9\tex/latex/amsfonts\umsb.fd"
File: umsb.fd 2013/01/14 v3.01 AMS symbols B
)
(Warteschlangensimulator-Reference-de.toc [2


] [3] [4])
\tf@toc=\write5
\openout5 = `Warteschlangensimulator-Reference-de.toc'.

 (Reference.tex [5]
[6


]
Kapitel 1.
LaTeX Font Info:    Trying to load font information for T1+lmss on input line 6
.
("C:\Program Files\MiKTeX 2.9\tex/latex/lm\t1lmss.fd"
File: t1lmss.fd 2009/10/30 v1.6 Font defs for Latin Modern
)
<imageModelElementDispose.png, id=617, 481.8pt x 258.9675pt>
File: imageModelElementDispose.png Graphic file (type png)
<use imageModelElementDispose.png>
Package pdftex.def Info: imageModelElementDispose.png  used on input line 11.
(pdftex.def)             Requested size: 56.9055pt x 30.58476pt.
<imageModelElementSourceDB.png, id=619, 481.8pt x 258.9675pt>
File: imageModelElementSourceDB.png Graphic file (type png)
<use imageModelElementSourceDB.png>
Package pdftex.def Info: imageModelElementSourceDB.png  used on input line 33.
(pdftex.def)             Requested size: 56.9055pt x 30.58476pt.
LaTeX Font Info:    Trying to load font information for T1+lmtt on input line 5
3.

("C:\Program Files\MiKTeX 2.9\tex/latex/lm\t1lmtt.fd"
File: t1lmtt.fd 2009/10/30 v1.6 Font defs for Latin Modern
)
Overfull \hbox (26.05614pt too wide) in paragraph at lines 52--56
[]\T1/lmr/m/n/10 Bei der Kundendaten-Spalte han-delt es sich um ei-ne Ta-bel-le
n-spal-te die Aus-drücke der Form ,,\T1/lmtt/m/n/10 ClientData(1)=5\T1/lmr/m/n/
10 ''
 []

<imageModelElementSourceDDE.png, id=620, 481.8pt x 258.9675pt>
File: imageModelElementSourceDDE.png Graphic file (type png)
<use imageModelElementSourceDDE.png>
Package pdftex.def Info: imageModelElementSourceDDE.png  used on input line 63.

(pdftex.def)             Requested size: 56.9055pt x 30.58476pt.
[1 <./imageModelElementDispose.png> <./imageModelElementSourceDB.png>]
<imageModelElementSourceMulti.png, id=632, 481.8pt x 258.9675pt>
File: imageModelElementSourceMulti.png Graphic file (type png)
<use imageModelElementSourceMulti.png>
Package pdftex.def Info: imageModelElementSourceMulti.png  used on input line 9
9.
(pdftex.def)             Requested size: 56.9055pt x 30.58476pt.
 [2 <./imageModelElementSourceDDE.png> <./imageModelElementSourceMulti.png>]
<imageModelElementSource.png, id=643, 481.8pt x 258.9675pt>
File: imageModelElementSource.png Graphic file (type png)
<use imageModelElementSource.png>
Package pdftex.def Info: imageModelElementSource.png  used on input line 165.
(pdftex.def)             Requested size: 56.9055pt x 30.58476pt.
 [3 <./imageModelElementSource.png>]
<imageModelElementSourceTable.png, id=655, 481.8pt x 258.9675pt>
File: imageModelElementSourceTable.png Graphic file (type png)
<use imageModelElementSourceTable.png>
Package pdftex.def Info: imageModelElementSourceTable.png  used on input line 2
27.
(pdftex.def)             Requested size: 56.9055pt x 30.58476pt.
 [4 <./imageModelElementSourceTable.png>] [5] [6


]
Kapitel 2.
<imageModelElementProcess.png, id=675, 481.8pt x 258.9675pt>
File: imageModelElementProcess.png Graphic file (type png)
<use imageModelElementProcess.png>
Package pdftex.def Info: imageModelElementProcess.png  used on input line 267.
(pdftex.def)             Requested size: 56.9055pt x 30.58476pt.
[7 <./imageModelElementProcess.png>] [8]
<imageModelElementDelay.png, id=693, 481.8pt x 258.9675pt>
File: imageModelElementDelay.png Graphic file (type png)
<use imageModelElementDelay.png>
Package pdftex.def Info: imageModelElementDelay.png  used on input line 381.
(pdftex.def)             Requested size: 56.9055pt x 30.58476pt.
 [9 <./imageModelElementDelay.png>]
[10


]
Kapitel 3.
<imageModelElementSectionStart.png, id=706, 481.8pt x 258.9675pt>
File: imageModelElementSectionStart.png Graphic file (type png)
<use imageModelElementSectionStart.png>
Package pdftex.def Info: imageModelElementSectionStart.png  used on input line 
407.
(pdftex.def)             Requested size: 56.9055pt x 30.58476pt.
<imageModelElementSectionEnd.png, id=709, 481.8pt x 258.9675pt>
File: imageModelElementSectionEnd.png Graphic file (type png)
<use imageModelElementSectionEnd.png>
Package pdftex.def Info: imageModelElementSectionEnd.png  used on input line 43
1.
(pdftex.def)             Requested size: 56.9055pt x 30.58476pt.
<imageModelElementDifferentialCounter.png, id=712, 481.8pt x 258.9675pt>
File: imageModelElementDifferentialCounter.png Graphic file (type png)
<use imageModelElementDifferentialCounter.png>
Package pdftex.def Info: imageModelElementDifferentialCounter.png  used on inpu
t line 453.
(pdftex.def)             Requested size: 56.9055pt x 30.58476pt.
[11 <./imageModelElementSectionStart.png> <./imageModelElementSectionEnd.png> <
./imageModelElementDifferentialCounter.png>]
<imageModelElementThroughput.png, id=722, 481.8pt x 258.9675pt>
File: imageModelElementThroughput.png Graphic file (type png)
<use imageModelElementThroughput.png>
Package pdftex.def Info: imageModelElementThroughput.png  used on input line 47
2.
(pdftex.def)             Requested size: 56.9055pt x 30.58476pt.
<imageModelElementCosts.png, id=723, 481.8pt x 258.9675pt>
File: imageModelElementCosts.png Graphic file (type png)
<use imageModelElementCosts.png>
Package pdftex.def Info: imageModelElementCosts.png  used on input line 492.
(pdftex.def)             Requested size: 56.9055pt x 30.58476pt.
<imageModelElementSetStatisticsMode.png, id=724, 481.8pt x 258.9675pt>
File: imageModelElementSetStatisticsMode.png Graphic file (type png)
<use imageModelElementSetStatisticsMode.png>
Package pdftex.def Info: imageModelElementSetStatisticsMode.png  used on input 
line 511.
(pdftex.def)             Requested size: 56.9055pt x 30.58476pt.
<imageModelElementCounterMulti.png, id=725, 481.8pt x 258.9675pt>
File: imageModelElementCounterMulti.png Graphic file (type png)
<use imageModelElementCounterMulti.png>
Package pdftex.def Info: imageModelElementCounterMulti.png  used on input line 
530.
(pdftex.def)             Requested size: 56.9055pt x 30.58476pt.
 [12 <./imageModelElementThroughput.png> <./imageModelElementCosts.png> <./imag
eModelElementSetStatisticsMode.png>]
<imageModelElementSetJS.png, id=739, 481.8pt x 258.9675pt>
File: imageModelElementSetJS.png Graphic file (type png)
<use imageModelElementSetJS.png>
Package pdftex.def Info: imageModelElementSetJS.png  used on input line 556.
(pdftex.def)             Requested size: 56.9055pt x 30.58476pt.
<imageModelElementAssignString.png, id=741, 481.8pt x 258.9675pt>
File: imageModelElementAssignString.png Graphic file (type png)
<use imageModelElementAssignString.png>
Package pdftex.def Info: imageModelElementAssignString.png  used on input line 
581.
(pdftex.def)             Requested size: 56.9055pt x 30.58476pt.
<imageModelElementAssign.png, id=742, 481.8pt x 258.9675pt>
File: imageModelElementAssign.png Graphic file (type png)
<use imageModelElementAssign.png>
Package pdftex.def Info: imageModelElementAssign.png  used on input line 600.
(pdftex.def)             Requested size: 56.9055pt x 30.58476pt.
 [13 <./imageModelElementCounterMulti.png> <./imageModelElementSetJS.png> <./im
ageModelElementAssignString.png>]
<imageModelElementSet.png, id=755, 481.8pt x 258.9675pt>
File: imageModelElementSet.png Graphic file (type png)
<use imageModelElementSet.png>
Package pdftex.def Info: imageModelElementSet.png  used on input line 616.
(pdftex.def)             Requested size: 56.9055pt x 30.58476pt.
<imageModelElementStateStatistics.png, id=758, 481.8pt x 258.9675pt>
File: imageModelElementStateStatistics.png Graphic file (type png)
<use imageModelElementStateStatistics.png>
Package pdftex.def Info: imageModelElementStateStatistics.png  used on input li
ne 648.
(pdftex.def)             Requested size: 56.9055pt x 30.58476pt.
<imageModelElementCounter.png, id=759, 481.8pt x 258.9675pt>
File: imageModelElementCounter.png Graphic file (type png)
<use imageModelElementCounter.png>
Package pdftex.def Info: imageModelElementCounter.png  used on input line 667.
(pdftex.def)             Requested size: 56.9055pt x 30.58476pt.
 [14 <./imageModelElementAssign.png> <./imageModelElementSet.png> <./imageModel
ElementStateStatistics.png>] [15 <./imageModelElementCounter.png>] [16


]
Kapitel 4.
<imageModelElementDuplicate.png, id=781, 481.8pt x 258.9675pt>
File: imageModelElementDuplicate.png Graphic file (type png)
<use imageModelElementDuplicate.png>
Package pdftex.def Info: imageModelElementDuplicate.png  used on input line 690
.
(pdftex.def)             Requested size: 56.9055pt x 30.58476pt.
<imageModelElementDecide.png, id=782, 481.8pt x 258.9675pt>
File: imageModelElementDecide.png Graphic file (type png)
<use imageModelElementDecide.png>
Package pdftex.def Info: imageModelElementDecide.png  used on input line 710.
(pdftex.def)             Requested size: 56.9055pt x 30.58476pt.
LaTeX Font Info:    Trying to load font information for TS1+lmr on input line 7
19.
("C:\Program Files\MiKTeX 2.9\tex/latex/lm\ts1lmr.fd"
File: ts1lmr.fd 2009/10/30 v1.6 Font defs for Latin Modern
) [17 <./imageModelElementDuplicate.png> <./imageModelElementDecide.png>] [18]
<imageModelElementDecideJS.png, id=799, 481.8pt x 258.9675pt>
File: imageModelElementDecideJS.png Graphic file (type png)
<use imageModelElementDecideJS.png>
Package pdftex.def Info: imageModelElementDecideJS.png  used on input line 822.

(pdftex.def)             Requested size: 56.9055pt x 30.58476pt.
<imageModelElementBalking.png, id=800, 481.8pt x 258.9675pt>
File: imageModelElementBalking.png Graphic file (type png)
<use imageModelElementBalking.png>
Package pdftex.def Info: imageModelElementBalking.png  used on input line 843.
(pdftex.def)             Requested size: 56.9055pt x 30.58476pt.
 [19 <./imageModelElementDecideJS.png> <./imageModelElementBalking.png>] [20


]
Kapitel 5.
<imageModelElementHold.png, id=815, 481.8pt x 258.9675pt>
File: imageModelElementHold.png Graphic file (type png)
<use imageModelElementHold.png>
Package pdftex.def Info: imageModelElementHold.png  used on input line 874.
(pdftex.def)             Requested size: 56.9055pt x 30.58476pt.
<imageModelElementHoldJS.png, id=816, 481.8pt x 258.9675pt>
File: imageModelElementHoldJS.png Graphic file (type png)
<use imageModelElementHoldJS.png>
Package pdftex.def Info: imageModelElementHoldJS.png  used on input line 901.
(pdftex.def)             Requested size: 56.9055pt x 30.58476pt.
[21 <./imageModelElementHold.png> <./imageModelElementHoldJS.png>]
<imageModelElementHoldMulti.png, id=825, 481.8pt x 258.9675pt>
File: imageModelElementHoldMulti.png Graphic file (type png)
<use imageModelElementHoldMulti.png>
Package pdftex.def Info: imageModelElementHoldMulti.png  used on input line 930
.
(pdftex.def)             Requested size: 56.9055pt x 30.58476pt.
<imageModelElementBarrierPull.png, id=826, 481.8pt x 258.9675pt>
File: imageModelElementBarrierPull.png Graphic file (type png)
<use imageModelElementBarrierPull.png>
Package pdftex.def Info: imageModelElementBarrierPull.png  used on input line 9
55.
(pdftex.def)             Requested size: 56.9055pt x 30.58476pt.
<imageModelElementSeize.png, id=827, 481.8pt x 258.9675pt>
File: imageModelElementSeize.png Graphic file (type png)
<use imageModelElementSeize.png>
Package pdftex.def Info: imageModelElementSeize.png  used on input line 980.
(pdftex.def)             Requested size: 56.9055pt x 30.58476pt.
 [22 <./imageModelElementHoldMulti.png> <./imageModelElementBarrierPull.png>]
<imageModelElementRelease.png, id=841, 481.8pt x 258.9675pt>
File: imageModelElementRelease.png Graphic file (type png)
<use imageModelElementRelease.png>
Package pdftex.def Info: imageModelElementRelease.png  used on input line 1013.

(pdftex.def)             Requested size: 56.9055pt x 30.58476pt.
<imageModelElementBarrier.png, id=847, 481.8pt x 258.9675pt>
File: imageModelElementBarrier.png Graphic file (type png)
<use imageModelElementBarrier.png>
Package pdftex.def Info: imageModelElementBarrier.png  used on input line 1038.

(pdftex.def)             Requested size: 56.9055pt x 30.58476pt.
 [23 <./imageModelElementSeize.png> <./imageModelElementRelease.png> <./imageMo
delElementBarrier.png>]
<imageModelElementSignal.png, id=859, 481.8pt x 258.9675pt>
File: imageModelElementSignal.png Graphic file (type png)
<use imageModelElementSignal.png>
Package pdftex.def Info: imageModelElementSignal.png  used on input line 1062.
(pdftex.def)             Requested size: 56.9055pt x 30.58476pt.
 [24 <./imageModelElementSignal.png>]
Kapitel 6.
<imageModelElementPickUp.png, id=868, 481.8pt x 258.9675pt>
File: imageModelElementPickUp.png Graphic file (type png)
<use imageModelElementPickUp.png>
Package pdftex.def Info: imageModelElementPickUp.png  used on input line 1085.
(pdftex.def)             Requested size: 56.9055pt x 30.58476pt.
<imageModelElementBatchMulti.png, id=873, 481.8pt x 258.9675pt>
File: imageModelElementBatchMulti.png Graphic file (type png)
<use imageModelElementBatchMulti.png>
Package pdftex.def Info: imageModelElementBatchMulti.png  used on input line 11
14.
(pdftex.def)             Requested size: 56.9055pt x 30.58476pt.
[25


 <./imageModelElementPickUp.png> <./imageModelElementBatchMulti.png>]
<imageModelElementSeparate.png, id=885, 481.8pt x 258.9675pt>
File: imageModelElementSeparate.png Graphic file (type png)
<use imageModelElementSeparate.png>
Package pdftex.def Info: imageModelElementSeparate.png  used on input line 1141
.
(pdftex.def)             Requested size: 56.9055pt x 30.58476pt.
<imageModelElementSplit.png, id=889, 481.8pt x 258.9675pt>
File: imageModelElementSplit.png Graphic file (type png)
<use imageModelElementSplit.png>
Package pdftex.def Info: imageModelElementSplit.png  used on input line 1160.
(pdftex.def)             Requested size: 56.9055pt x 30.58476pt.

[26 <./imageModelElementSeparate.png> <./imageModelElementSplit.png>]
<imageModelElementBatch.png, id=902, 481.8pt x 258.9675pt>
File: imageModelElementBatch.png Graphic file (type png)
<use imageModelElementBatch.png>
Package pdftex.def Info: imageModelElementBatch.png  used on input line 1204.
(pdftex.def)             Requested size: 56.9055pt x 30.58476pt.
<imageModelElementMatch.png, id=904, 481.8pt x 258.9675pt>
File: imageModelElementMatch.png Graphic file (type png)
<use imageModelElementMatch.png>
Package pdftex.def Info: imageModelElementMatch.png  used on input line 1228.
(pdftex.def)             Requested size: 56.9055pt x 30.58476pt.
 [27 <./imageModelElementBatch.png> <./imageModelElementMatch.png>] [28


]
Kapitel 7.
<imageModelElementConveyor.png, id=919, 682.55pt x 158.5925pt>
File: imageModelElementConveyor.png Graphic file (type png)
<use imageModelElementConveyor.png>
Package pdftex.def Info: imageModelElementConveyor.png  used on input line 1260
.
(pdftex.def)             Requested size: 56.9055pt x 13.22003pt.
<imageModelElementTransportTransporterSource.png, id=920, 481.8pt x 258.9675pt>

File: imageModelElementTransportTransporterSource.png Graphic file (type png)
<use imageModelElementTransportTransporterSource.png>
Package pdftex.def Info: imageModelElementTransportTransporterSource.png  used 
on input line 1288.
(pdftex.def)             Requested size: 56.9055pt x 30.58476pt.
[29 <./imageModelElementConveyor.png> <./imageModelElementTransportTransporterS
ource.png>]
<imageModelElementTransportParking.png, id=931, 481.8pt x 258.9675pt>
File: imageModelElementTransportParking.png Graphic file (type png)
<use imageModelElementTransportParking.png>
Package pdftex.def Info: imageModelElementTransportParking.png  used on input l
ine 1338.
(pdftex.def)             Requested size: 56.9055pt x 30.58476pt.

Overfull \hbox (3.25618pt too wide) in paragraph at lines 1353--1361
\T1/lmr/m/n/10 Der Na-me des Park-plat-z-ele-ments be-sitzt kei-ne wei-te-re Be
-deu-tung. Über das \T1/lmr/bx/n/10 Trans-por-ter-typ\T1/lmr/m/n/10 -Auswahlfel
d
 []

<imageModelElementAssignSequence.png, id=932, 481.8pt x 258.9675pt>
File: imageModelElementAssignSequence.png Graphic file (type png)
<use imageModelElementAssignSequence.png>
Package pdftex.def Info: imageModelElementAssignSequence.png  used on input lin
e 1368.
(pdftex.def)             Requested size: 56.9055pt x 30.58476pt.
<imageModelElementTeleportSource.png, id=934, 200.75pt x 178.6675pt>
File: imageModelElementTeleportSource.png Graphic file (type png)
<use imageModelElementTeleportSource.png>
Package pdftex.def Info: imageModelElementTeleportSource.png  used on input lin
e 1387.
(pdftex.def)             Requested size: 56.9055pt x 50.6454pt.
[30 <./imageModelElementTransportParking.png> <./imageModelElementAssignSequenc
e.png>]
Underfull \hbox (badness 1365) in paragraph at lines 1391--1402
[]\T1/lmr/m/n/10 Teleport-Transporte er-mög-li-chen es, einen Kun-den oh-ne Zei
t-ver-zug von ei-nem
 []

<imageModelElementTeleportDestination.png, id=945, 200.75pt x 178.6675pt>
File: imageModelElementTeleportDestination.png Graphic file (type png)
<use imageModelElementTeleportDestination.png>
Package pdftex.def Info: imageModelElementTeleportDestination.png  used on inpu
t line 1416.
(pdftex.def)             Requested size: 56.9055pt x 50.6454pt.

Underfull \hbox (badness 1365) in paragraph at lines 1420--1431
[]\T1/lmr/m/n/10 Teleport-Transporte er-mög-li-chen es, einen Kun-den oh-ne Zei
t-ver-zug von ei-nem
 []

<imageModelElementWayPoint.png, id=947, 144.54pt x 122.4575pt>
File: imageModelElementWayPoint.png Graphic file (type png)
<use imageModelElementWayPoint.png>
Package pdftex.def Info: imageModelElementWayPoint.png  used on input line 1443
.
(pdftex.def)             Requested size: 56.9055pt x 48.2104pt.
<imageModelElementTransportSource.png, id=948, 481.8pt x 258.9675pt>
File: imageModelElementTransportSource.png Graphic file (type png)
<use imageModelElementTransportSource.png>
Package pdftex.def Info: imageModelElementTransportSource.png  used on input li
ne 1467.
(pdftex.def)             Requested size: 56.9055pt x 30.58476pt.
[31 <./imageModelElementTeleportSource.png> <./imageModelElementTeleportDestina
tion.png> <./imageModelElementWayPoint.png>]
<imageModelElementTransportDestination.png, id=961, 481.8pt x 258.9675pt>
File: imageModelElementTransportDestination.png Graphic file (type png)
<use imageModelElementTransportDestination.png>
Package pdftex.def Info: imageModelElementTransportDestination.png  used on inp
ut line 1512.
(pdftex.def)             Requested size: 56.9055pt x 30.58476pt.
 [32 <./imageModelElementTransportSource.png> <./imageModelElementTransportDest
ination.png>]
Kapitel 8.
<imageModelElementRecord.png, id=971, 481.8pt x 258.9675pt>
File: imageModelElementRecord.png Graphic file (type png)
<use imageModelElementRecord.png>
Package pdftex.def Info: imageModelElementRecord.png  used on input line 1537.
(pdftex.def)             Requested size: 56.9055pt x 30.58476pt.
<imageModelElementOutput.png, id=973, 481.8pt x 258.9675pt>
File: imageModelElementOutput.png Graphic file (type png)
<use imageModelElementOutput.png>
Package pdftex.def Info: imageModelElementOutput.png  used on input line 1566.
(pdftex.def)             Requested size: 56.9055pt x 30.58476pt.
[33


 <./imageModelElementRecord.png> <./imageModelElementOutput.png>]
<imageModelElementOutputDB.png, id=985, 481.8pt x 258.9675pt>
File: imageModelElementOutputDB.png Graphic file (type png)
<use imageModelElementOutputDB.png>
Package pdftex.def Info: imageModelElementOutputDB.png  used on input line 1592
.
(pdftex.def)             Requested size: 56.9055pt x 30.58476pt.
<imageModelElementOutputDDE.png, id=986, 481.8pt x 258.9675pt>
File: imageModelElementOutputDDE.png Graphic file (type png)
<use imageModelElementOutputDDE.png>
Package pdftex.def Info: imageModelElementOutputDDE.png  used on input line 161
2.
(pdftex.def)             Requested size: 56.9055pt x 30.58476pt.

Overfull \hbox (29.73335pt too wide) in paragraph at lines 1621--1625
\T1/lmr/m/n/10 Der Na-me des Aus-ga-be (DDE) Ele-ments hat kei-ne wei-te-re Be-
deu-tung. Es müs-sen DDE-Verbindungseinstellungen
 []

<imageModelElementOutputJS.png, id=987, 481.8pt x 258.9675pt>
File: imageModelElementOutputJS.png Graphic file (type png)
<use imageModelElementOutputJS.png>
Package pdftex.def Info: imageModelElementOutputJS.png  used on input line 1632
.
(pdftex.def)             Requested size: 56.9055pt x 30.58476pt.
<imageModelElementInput.png, id=989, 481.8pt x 258.9675pt>
File: imageModelElementInput.png Graphic file (type png)
<use imageModelElementInput.png>
Package pdftex.def Info: imageModelElementInput.png  used on input line 1659.
(pdftex.def)             Requested size: 56.9055pt x 30.58476pt.
[34 <./imageModelElementOutputDB.png> <./imageModelElementOutputDDE.png> <./ima
geModelElementOutputJS.png>]
<imageModelElementInputDB.png, id=1003, 481.8pt x 258.9675pt>
File: imageModelElementInputDB.png Graphic file (type png)
<use imageModelElementInputDB.png>
Package pdftex.def Info: imageModelElementInputDB.png  used on input line 1691.

(pdftex.def)             Requested size: 56.9055pt x 30.58476pt.
<imageModelElementInputDDE.png, id=1004, 481.8pt x 258.9675pt>
File: imageModelElementInputDDE.png Graphic file (type png)
<use imageModelElementInputDDE.png>
Package pdftex.def Info: imageModelElementInputDDE.png  used on input line 1717
.
(pdftex.def)             Requested size: 56.9055pt x 30.58476pt.
 [35 <./imageModelElementInput.png> <./imageModelElementInputDB.png> <./imageMo
delElementInputDDE.png>]
Overfull \hbox (13.04004pt too wide) in paragraph at lines 1728--1731
\T1/lmr/m/n/10 Der Na-me des Eingabe-Elements be-sitzt kei-ne wei-te-re Be-deu-
tung. Ne-ben den DDE-Verbindungseinstellungen
 []

<imageModelElementInputJS.png, id=1015, 481.8pt x 258.9675pt>
File: imageModelElementInputJS.png Graphic file (type png)
<use imageModelElementInputJS.png>
Package pdftex.def Info: imageModelElementInputJS.png  used on input line 1743.

(pdftex.def)             Requested size: 56.9055pt x 30.58476pt.
[36 <./imageModelElementInputJS.png>]
Kapitel 9.
<imageModelElementLogicDo.png, id=1025, 281.05pt x 258.9675pt>
File: imageModelElementLogicDo.png Graphic file (type png)
<use imageModelElementLogicDo.png>
Package pdftex.def Info: imageModelElementLogicDo.png  used on input line 1776.

(pdftex.def)             Requested size: 56.9055pt x 52.43272pt.
<imageModelElementLogicElse.png, id=1027, 281.05pt x 258.9675pt>
File: imageModelElementLogicElse.png Graphic file (type png)
<use imageModelElementLogicElse.png>
Package pdftex.def Info: imageModelElementLogicElse.png  used on input line 179
4.
(pdftex.def)             Requested size: 56.9055pt x 52.43272pt.
<imageModelElementLogicElseIf.png, id=1031, 281.05pt x 258.9675pt>
File: imageModelElementLogicElseIf.png Graphic file (type png)
<use imageModelElementLogicElseIf.png>
Package pdftex.def Info: imageModelElementLogicElseIf.png  used on input line 1
816.
(pdftex.def)             Requested size: 56.9055pt x 52.43272pt.
[37


 <./imageModelElementLogicDo.png> <./imageModelElementLogicElse.png> <./imageMo
delElementLogicElseIf.png>]
<imageModelElementLogicEndIf.png, id=1047, 281.05pt x 258.9675pt>
File: imageModelElementLogicEndIf.png Graphic file (type png)
<use imageModelElementLogicEndIf.png>
Package pdftex.def Info: imageModelElementLogicEndIf.png  used on input line 18
43.
(pdftex.def)             Requested size: 56.9055pt x 52.43272pt.
<imageModelElementLogicEndWhile.png, id=1049, 281.05pt x 258.9675pt>
File: imageModelElementLogicEndWhile.png Graphic file (type png)
<use imageModelElementLogicEndWhile.png>
Package pdftex.def Info: imageModelElementLogicEndWhile.png  used on input line
 1861.
(pdftex.def)             Requested size: 56.9055pt x 52.43272pt.
<imageModelElementLogicIf.png, id=1051, 281.05pt x 258.9675pt>
File: imageModelElementLogicIf.png Graphic file (type png)
<use imageModelElementLogicIf.png>
Package pdftex.def Info: imageModelElementLogicIf.png  used on input line 1883.

(pdftex.def)             Requested size: 56.9055pt x 52.43272pt.
<imageModelElementLogicUntil.png, id=1055, 281.05pt x 258.9675pt>
File: imageModelElementLogicUntil.png Graphic file (type png)
<use imageModelElementLogicUntil.png>
Package pdftex.def Info: imageModelElementLogicUntil.png  used on input line 19
06.
(pdftex.def)             Requested size: 56.9055pt x 52.43272pt.
 [38 <./imageModelElementLogicEndIf.png> <./imageModelElementLogicEndWhile.png>
 <./imageModelElementLogicIf.png> <./imageModelElementLogicUntil.png>]
<imageModelElementLogicWhile.png, id=1069, 281.05pt x 258.9675pt>
File: imageModelElementLogicWhile.png Graphic file (type png)
<use imageModelElementLogicWhile.png>
Package pdftex.def Info: imageModelElementLogicWhile.png  used on input line 19
26.
(pdftex.def)             Requested size: 56.9055pt x 52.43272pt.
 [39 <./imageModelElementLogicWhile.png>] [40


]
Kapitel 10.
<imageModelElementAnalogAssign.png, id=1082, 481.8pt x 258.9675pt>
File: imageModelElementAnalogAssign.png Graphic file (type png)
<use imageModelElementAnalogAssign.png>
Package pdftex.def Info: imageModelElementAnalogAssign.png  used on input line 
1952.
(pdftex.def)             Requested size: 56.9055pt x 30.58476pt.
<imageModelElementAnalogValue.png, id=1085, 481.8pt x 258.9675pt>
File: imageModelElementAnalogValue.png Graphic file (type png)
<use imageModelElementAnalogValue.png>
Package pdftex.def Info: imageModelElementAnalogValue.png  used on input line 1
972.
(pdftex.def)             Requested size: 56.9055pt x 30.58476pt.
<imageModelElementTankFlowByClient.png, id=1087, 481.8pt x 258.9675pt>
File: imageModelElementTankFlowByClient.png Graphic file (type png)
<use imageModelElementTankFlowByClient.png>
Package pdftex.def Info: imageModelElementTankFlowByClient.png  used on input l
ine 1996.
(pdftex.def)             Requested size: 56.9055pt x 30.58476pt.
[41 <./imageModelElementAnalogAssign.png> <./imageModelElementAnalogValue.png> 
<./imageModelElementTankFlowByClient.png>]
<imageModelElementTankFlowBySignal.png, id=1098, 481.8pt x 258.9675pt>
File: imageModelElementTankFlowBySignal.png Graphic file (type png)
<use imageModelElementTankFlowBySignal.png>
Package pdftex.def Info: imageModelElementTankFlowBySignal.png  used on input l
ine 2022.
(pdftex.def)             Requested size: 56.9055pt x 30.58476pt.
<imageModelElementTankSensor.png, id=1100, 481.8pt x 258.9675pt>
File: imageModelElementTankSensor.png Graphic file (type png)
<use imageModelElementTankSensor.png>
Package pdftex.def Info: imageModelElementTankSensor.png  used on input line 20
49.
(pdftex.def)             Requested size: 56.9055pt x 30.58476pt.
<imageModelElementTank.png, id=1103, 481.8pt x 258.9675pt>
File: imageModelElementTank.png Graphic file (type png)
<use imageModelElementTank.png>
Package pdftex.def Info: imageModelElementTank.png  used on input line 2070.
(pdftex.def)             Requested size: 56.9055pt x 30.58476pt.
 [42 <./imageModelElementTankFlowBySignal.png> <./imageModelElementTankSensor.p
ng>]
<imageModelElementTankValveSetup.png, id=1116, 481.8pt x 258.9675pt>
File: imageModelElementTankValveSetup.png Graphic file (type png)
<use imageModelElementTankValveSetup.png>
Package pdftex.def Info: imageModelElementTankValveSetup.png  used on input lin
e 2106.
(pdftex.def)             Requested size: 56.9055pt x 30.58476pt.
 [43 <./imageModelElementTank.png> <./imageModelElementTankValveSetup.png>] [44


]
Kapitel 11.
<imageModelElementAnimationPointerMeasuring.png, id=1131, 481.8pt x 258.9675pt>

File: imageModelElementAnimationPointerMeasuring.png Graphic file (type png)
<use imageModelElementAnimationPointerMeasuring.png>
Package pdftex.def Info: imageModelElementAnimationPointerMeasuring.png  used o
n input line 2130.
(pdftex.def)             Requested size: 56.9055pt x 30.58476pt.
<imageModelElementAnimationImage.png, id=1132, 281.05pt x 258.9675pt>
File: imageModelElementAnimationImage.png Graphic file (type png)
<use imageModelElementAnimationImage.png>
Package pdftex.def Info: imageModelElementAnimationImage.png  used on input lin
e 2149.
(pdftex.def)             Requested size: 56.9055pt x 52.43272pt.
<imageModelElementAnimationRecord.png, id=1133, 381.425pt x 359.3425pt>
File: imageModelElementAnimationRecord.png Graphic file (type png)
<use imageModelElementAnimationRecord.png>
Package pdftex.def Info: imageModelElementAnimationRecord.png  used on input li
ne 2172.
(pdftex.def)             Requested size: 56.9055pt x 53.60843pt.
[45 <./imageModelElementAnimationPointerMeasuring.png> <./imageModelElementAnim
ationImage.png> <./imageModelElementAnimationRecord.png>]
<imageModelElementClientIcon.png, id=1144, 481.8pt x 258.9675pt>
File: imageModelElementClientIcon.png Graphic file (type png)
<use imageModelElementClientIcon.png>
Package pdftex.def Info: imageModelElementClientIcon.png  used on input line 21
96.
(pdftex.def)             Requested size: 56.9055pt x 30.58476pt.
<imageModelElementAnimationLCD.png, id=1145, 180.675pt x 258.9675pt>
File: imageModelElementAnimationLCD.png Graphic file (type png)
<use imageModelElementAnimationLCD.png>
Package pdftex.def Info: imageModelElementAnimationLCD.png  used on input line 
2213.
(pdftex.def)             Requested size: 56.9055pt x 81.56332pt.
<imageModelElementAnimationBar.png, id=1146, 281.05pt x 258.9675pt>
File: imageModelElementAnimationBar.png Graphic file (type png)
<use imageModelElementAnimationBar.png>
Package pdftex.def Info: imageModelElementAnimationBar.png  used on input line 
2234.
(pdftex.def)             Requested size: 56.9055pt x 52.43272pt.
<imageModelElementAnimationBarStack.png, id=1147, 281.05pt x 258.9675pt>
File: imageModelElementAnimationBarStack.png Graphic file (type png)
<use imageModelElementAnimationBarStack.png>
Package pdftex.def Info: imageModelElementAnimationBarStack.png  used on input 
line 2255.
(pdftex.def)             Requested size: 56.9055pt x 52.43272pt.
 [46 <./imageModelElementClientIcon.png> <./imageModelElementAnimationLCD.png> 
<./imageModelElementAnimationBar.png>]
<imageModelElementAnimationText.png, id=1159, 269.005pt x 178.6675pt>
File: imageModelElementAnimationText.png Graphic file (type png)
<use imageModelElementAnimationText.png>
Package pdftex.def Info: imageModelElementAnimationText.png  used on input line
 2278.
(pdftex.def)             Requested size: 56.9055pt x 37.7939pt.
<imageModelElementAnimationTrafficLights.png, id=1160, 281.05pt x 459.7175pt>
File: imageModelElementAnimationTrafficLights.png Graphic file (type png)
<use imageModelElementAnimationTrafficLights.png>
Package pdftex.def Info: imageModelElementAnimationTrafficLights.png  used on i
nput line 2301.
(pdftex.def)             Requested size: 56.9055pt x 93.07825pt.
<imageModelElementAnimationBarChart.png, id=1161, 381.425pt x 359.3425pt>
File: imageModelElementAnimationBarChart.png Graphic file (type png)
<use imageModelElementAnimationBarChart.png>
Package pdftex.def Info: imageModelElementAnimationBarChart.png  used on input 
line 2323.
(pdftex.def)             Requested size: 56.9055pt x 53.60843pt.
 [47 <./imageModelElementAnimationBarStack.png> <./imageModelElementAnimationTe
xt.png> <./imageModelElementAnimationTrafficLights.png>]
<imageModelElementAnimationDiagram.png, id=1172, 381.425pt x 359.3425pt>
File: imageModelElementAnimationDiagram.png Graphic file (type png)
<use imageModelElementAnimationDiagram.png>
Package pdftex.def Info: imageModelElementAnimationDiagram.png  used on input l
ine 2346.
(pdftex.def)             Requested size: 56.9055pt x 53.60843pt.
<imageModelElementAnimationPieChart.png, id=1173, 381.425pt x 359.3425pt>
File: imageModelElementAnimationPieChart.png Graphic file (type png)
<use imageModelElementAnimationPieChart.png>
Package pdftex.def Info: imageModelElementAnimationPieChart.png  used on input 
line 2369.
(pdftex.def)             Requested size: 56.9055pt x 53.60843pt.
<imageModelElementAnimationClock.png, id=1174, 281.05pt x 258.9675pt>
File: imageModelElementAnimationClock.png Graphic file (type png)
<use imageModelElementAnimationClock.png>
Package pdftex.def Info: imageModelElementAnimationClock.png  used on input lin
e 2389.
(pdftex.def)             Requested size: 56.9055pt x 52.43272pt.

[48 <./imageModelElementAnimationBarChart.png> <./imageModelElementAnimationDia
gram.png> <./imageModelElementAnimationPieChart.png> <./imageModelElementAnimat
ionClock.png>]
<imageModelElementAnimationTextJS.png, id=1186, 313.17pt x 178.6675pt>
File: imageModelElementAnimationTextJS.png Graphic file (type png)
<use imageModelElementAnimationTextJS.png>
Package pdftex.def Info: imageModelElementAnimationTextJS.png  used on input li
ne 2408.
(pdftex.def)             Requested size: 56.9055pt x 32.4641pt.
<imageModelElementAnimationTextSelect.png, id=1187, 289.08pt x 178.6675pt>
File: imageModelElementAnimationTextSelect.png Graphic file (type png)
<use imageModelElementAnimationTextSelect.png>
Package pdftex.def Info: imageModelElementAnimationTextSelect.png  used on inpu
t line 2427.
(pdftex.def)             Requested size: 56.9055pt x 35.16852pt.
 [49 <./imageModelElementAnimationTextJS.png> <./imageModelElementAnimationText
Select.png>] [50


]
Kapitel 12.
<imageModelElementInteractiveCheckbox.png, id=1202, 409.53pt x 130.4875pt>
File: imageModelElementInteractiveCheckbox.png Graphic file (type png)
<use imageModelElementInteractiveCheckbox.png>
Package pdftex.def Info: imageModelElementInteractiveCheckbox.png  used on inpu
t line 2455.
(pdftex.def)             Requested size: 56.9055pt x 18.13074pt.
<imageModelElementInteractiveRadiobutton.png, id=1203, 329.23pt x 130.4875pt>
File: imageModelElementInteractiveRadiobutton.png Graphic file (type png)
<use imageModelElementInteractiveRadiobutton.png>
Package pdftex.def Info: imageModelElementInteractiveRadiobutton.png  used on i
nput line 2476.
(pdftex.def)             Requested size: 56.9055pt x 22.55292pt.
<imageModelElementInteractiveButton.png, id=1204, 481.8pt x 258.9675pt>
File: imageModelElementInteractiveButton.png Graphic file (type png)
<use imageModelElementInteractiveButton.png>
Package pdftex.def Info: imageModelElementInteractiveButton.png  used on input 
line 2496.
(pdftex.def)             Requested size: 56.9055pt x 30.58476pt.
[51 <./imageModelElementInteractiveCheckbox.png> <./imageModelElementInteractiv
eRadiobutton.png> <./imageModelElementInteractiveButton.png>]
<imageModelElementInteractiveSlider.png, id=1216, 682.55pt x 258.9675pt>
File: imageModelElementInteractiveSlider.png Graphic file (type png)
<use imageModelElementInteractiveSlider.png>
Package pdftex.def Info: imageModelElementInteractiveSlider.png  used on input 
line 2526.
(pdftex.def)             Requested size: 56.9055pt x 21.58714pt.
 [52 <./imageModelElementInteractiveSlider.png>]
Kapitel 13.
<imageModelElementText.png, id=1224, 542.025pt x 130.4875pt>
File: imageModelElementText.png Graphic file (type png)
<use imageModelElementText.png>
Package pdftex.def Info: imageModelElementText.png  used on input line 2551.
(pdftex.def)             Requested size: 56.9055pt x 13.6986pt.
<imageModelElementImage.png, id=1225, 281.05pt x 258.9675pt>
File: imageModelElementImage.png Graphic file (type png)
<use imageModelElementImage.png>
Package pdftex.def Info: imageModelElementImage.png  used on input line 2568.
(pdftex.def)             Requested size: 56.9055pt x 52.43272pt.
<imageModelElementEllipse.png, id=1226, 281.05pt x 258.9675pt>
File: imageModelElementEllipse.png Graphic file (type png)
<use imageModelElementEllipse.png>
Package pdftex.def Info: imageModelElementEllipse.png  used on input line 2588.

(pdftex.def)             Requested size: 56.9055pt x 52.43272pt.
<imageModelElementLine.png, id=1229, 281.05pt x 258.9675pt>
File: imageModelElementLine.png Graphic file (type png)
<use imageModelElementLine.png>
Package pdftex.def Info: imageModelElementLine.png  used on input line 2605.
(pdftex.def)             Requested size: 56.9055pt x 52.43272pt.
[53


 <./imageModelElementText.png> <./imageModelElementImage.png> <./imageModelElem
entEllipse.png>]
<imageModelElementRectangle.png, id=1243, 281.05pt x 258.9675pt>
File: imageModelElementRectangle.png Graphic file (type png)
<use imageModelElementRectangle.png>
Package pdftex.def Info: imageModelElementRectangle.png  used on input line 262
3.
(pdftex.def)             Requested size: 56.9055pt x 52.43272pt.
<imageModelElementVertex.png, id=1246, 120.45pt x 98.3675pt>
File: imageModelElementVertex.png Graphic file (type png)
<use imageModelElementVertex.png>
Package pdftex.def Info: imageModelElementVertex.png  used on input line 2640.
(pdftex.def)             Requested size: 56.9055pt x 46.47287pt.
 [54 <./imageModelElementLine.png> <./imageModelElementRectangle.png> <./imageM
odelElementVertex.png>]
Kapitel 14.
<imageModelElementAction.png, id=1257, 481.8pt x 258.9675pt>
File: imageModelElementAction.png Graphic file (type png)
<use imageModelElementAction.png>
Package pdftex.def Info: imageModelElementAction.png  used on input line 2664.
(pdftex.def)             Requested size: 56.9055pt x 30.58476pt.
<imageModelElementReference.png, id=1260, 481.8pt x 258.9675pt>
File: imageModelElementReference.png Graphic file (type png)
<use imageModelElementReference.png>
Package pdftex.def Info: imageModelElementReference.png  used on input line 269
4.
(pdftex.def)             Requested size: 56.9055pt x 30.58476pt.
<imageModelElementUserStatistic.png, id=1261, 481.8pt x 258.9675pt>
File: imageModelElementUserStatistic.png Graphic file (type png)
<use imageModelElementUserStatistic.png>
Package pdftex.def Info: imageModelElementUserStatistic.png  used on input line
 2713.
(pdftex.def)             Requested size: 56.9055pt x 30.58476pt.
[55


 <./imageModelElementAction.png> <./imageModelElementReference.png>]
<imageModelElementSub.png, id=1271, 481.8pt x 258.9675pt>
File: imageModelElementSub.png Graphic file (type png)
<use imageModelElementSub.png>
Package pdftex.def Info: imageModelElementSub.png  used on input line 2733.
(pdftex.def)             Requested size: 56.9055pt x 30.58476pt.
)
\tf@thm=\write6
\openout6 = `Warteschlangensimulator-Reference-de.thm'.

Package atveryend Info: Empty hook `BeforeClearDocument' on input line 46.
Package atenddvi Info: Last page = 62.

[56 <./imageModelElementUserStatistic.png> <./imageModelElementSub.png>]
Package atveryend Info: Executing hook `AfterLastShipout' on input line 46.

(Warteschlangensimulator-Reference-de.aux)
Package atveryend Info: Executing hook `AtVeryEndDocument' on input line 46.
Package atveryend Info: Executing hook `AtEndAfterFileList' on input line 46.
Package rerunfilecheck Info: File `Warteschlangensimulator-Reference-de.out' ha
s not changed.
(rerunfilecheck)             Checksum: A671563FC5E475DC207487A6406CBB2A;7460.
Package atveryend Info: Empty hook `AtVeryVeryEnd' on input line 46.
 ) 
Here is how much of TeX's memory you used:
 13028 strings out of 491273
 206515 string characters out of 3112170
 334362 words of memory out of 3000000
 17806 multiletter control sequences out of 15000+200000
 61443 words of font info for 48 fonts, out of 3000000 for 9000
 1141 hyphenation exceptions out of 8191
 49i,7n,39p,347b,577s stack positions out of 5000i,500n,10000p,200000b,50000s
{C:/Program Files/MiKTeX 2.9/fonts/enc/dvips/lm/lm-rm.enc}{C:/Program Files/M
iKTeX 2.9/fonts/enc/dvips/lm/lm-ts1.enc}{C:/Program Files/MiKTeX 2.9/fonts/enc/
dvips/lm/lm-ec.enc}<C:/Program Files/MiKTeX 2.9/fonts/type1/public/lm/lmbx10.pf
b><C:/Program Files/MiKTeX 2.9/fonts/type1/public/lm/lmbx12.pfb><C:/Program Fil
es/MiKTeX 2.9/fonts/type1/public/lm/lmcsc10.pfb><C:/Program Files/MiKTeX 2.9/fo
nts/type1/public/lm/lmr10.pfb><C:/Program Files/MiKTeX 2.9/fonts/type1/public/l
m/lmr12.pfb><C:/Program Files/MiKTeX 2.9/fonts/type1/public/lm/lmr7.pfb><C:/Pro
gram Files/MiKTeX 2.9/fonts/type1/public/lm/lmr9.pfb><C:/Program Files/MiKTeX 2
.9/fonts/type1/public/lm/lmssbx10.pfb><C:/Program Files/MiKTeX 2.9/fonts/type1/
public/lm/lmtt10.pfb>
Output written on Warteschlangensimulator-Reference-de.pdf (62 pages, 1800431 b
ytes).
PDF statistics:
 1383 PDF objects out of 1440 (max. 8388607)
 316 named destinations out of 1000 (max. 500000)
 1443 words of extra memory for PDF output out of 10000 (max. 10000000)

